<?xml version="1.0" encoding="UTF-8" ?>
<testsuite tests="51" failures="0" name="step_definitions.RunCukesTest" time="654.211" errors="17" skipped="0">
  <properties>
    <property name="idea.version" value="2022.3.1"/>
    <property name="java.runtime.name" value="Java(TM) SE Runtime Environment"/>
    <property name="java.vm.version" value="15.0.2+7-27"/>
    <property name="sun.boot.library.path" value="C:\Program Files\Java\jdk-15.0.2\bin"/>
    <property name="maven.multiModuleProjectDirectory" value="D:\Alterra\Automation\Maven\ImmersiveAlta"/>
    <property name="java.vm.vendor" value="Oracle Corporation"/>
    <property name="java.vendor.url" value="https://java.oracle.com/"/>
    <property name="guice.disable.misplaced.annotation.check" value="true"/>
    <property name="path.separator" value=";"/>
    <property name="java.vm.name" value="Java HotSpot(TM) 64-Bit Server VM"/>
    <property name="sun.os.patch.level" value=""/>
    <property name="user.script" value=""/>
    <property name="user.country" value="ID"/>
    <property name="sun.java.launcher" value="SUN_STANDARD"/>
    <property name="java.vm.specification.name" value="Java Virtual Machine Specification"/>
    <property name="user.dir" value="D:\Alterra\Automation\Maven\ImmersiveAlta"/>
    <property name="java.vm.compressedOopsMode" value="Zero based"/>
    <property name="java.runtime.version" value="15.0.2+7-27"/>
    <property name="os.arch" value="amd64"/>
    <property name="java.io.tmpdir" value="C:\Users\mafaa\AppData\Local\Temp\"/>
    <property name="line.separator" value="
"/>
    <property name="java.vm.specification.vendor" value="Oracle Corporation"/>
    <property name="user.variant" value=""/>
    <property name="os.name" value="Windows 10"/>
    <property name="maven.ext.class.path" value="C:\Program Files\JetBrains\IntelliJ IDEA Community Edition 2022.3.1\plugins\maven\lib\maven-event-listener.jar"/>
    <property name="classworlds.conf" value="C:\Program Files\JetBrains\IntelliJ IDEA Community Edition 2022.3.1\plugins\maven\lib\maven3\bin\m2.conf"/>
    <property name="sun.jnu.encoding" value="Cp1252"/>
    <property name="java.library.path" value="C:\Program Files\Java\jdk-15.0.2\bin;C:\Windows\Sun\Java\bin;C:\Windows\system32;C:\Windows;C:\Python311\Scripts\;C:\Python311\;C:\Program Files\Common Files\Oracle\Java\javapath;C:\Program Files (x86)\Common Files\Oracle\Java\javapath;C:\Windows\system32;C:\Windows;C:\Windows\System32\Wbem;C:\Windows\System32\WindowsPowerShell\v1.0\;C:\Windows\System32\OpenSSH\;C:\Program Files (x86)\NVIDIA Corporation\PhysX\Common;C:\Program Files\NVIDIA Corporation\NVIDIA NvDLISR;C:\Program Files\dotnet\;C:\Program Files\apache-maven-3.8.7\bin;C:\Program Files\Java\jdk1.8.0_351\bin;C:\Program Files\nodejs\;C:\ProgramData\chocolatey\bin;C:\Program Files\Git\cmd;C:\Users\mafaa\AppData\Local\Microsoft\WindowsApps;;C:\Program Files\JetBrains\IntelliJ IDEA Community Edition 2022.3.1\bin;;C:\Users\mafaa\AppData\Local\Programs\Microsoft VS Code\bin;C:\Users\mafaa\AppData\Local\Programs\oh-my-posh\bin;C:\Users\mafaa\AppData\Roaming\npm;."/>
    <property name="jansi.passthrough" value="true"/>
    <property name="maven.conf" value="C:\Program Files\JetBrains\IntelliJ IDEA Community Edition 2022.3.1\plugins\maven\lib\maven3/conf"/>
    <property name="jdk.debug" value="release"/>
    <property name="java.class.version" value="59.0"/>
    <property name="java.specification.name" value="Java Platform API Specification"/>
    <property name="sun.management.compiler" value="HotSpot 64-Bit Tiered Compilers"/>
    <property name="os.version" value="10.0"/>
    <property name="user.home" value="C:\Users\mafaa"/>
    <property name="user.timezone" value="Asia/Jakarta"/>
    <property name="file.encoding" value="UTF-8"/>
    <property name="java.specification.version" value="15"/>
    <property name="user.name" value="mafaa"/>
    <property name="java.class.path" value="C:\Program Files\JetBrains\IntelliJ IDEA Community Edition 2022.3.1\plugins\maven\lib\maven3\boot\plexus-classworlds-2.6.0.jar;C:\Program Files\JetBrains\IntelliJ IDEA Community Edition 2022.3.1\plugins\maven\lib\maven3\boot\plexus-classworlds.license"/>
    <property name="java.vm.specification.version" value="15"/>
    <property name="sun.arch.data.model" value="64"/>
    <property name="sun.java.command" value="org.codehaus.classworlds.Launcher -Didea.version=2022.3.1 test"/>
    <property name="java.home" value="C:\Program Files\Java\jdk-15.0.2"/>
    <property name="user.language" value="en"/>
    <property name="java.specification.vendor" value="Oracle Corporation"/>
    <property name="java.vm.info" value="mixed mode, sharing"/>
    <property name="java.version" value="15.0.2"/>
    <property name="java.vendor" value="Oracle Corporation"/>
    <property name="maven.home" value="C:\Program Files\JetBrains\IntelliJ IDEA Community Edition 2022.3.1\plugins\maven\lib\maven3"/>
    <property name="file.separator" value="\"/>
    <property name="java.version.date" value="2021-01-19"/>
    <property name="java.vendor.url.bug" value="https://bugreport.java.com/bugreport/"/>
    <property name="sun.io.unicode.encoding" value="UnicodeLittle"/>
    <property name="sun.cpu.endian" value="little"/>
    <property name="sun.cpu.isalist" value="amd64"/>
  </properties>
  <testcase classname="Login and logout" name="Normal login" time="8.968"/>
  <testcase classname="Login and logout" name="Invalid login #1" time="8.709"/>
  <testcase classname="Login and logout" name="Invalid login #2" time="8.316"/>
  <testcase classname="Login and logout" name="Invalid login #3" time="7.871"/>
  <testcase classname="Login and logout" name="Invalid login #4" time="7.966"/>
  <testcase classname="Login and logout" name="Log out" time="8.155"/>
  <testcase classname="[Negative Case] Create User as Admin" name="Admin Create User with Invalid Parameter #1" time="20.476"/>
  <testcase classname="[Negative Case] Create User as Admin" name="Admin Create User with Invalid Parameter #2" time="20.862"/>
  <testcase classname="[Negative Case] Create User as Admin" name="Admin Create User with Invalid Parameter #3" time="20.561"/>
  <testcase classname="[Negative Case] Create User as Admin" name="Admin Create User with Exiting Parameter" time="20.399"/>
  <testcase classname="[Negative Case] Create User as Admin" name="Admin Create User with Blank Parameter" time="11.095">
    <error message="Step [Admin input {string} as Nama and {} as Blank Email and {string} as Password] is defined with 2 parameters at &apos;step_definitions.UserStepDef.AdminStepDef.adminInputDataProfileWithBlankParam(java.lang.String,java.lang.String)&apos;.
However, the gherkin step has 3 arguments:
 * &quot;Baru Lagi&quot;
 * blank
 * &quot;baru&quot;
Step text: Admin input &quot;Baru Lagi&quot; as Nama and blank as Blank Email and &quot;baru&quot; as Password" type="io.cucumber.core.exception.CucumberException">io.cucumber.core.exception.CucumberException: Step [Admin input {string} as Nama and {} as Blank Email and {string} as Password] is defined with 2 parameters at &apos;step_definitions.UserStepDef.AdminStepDef.adminInputDataProfileWithBlankParam(java.lang.String,java.lang.String)&apos;.
However, the gherkin step has 3 arguments:
 * &quot;Baru Lagi&quot;
 * blank
 * &quot;baru&quot;
Step text: Admin input &quot;Baru Lagi&quot; as Nama and blank as Blank Email and &quot;baru&quot; as Password
	at io.cucumber.core.runner.PickleStepDefinitionMatch.arityMismatch(PickleStepDefinitionMatch.java:83)
	at io.cucumber.core.runner.PickleStepDefinitionMatch.runStep(PickleStepDefinitionMatch.java:42)
	at io.cucumber.core.runner.ExecutionMode$1.execute(ExecutionMode.java:10)
	at io.cucumber.core.runner.TestStep.executeStep(TestStep.java:84)
	at io.cucumber.core.runner.TestStep.run(TestStep.java:56)
	at io.cucumber.core.runner.PickleStepTestStep.run(PickleStepTestStep.java:51)
	at io.cucumber.core.runner.TestCase.run(TestCase.java:84)
	at io.cucumber.core.runner.Runner.runPickle(Runner.java:75)
	at io.cucumber.junit.PickleRunners$NoStepDescriptions.lambda$run$0(PickleRunners.java:151)
	at io.cucumber.core.runtime.CucumberExecutionContext.lambda$runTestCase$5(CucumberExecutionContext.java:130)
	at io.cucumber.core.runtime.RethrowingThrowableCollector.executeAndThrow(RethrowingThrowableCollector.java:23)
	at io.cucumber.core.runtime.CucumberExecutionContext.runTestCase(CucumberExecutionContext.java:130)
	at io.cucumber.junit.PickleRunners$NoStepDescriptions.run(PickleRunners.java:148)
	at io.cucumber.junit.FeatureRunner.runChild(FeatureRunner.java:144)
	at io.cucumber.junit.FeatureRunner.runChild(FeatureRunner.java:28)
	at org.junit.runners.ParentRunner$4.run(ParentRunner.java:331)
	at org.junit.runners.ParentRunner$1.schedule(ParentRunner.java:79)
	at org.junit.runners.ParentRunner.runChildren(ParentRunner.java:329)
	at org.junit.runners.ParentRunner.access$100(ParentRunner.java:66)
	at org.junit.runners.ParentRunner$2.evaluate(ParentRunner.java:293)
	at org.junit.runners.ParentRunner$3.evaluate(ParentRunner.java:306)
	at org.junit.runners.ParentRunner.run(ParentRunner.java:413)
	at io.cucumber.junit.FeatureRunner.run(FeatureRunner.java:137)
	at io.cucumber.junit.Cucumber.runChild(Cucumber.java:196)
	at io.cucumber.junit.Cucumber.runChild(Cucumber.java:89)
	at org.junit.runners.ParentRunner$4.run(ParentRunner.java:331)
	at org.junit.runners.ParentRunner$1.schedule(ParentRunner.java:79)
	at org.junit.runners.ParentRunner.runChildren(ParentRunner.java:329)
	at org.junit.runners.ParentRunner.access$100(ParentRunner.java:66)
	at org.junit.runners.ParentRunner$2.evaluate(ParentRunner.java:293)
	at io.cucumber.junit.Cucumber$RunBeforeAllHooks.evaluate(Cucumber.java:266)
	at io.cucumber.junit.Cucumber$RunAfterAllHooks.evaluate(Cucumber.java:281)
	at io.cucumber.junit.Cucumber$StartTestRun.evaluate(Cucumber.java:233)
	at io.cucumber.junit.Cucumber$FinishTestRun.evaluate(Cucumber.java:248)
	at org.junit.runners.ParentRunner$3.evaluate(ParentRunner.java:306)
	at org.junit.runners.ParentRunner.run(ParentRunner.java:413)
	at org.apache.maven.surefire.junit4.JUnit4Provider.execute(JUnit4Provider.java:252)
	at org.apache.maven.surefire.junit4.JUnit4Provider.executeTestSet(JUnit4Provider.java:141)
	at org.apache.maven.surefire.junit4.JUnit4Provider.invoke(JUnit4Provider.java:112)
	at java.base/jdk.internal.reflect.NativeMethodAccessorImpl.invoke0(Native Method)
	at java.base/jdk.internal.reflect.NativeMethodAccessorImpl.invoke(NativeMethodAccessorImpl.java:64)
	at java.base/jdk.internal.reflect.DelegatingMethodAccessorImpl.invoke(DelegatingMethodAccessorImpl.java:43)
	at java.base/java.lang.reflect.Method.invoke(Method.java:564)
	at org.apache.maven.surefire.util.ReflectionUtils.invokeMethodWithArray(ReflectionUtils.java:189)
	at org.apache.maven.surefire.booter.ProviderFactory$ProviderProxy.invoke(ProviderFactory.java:165)
	at org.apache.maven.surefire.booter.ProviderFactory.invokeProvider(ProviderFactory.java:85)
	at org.apache.maven.surefire.booter.ForkedBooter.runSuitesInProcess(ForkedBooter.java:115)
	at org.apache.maven.surefire.booter.ForkedBooter.main(ForkedBooter.java:75)
</error>
    <system-out>
@CreateUserNegativeAsAdmin @Automate @UserFeature
Scenario: Admin Create User with Blank Parameter                                       &amp;#27;[90m# features//UserFeature/AdminCreateUserNegativeCase.feature:36&amp;#27;[0m
  &amp;#27;[32mGiven &amp;#27;[0m&amp;#27;[32mUser already in landing page&amp;#27;[0m                                                   &amp;#27;[90m# step_definitions.LogInOutSteps.userAlreadyInLandingPage()&amp;#27;[0m
  &amp;#27;[32mWhen &amp;#27;[0m&amp;#27;[32mUser input &amp;#27;[0m&amp;#27;[32m&amp;#27;[1m&quot;admin@alta.com&quot;&amp;#27;[0m&amp;#27;[32m as email and &amp;#27;[0m&amp;#27;[32m&amp;#27;[1m&quot;admin&quot;&amp;#27;[0m&amp;#27;[32m as password&amp;#27;[0m                    &amp;#27;[90m# step_definitions.LogInOutSteps.userInputAsEmailAndAsPassword(java.lang.String,java.lang.String)&amp;#27;[0m
  &amp;#27;[32mThen &amp;#27;[0m&amp;#27;[32mUser already in dashboard page&amp;#27;[0m                                                  &amp;#27;[90m# step_definitions.LogInOutSteps.userAlreadyInDashboardPage()&amp;#27;[0m
  &amp;#27;[32mThen &amp;#27;[0m&amp;#27;[32mAdmin clicked button user page&amp;#27;[0m                                                  &amp;#27;[90m# step_definitions.UserStepDef.AdminStepDef.adminClickedButtonUserPage()&amp;#27;[0m
  &amp;#27;[32mAnd &amp;#27;[0m&amp;#27;[32mAdmin already in user page&amp;#27;[0m                                                       &amp;#27;[90m# step_definitions.UserStepDef.AdminStepDef.adminAlreadyInUserPage()&amp;#27;[0m
  &amp;#27;[32mThen &amp;#27;[0m&amp;#27;[32mAdmin click button add new user&amp;#27;[0m                                                 &amp;#27;[90m# step_definitions.UserStepDef.AdminStepDef.adminClickButtonAddUser()&amp;#27;[0m
  &amp;#27;[32mAnd &amp;#27;[0m&amp;#27;[32mShow Pop up Form New User&amp;#27;[0m                                                        &amp;#27;[90m# step_definitions.UserStepDef.AdminStepDef.showPopUpFormAddUser()&amp;#27;[0m
  &amp;#27;[31mThen &amp;#27;[0m&amp;#27;[31mAdmin input &amp;#27;[0m&amp;#27;[31m&amp;#27;[1m&quot;Baru Lagi&quot;&amp;#27;[0m&amp;#27;[31m as Nama and &amp;#27;[0m&amp;#27;[31m&amp;#27;[1mblank&amp;#27;[0m&amp;#27;[31m as Blank Email and &amp;#27;[0m&amp;#27;[31m&amp;#27;[1m&quot;baru&quot;&amp;#27;[0m&amp;#27;[31m as Password&amp;#27;[0m &amp;#27;[90m# step_definitions.UserStepDef.AdminStepDef.adminInputDataProfileWithBlankParam(java.lang.String,java.lang.String)&amp;#27;[0m
      &amp;#27;[31mio.cucumber.core.exception.CucumberException: Step [Admin input {string} as Nama and {} as Blank Email and {string} as Password] is defined with 2 parameters at &apos;step_definitions.UserStepDef.AdminStepDef.adminInputDataProfileWithBlankParam(java.lang.String,java.lang.String)&apos;.
However, the gherkin step has 3 arguments:
 * &quot;Baru Lagi&quot;
 * blank
 * &quot;baru&quot;
Step text: Admin input &quot;Baru Lagi&quot; as Nama and blank as Blank Email and &quot;baru&quot; as Password
	at io.cucumber.core.runner.PickleStepDefinitionMatch.arityMismatch(PickleStepDefinitionMatch.java:83)
	at io.cucumber.core.runner.PickleStepDefinitionMatch.runStep(PickleStepDefinitionMatch.java:42)
	at io.cucumber.core.runner.ExecutionMode$1.execute(ExecutionMode.java:10)
	at io.cucumber.core.runner.TestStep.executeStep(TestStep.java:84)
	at io.cucumber.core.runner.TestStep.run(TestStep.java:56)
	at io.cucumber.core.runner.PickleStepTestStep.run(PickleStepTestStep.java:51)
	at io.cucumber.core.runner.TestCase.run(TestCase.java:84)
	at io.cucumber.core.runner.Runner.runPickle(Runner.java:75)
	at io.cucumber.junit.PickleRunners$NoStepDescriptions.lambda$run$0(PickleRunners.java:151)
	at io.cucumber.core.runtime.CucumberExecutionContext.lambda$runTestCase$5(CucumberExecutionContext.java:130)
	at io.cucumber.core.runtime.RethrowingThrowableCollector.executeAndThrow(RethrowingThrowableCollector.java:23)
	at io.cucumber.core.runtime.CucumberExecutionContext.runTestCase(CucumberExecutionContext.java:130)
	at io.cucumber.junit.PickleRunners$NoStepDescriptions.run(PickleRunners.java:148)
	at io.cucumber.junit.FeatureRunner.runChild(FeatureRunner.java:144)
	at io.cucumber.junit.FeatureRunner.runChild(FeatureRunner.java:28)
	at org.junit.runners.ParentRunner$4.run(ParentRunner.java:331)
	at org.junit.runners.ParentRunner$1.schedule(ParentRunner.java:79)
	at org.junit.runners.ParentRunner.runChildren(ParentRunner.java:329)
	at org.junit.runners.ParentRunner.access$100(ParentRunner.java:66)
	at org.junit.runners.ParentRunner$2.evaluate(ParentRunner.java:293)
	at org.junit.runners.ParentRunner$3.evaluate(ParentRunner.java:306)
	at org.junit.runners.ParentRunner.run(ParentRunner.java:413)
	at io.cucumber.junit.FeatureRunner.run(FeatureRunner.java:137)
	at io.cucumber.junit.Cucumber.runChild(Cucumber.java:196)
	at io.cucumber.junit.Cucumber.runChild(Cucumber.java:89)
	at org.junit.runners.ParentRunner$4.run(ParentRunner.java:331)
	at org.junit.runners.ParentRunner$1.schedule(ParentRunner.java:79)
	at org.junit.runners.ParentRunner.runChildren(ParentRunner.java:329)
	at org.junit.runners.ParentRunner.access$100(ParentRunner.java:66)
	at org.junit.runners.ParentRunner$2.evaluate(ParentRunner.java:293)
	at io.cucumber.junit.Cucumber$RunBeforeAllHooks.evaluate(Cucumber.java:266)
	at io.cucumber.junit.Cucumber$RunAfterAllHooks.evaluate(Cucumber.java:281)
	at io.cucumber.junit.Cucumber$StartTestRun.evaluate(Cucumber.java:233)
	at io.cucumber.junit.Cucumber$FinishTestRun.evaluate(Cucumber.java:248)
	at org.junit.runners.ParentRunner$3.evaluate(ParentRunner.java:306)
	at org.junit.runners.ParentRunner.run(ParentRunner.java:413)
	at org.apache.maven.surefire.junit4.JUnit4Provider.execute(JUnit4Provider.java:252)
	at org.apache.maven.surefire.junit4.JUnit4Provider.executeTestSet(JUnit4Provider.java:141)
	at org.apache.maven.surefire.junit4.JUnit4Provider.invoke(JUnit4Provider.java:112)
	at java.base/jdk.internal.reflect.NativeMethodAccessorImpl.invoke0(Native Method)
	at java.base/jdk.internal.reflect.NativeMethodAccessorImpl.invoke(NativeMethodAccessorImpl.java:64)
	at java.base/jdk.internal.reflect.DelegatingMethodAccessorImpl.invoke(DelegatingMethodAccessorImpl.java:43)
	at java.base/java.lang.reflect.Method.invoke(Method.java:564)
	at org.apache.maven.surefire.util.ReflectionUtils.invokeMethodWithArray(ReflectionUtils.java:189)
	at org.apache.maven.surefire.booter.ProviderFactory$ProviderProxy.invoke(ProviderFactory.java:165)
	at org.apache.maven.surefire.booter.ProviderFactory.invokeProvider(ProviderFactory.java:85)
	at org.apache.maven.surefire.booter.ForkedBooter.runSuitesInProcess(ForkedBooter.java:115)
	at org.apache.maven.surefire.booter.ForkedBooter.main(ForkedBooter.java:75)
&amp;#27;[0m
  &amp;#27;[36mAnd &amp;#27;[0m&amp;#27;[36mChoose team &amp;#27;[0m&amp;#27;[36m&amp;#27;[1m&quot;Placement&quot;&amp;#27;[0m                                                          &amp;#27;[90m# step_definitions.UserStepDef.AdminStepDef.setTeam(java.lang.String)&amp;#27;[0m
  &amp;#27;[36mAnd &amp;#27;[0m&amp;#27;[36mChoose status &amp;#27;[0m&amp;#27;[36m&amp;#27;[1m&quot;Not-Active&quot;&amp;#27;[0m                                                       &amp;#27;[90m# step_definitions.UserStepDef.AdminStepDef.setStatus(java.lang.String)&amp;#27;[0m
  &amp;#27;[36mThen &amp;#27;[0m&amp;#27;[36mClick button Save&amp;#27;[0m                                                               &amp;#27;[90m# step_definitions.UserStepDef.AdminStepDef.clickBtnSaveAddUser()&amp;#27;[0m
</system-out>
    <system-err>Starting ChromeDriver 111.0.5563.64 (c710e93d5b63b7095afe8c2c17df34408078439d-refs/branch-heads/5563@{#995}) on port 5129
Only local connections are allowed.
Please see https://chromedriver.chromium.org/security-considerations for suggestions on keeping ChromeDriver safe.
ChromeDriver was started successfully.
Mar 21, 2023 11:27:24 AM org.openqa.selenium.devtools.CdpVersionFinder findNearestMatch
WARNING: Unable to find an exact match for CDP version 111, so returning the closest version found: 109
</system-err>
  </testcase>
  <testcase classname="[Positive Case] Create User as Admin" name="Admin Create User with Valid Parameter" time="21.363"/>
  <testcase classname="[Positive Case] Delete User as Admin" name="Admin Delete User" time="8.159">
    <error message="invalid selector: Unable to locate an element with the xpath expression //tbody[1]/tr[6]/td[@class=&apos;flex gap-6&apos;]//span[1]) because of the following error:
SyntaxError: Failed to execute &apos;evaluate&apos; on &apos;Document&apos;: The string &apos;//tbody[1]/tr[6]/td[@class=&apos;flex gap-6&apos;]//span[1])&apos; is not a valid XPath expression.
  (Session info: chrome=111.0.5563.65)
For documentation on this error, please visit: https://selenium.dev/exceptions/#invalid_selector_exception
Build info: version: &apos;4.8.0&apos;, revision: &apos;267030adea&apos;
System info: os.name: &apos;Windows 10&apos;, os.arch: &apos;amd64&apos;, os.version: &apos;10.0&apos;, java.version: &apos;15.0.2&apos;
Driver info: org.openqa.selenium.chrome.ChromeDriver
Command: [60231f0feea7b56177ab5b8ae285da26, findElement {using=xpath, value=//tbody[1]/tr[6]/td[@class=&apos;flex gap-6&apos;]//span[1])}]
Capabilities {acceptInsecureCerts: false, browserName: chrome, browserVersion: 111.0.5563.65, chrome: {chromedriverVersion: 111.0.5563.64 (c710e93d5b63..., userDataDir: C:\Users\mafaa\AppData\Loca...}, goog:chromeOptions: {debuggerAddress: localhost:12971}, networkConnectionEnabled: false, pageLoadStrategy: normal, platformName: WINDOWS, proxy: Proxy(), se:cdp: ws://localhost:12971/devtoo..., se:cdpVersion: 111.0.5563.65, setWindowRect: true, strictFileInteractability: false, timeouts: {implicit: 0, pageLoad: 300000, script: 30000}, unhandledPromptBehavior: dismiss and notify, webauthn:extension:credBlob: true, webauthn:extension:largeBlob: true, webauthn:extension:minPinLength: true, webauthn:extension:prf: true, webauthn:virtualAuthenticators: true}
Session ID: 60231f0feea7b56177ab5b8ae285da26" type="org.openqa.selenium.InvalidSelectorException">org.openqa.selenium.InvalidSelectorException: invalid selector: Unable to locate an element with the xpath expression //tbody[1]/tr[6]/td[@class=&apos;flex gap-6&apos;]//span[1]) because of the following error:
SyntaxError: Failed to execute &apos;evaluate&apos; on &apos;Document&apos;: The string &apos;//tbody[1]/tr[6]/td[@class=&apos;flex gap-6&apos;]//span[1])&apos; is not a valid XPath expression.
  (Session info: chrome=111.0.5563.65)
For documentation on this error, please visit: https://selenium.dev/exceptions/#invalid_selector_exception
Build info: version: &apos;4.8.0&apos;, revision: &apos;267030adea&apos;
System info: os.name: &apos;Windows 10&apos;, os.arch: &apos;amd64&apos;, os.version: &apos;10.0&apos;, java.version: &apos;15.0.2&apos;
Driver info: org.openqa.selenium.chrome.ChromeDriver
Command: [60231f0feea7b56177ab5b8ae285da26, findElement {using=xpath, value=//tbody[1]/tr[6]/td[@class=&apos;flex gap-6&apos;]//span[1])}]
Capabilities {acceptInsecureCerts: false, browserName: chrome, browserVersion: 111.0.5563.65, chrome: {chromedriverVersion: 111.0.5563.64 (c710e93d5b63..., userDataDir: C:\Users\mafaa\AppData\Loca...}, goog:chromeOptions: {debuggerAddress: localhost:12971}, networkConnectionEnabled: false, pageLoadStrategy: normal, platformName: WINDOWS, proxy: Proxy(), se:cdp: ws://localhost:12971/devtoo..., se:cdpVersion: 111.0.5563.65, setWindowRect: true, strictFileInteractability: false, timeouts: {implicit: 0, pageLoad: 300000, script: 30000}, unhandledPromptBehavior: dismiss and notify, webauthn:extension:credBlob: true, webauthn:extension:largeBlob: true, webauthn:extension:minPinLength: true, webauthn:extension:prf: true, webauthn:virtualAuthenticators: true}
Session ID: 60231f0feea7b56177ab5b8ae285da26
	at java.base/jdk.internal.reflect.NativeConstructorAccessorImpl.newInstance0(Native Method)
	at java.base/jdk.internal.reflect.NativeConstructorAccessorImpl.newInstance(NativeConstructorAccessorImpl.java:64)
	at java.base/jdk.internal.reflect.DelegatingConstructorAccessorImpl.newInstance(DelegatingConstructorAccessorImpl.java:45)
	at java.base/java.lang.reflect.Constructor.newInstanceWithCaller(Constructor.java:500)
	at java.base/java.lang.reflect.Constructor.newInstance(Constructor.java:481)
	at org.openqa.selenium.remote.codec.w3c.W3CHttpResponseCodec.createException(W3CHttpResponseCodec.java:200)
	at org.openqa.selenium.remote.codec.w3c.W3CHttpResponseCodec.decode(W3CHttpResponseCodec.java:133)
	at org.openqa.selenium.remote.codec.w3c.W3CHttpResponseCodec.decode(W3CHttpResponseCodec.java:53)
	at org.openqa.selenium.remote.HttpCommandExecutor.execute(HttpCommandExecutor.java:184)
	at org.openqa.selenium.remote.service.DriverCommandExecutor.invokeExecute(DriverCommandExecutor.java:167)
	at org.openqa.selenium.remote.service.DriverCommandExecutor.execute(DriverCommandExecutor.java:142)
	at org.openqa.selenium.remote.RemoteWebDriver.execute(RemoteWebDriver.java:543)
	at org.openqa.selenium.remote.ElementLocation$ElementFinder$2.findElement(ElementLocation.java:162)
	at org.openqa.selenium.remote.ElementLocation.findElement(ElementLocation.java:60)
	at org.openqa.selenium.remote.RemoteWebDriver.findElement(RemoteWebDriver.java:352)
	at org.openqa.selenium.remote.RemoteWebDriver.findElement(RemoteWebDriver.java:344)
	at org.openqa.selenium.support.pagefactory.DefaultElementLocator.findElement(DefaultElementLocator.java:70)
	at org.openqa.selenium.support.pagefactory.internal.LocatingElementHandler.invoke(LocatingElementHandler.java:39)
	at com.sun.proxy.$Proxy24.click(Unknown Source)
	at locator.user.UserPage.adminClickDeleteButton(UserPage.java:150)
	at step_definitions.UserStepDef.AdminStepDef.clickBtnDelete(AdminStepDef.java:113)
	at ✽.Click button delete user(classpath:features//UserFeature/AdminDeleteUser.feature:10)
</error>
    <system-out>
@AdminDeleteUserPos @Automate @UserFeature
Scenario: Admin Delete User                                         &amp;#27;[90m# features//UserFeature/AdminDeleteUser.feature:4&amp;#27;[0m
  &amp;#27;[32mGiven &amp;#27;[0m&amp;#27;[32mUser already in landing page&amp;#27;[0m                                &amp;#27;[90m# step_definitions.LogInOutSteps.userAlreadyInLandingPage()&amp;#27;[0m
  &amp;#27;[32mWhen &amp;#27;[0m&amp;#27;[32mUser input &amp;#27;[0m&amp;#27;[32m&amp;#27;[1m&quot;admin@alta.com&quot;&amp;#27;[0m&amp;#27;[32m as email and &amp;#27;[0m&amp;#27;[32m&amp;#27;[1m&quot;admin&quot;&amp;#27;[0m&amp;#27;[32m as password&amp;#27;[0m &amp;#27;[90m# step_definitions.LogInOutSteps.userInputAsEmailAndAsPassword(java.lang.String,java.lang.String)&amp;#27;[0m
  &amp;#27;[32mThen &amp;#27;[0m&amp;#27;[32mUser already in dashboard page&amp;#27;[0m                               &amp;#27;[90m# step_definitions.LogInOutSteps.userAlreadyInDashboardPage()&amp;#27;[0m
  &amp;#27;[32mThen &amp;#27;[0m&amp;#27;[32mAdmin clicked button user page&amp;#27;[0m                               &amp;#27;[90m# step_definitions.UserStepDef.AdminStepDef.adminClickedButtonUserPage()&amp;#27;[0m
  &amp;#27;[32mAnd &amp;#27;[0m&amp;#27;[32mAdmin already in user page&amp;#27;[0m                                    &amp;#27;[90m# step_definitions.UserStepDef.AdminStepDef.adminAlreadyInUserPage()&amp;#27;[0m
  &amp;#27;[31mThen &amp;#27;[0m&amp;#27;[31mClick button delete user&amp;#27;[0m                                     &amp;#27;[90m# step_definitions.UserStepDef.AdminStepDef.clickBtnDelete()&amp;#27;[0m
      &amp;#27;[31morg.openqa.selenium.InvalidSelectorException: invalid selector: Unable to locate an element with the xpath expression //tbody[1]/tr[6]/td[@class=&apos;flex gap-6&apos;]//span[1]) because of the following error:
SyntaxError: Failed to execute &apos;evaluate&apos; on &apos;Document&apos;: The string &apos;//tbody[1]/tr[6]/td[@class=&apos;flex gap-6&apos;]//span[1])&apos; is not a valid XPath expression.
  (Session info: chrome=111.0.5563.65)
For documentation on this error, please visit: https://selenium.dev/exceptions/#invalid_selector_exception
Build info: version: &apos;4.8.0&apos;, revision: &apos;267030adea&apos;
System info: os.name: &apos;Windows 10&apos;, os.arch: &apos;amd64&apos;, os.version: &apos;10.0&apos;, java.version: &apos;15.0.2&apos;
Driver info: org.openqa.selenium.chrome.ChromeDriver
Command: [60231f0feea7b56177ab5b8ae285da26, findElement {using=xpath, value=//tbody[1]/tr[6]/td[@class=&apos;flex gap-6&apos;]//span[1])}]
Capabilities {acceptInsecureCerts: false, browserName: chrome, browserVersion: 111.0.5563.65, chrome: {chromedriverVersion: 111.0.5563.64 (c710e93d5b63..., userDataDir: C:\Users\mafaa\AppData\Loca...}, goog:chromeOptions: {debuggerAddress: localhost:12971}, networkConnectionEnabled: false, pageLoadStrategy: normal, platformName: WINDOWS, proxy: Proxy(), se:cdp: ws://localhost:12971/devtoo..., se:cdpVersion: 111.0.5563.65, setWindowRect: true, strictFileInteractability: false, timeouts: {implicit: 0, pageLoad: 300000, script: 30000}, unhandledPromptBehavior: dismiss and notify, webauthn:extension:credBlob: true, webauthn:extension:largeBlob: true, webauthn:extension:minPinLength: true, webauthn:extension:prf: true, webauthn:virtualAuthenticators: true}
Session ID: 60231f0feea7b56177ab5b8ae285da26
	at java.base/jdk.internal.reflect.NativeConstructorAccessorImpl.newInstance0(Native Method)
	at java.base/jdk.internal.reflect.NativeConstructorAccessorImpl.newInstance(NativeConstructorAccessorImpl.java:64)
	at java.base/jdk.internal.reflect.DelegatingConstructorAccessorImpl.newInstance(DelegatingConstructorAccessorImpl.java:45)
	at java.base/java.lang.reflect.Constructor.newInstanceWithCaller(Constructor.java:500)
	at java.base/java.lang.reflect.Constructor.newInstance(Constructor.java:481)
	at org.openqa.selenium.remote.codec.w3c.W3CHttpResponseCodec.createException(W3CHttpResponseCodec.java:200)
	at org.openqa.selenium.remote.codec.w3c.W3CHttpResponseCodec.decode(W3CHttpResponseCodec.java:133)
	at org.openqa.selenium.remote.codec.w3c.W3CHttpResponseCodec.decode(W3CHttpResponseCodec.java:53)
	at org.openqa.selenium.remote.HttpCommandExecutor.execute(HttpCommandExecutor.java:184)
	at org.openqa.selenium.remote.service.DriverCommandExecutor.invokeExecute(DriverCommandExecutor.java:167)
	at org.openqa.selenium.remote.service.DriverCommandExecutor.execute(DriverCommandExecutor.java:142)
	at org.openqa.selenium.remote.RemoteWebDriver.execute(RemoteWebDriver.java:543)
	at org.openqa.selenium.remote.ElementLocation$ElementFinder$2.findElement(ElementLocation.java:162)
	at org.openqa.selenium.remote.ElementLocation.findElement(ElementLocation.java:60)
	at org.openqa.selenium.remote.RemoteWebDriver.findElement(RemoteWebDriver.java:352)
	at org.openqa.selenium.remote.RemoteWebDriver.findElement(RemoteWebDriver.java:344)
	at org.openqa.selenium.support.pagefactory.DefaultElementLocator.findElement(DefaultElementLocator.java:70)
	at org.openqa.selenium.support.pagefactory.internal.LocatingElementHandler.invoke(LocatingElementHandler.java:39)
	at com.sun.proxy.$Proxy24.click(Unknown Source)
	at locator.user.UserPage.adminClickDeleteButton(UserPage.java:150)
	at step_definitions.UserStepDef.AdminStepDef.clickBtnDelete(AdminStepDef.java:113)
	at ✽.Click button delete user(classpath:features//UserFeature/AdminDeleteUser.feature:10)
&amp;#27;[0m
</system-out>
    <system-err>Starting ChromeDriver 111.0.5563.64 (c710e93d5b63b7095afe8c2c17df34408078439d-refs/branch-heads/5563@{#995}) on port 20590
Only local connections are allowed.
Please see https://chromedriver.chromium.org/security-considerations for suggestions on keeping ChromeDriver safe.
ChromeDriver was started successfully.
Mar 21, 2023 11:27:56 AM org.openqa.selenium.devtools.CdpVersionFinder findNearestMatch
WARNING: Unable to find an exact match for CDP version 111, so returning the closest version found: 109
</system-err>
  </testcase>
  <testcase classname="[Negative Case] Update User as Admin" name="Admin Update User with Invalid Parameter #1" time="7.933">
    <error message="no such element: Unable to locate element: {&quot;method&quot;:&quot;css selector&quot;,&quot;selector&quot;:&quot;tbody &gt; tr:nth-of-type(5) .text-green-600&quot;}
  (Session info: chrome=111.0.5563.65)
For documentation on this error, please visit: https://selenium.dev/exceptions/#no_such_element
Build info: version: &apos;4.8.0&apos;, revision: &apos;267030adea&apos;
System info: os.name: &apos;Windows 10&apos;, os.arch: &apos;amd64&apos;, os.version: &apos;10.0&apos;, java.version: &apos;15.0.2&apos;
Driver info: org.openqa.selenium.chrome.ChromeDriver
Command: [2a4c4e86ea28f075df7085ccc8118dd2, findElement {using=css selector, value=tbody &gt; tr:nth-of-type(5) .text-green-600}]
Capabilities {acceptInsecureCerts: false, browserName: chrome, browserVersion: 111.0.5563.65, chrome: {chromedriverVersion: 111.0.5563.64 (c710e93d5b63..., userDataDir: C:\Users\mafaa\AppData\Loca...}, goog:chromeOptions: {debuggerAddress: localhost:13032}, networkConnectionEnabled: false, pageLoadStrategy: normal, platformName: WINDOWS, proxy: Proxy(), se:cdp: ws://localhost:13032/devtoo..., se:cdpVersion: 111.0.5563.65, setWindowRect: true, strictFileInteractability: false, timeouts: {implicit: 0, pageLoad: 300000, script: 30000}, unhandledPromptBehavior: dismiss and notify, webauthn:extension:credBlob: true, webauthn:extension:largeBlob: true, webauthn:extension:minPinLength: true, webauthn:extension:prf: true, webauthn:virtualAuthenticators: true}
Session ID: 2a4c4e86ea28f075df7085ccc8118dd2" type="org.openqa.selenium.NoSuchElementException">org.openqa.selenium.NoSuchElementException: no such element: Unable to locate element: {&quot;method&quot;:&quot;css selector&quot;,&quot;selector&quot;:&quot;tbody &gt; tr:nth-of-type(5) .text-green-600&quot;}
  (Session info: chrome=111.0.5563.65)
For documentation on this error, please visit: https://selenium.dev/exceptions/#no_such_element
Build info: version: &apos;4.8.0&apos;, revision: &apos;267030adea&apos;
System info: os.name: &apos;Windows 10&apos;, os.arch: &apos;amd64&apos;, os.version: &apos;10.0&apos;, java.version: &apos;15.0.2&apos;
Driver info: org.openqa.selenium.chrome.ChromeDriver
Command: [2a4c4e86ea28f075df7085ccc8118dd2, findElement {using=css selector, value=tbody &gt; tr:nth-of-type(5) .text-green-600}]
Capabilities {acceptInsecureCerts: false, browserName: chrome, browserVersion: 111.0.5563.65, chrome: {chromedriverVersion: 111.0.5563.64 (c710e93d5b63..., userDataDir: C:\Users\mafaa\AppData\Loca...}, goog:chromeOptions: {debuggerAddress: localhost:13032}, networkConnectionEnabled: false, pageLoadStrategy: normal, platformName: WINDOWS, proxy: Proxy(), se:cdp: ws://localhost:13032/devtoo..., se:cdpVersion: 111.0.5563.65, setWindowRect: true, strictFileInteractability: false, timeouts: {implicit: 0, pageLoad: 300000, script: 30000}, unhandledPromptBehavior: dismiss and notify, webauthn:extension:credBlob: true, webauthn:extension:largeBlob: true, webauthn:extension:minPinLength: true, webauthn:extension:prf: true, webauthn:virtualAuthenticators: true}
Session ID: 2a4c4e86ea28f075df7085ccc8118dd2
	at java.base/jdk.internal.reflect.NativeConstructorAccessorImpl.newInstance0(Native Method)
	at java.base/jdk.internal.reflect.NativeConstructorAccessorImpl.newInstance(NativeConstructorAccessorImpl.java:64)
	at java.base/jdk.internal.reflect.DelegatingConstructorAccessorImpl.newInstance(DelegatingConstructorAccessorImpl.java:45)
	at java.base/java.lang.reflect.Constructor.newInstanceWithCaller(Constructor.java:500)
	at java.base/java.lang.reflect.Constructor.newInstance(Constructor.java:481)
	at org.openqa.selenium.remote.codec.w3c.W3CHttpResponseCodec.createException(W3CHttpResponseCodec.java:200)
	at org.openqa.selenium.remote.codec.w3c.W3CHttpResponseCodec.decode(W3CHttpResponseCodec.java:133)
	at org.openqa.selenium.remote.codec.w3c.W3CHttpResponseCodec.decode(W3CHttpResponseCodec.java:53)
	at org.openqa.selenium.remote.HttpCommandExecutor.execute(HttpCommandExecutor.java:184)
	at org.openqa.selenium.remote.service.DriverCommandExecutor.invokeExecute(DriverCommandExecutor.java:167)
	at org.openqa.selenium.remote.service.DriverCommandExecutor.execute(DriverCommandExecutor.java:142)
	at org.openqa.selenium.remote.RemoteWebDriver.execute(RemoteWebDriver.java:543)
	at org.openqa.selenium.remote.ElementLocation$ElementFinder$2.findElement(ElementLocation.java:162)
	at org.openqa.selenium.remote.ElementLocation.findElement(ElementLocation.java:60)
	at org.openqa.selenium.remote.RemoteWebDriver.findElement(RemoteWebDriver.java:352)
	at org.openqa.selenium.remote.RemoteWebDriver.findElement(RemoteWebDriver.java:344)
	at org.openqa.selenium.support.pagefactory.DefaultElementLocator.findElement(DefaultElementLocator.java:70)
	at org.openqa.selenium.support.pagefactory.internal.LocatingElementHandler.invoke(LocatingElementHandler.java:39)
	at com.sun.proxy.$Proxy24.click(Unknown Source)
	at locator.user.UserPage.setButtonEditProfileUser(UserPage.java:106)
	at step_definitions.UserStepDef.AdminStepDef.adminClickButtonEdit(AdminStepDef.java:55)
	at ✽.Admin click button edit profile(classpath:features//UserFeature/AdminUpdateUserNegativeCase.feature:10)
</error>
    <system-out>
@AdminUpdateProfileUserNegative @Automate @UserFeature
Scenario Outline: Admin Update User with Invalid Parameter          &amp;#27;[90m# features//UserFeature/AdminUpdateUserNegativeCase.feature:18&amp;#27;[0m
  &amp;#27;[32mGiven &amp;#27;[0m&amp;#27;[32mUser already in landing page&amp;#27;[0m                                &amp;#27;[90m# step_definitions.LogInOutSteps.userAlreadyInLandingPage()&amp;#27;[0m
  &amp;#27;[32mWhen &amp;#27;[0m&amp;#27;[32mUser input &amp;#27;[0m&amp;#27;[32m&amp;#27;[1m&quot;admin@alta.com&quot;&amp;#27;[0m&amp;#27;[32m as email and &amp;#27;[0m&amp;#27;[32m&amp;#27;[1m&quot;admin&quot;&amp;#27;[0m&amp;#27;[32m as password&amp;#27;[0m &amp;#27;[90m# step_definitions.LogInOutSteps.userInputAsEmailAndAsPassword(java.lang.String,java.lang.String)&amp;#27;[0m
  &amp;#27;[32mThen &amp;#27;[0m&amp;#27;[32mUser already in dashboard page&amp;#27;[0m                               &amp;#27;[90m# step_definitions.LogInOutSteps.userAlreadyInDashboardPage()&amp;#27;[0m
  &amp;#27;[32mThen &amp;#27;[0m&amp;#27;[32mAdmin clicked button user page&amp;#27;[0m                               &amp;#27;[90m# step_definitions.UserStepDef.AdminStepDef.adminClickedButtonUserPage()&amp;#27;[0m
  &amp;#27;[32mAnd &amp;#27;[0m&amp;#27;[32mAdmin already in user page&amp;#27;[0m                                    &amp;#27;[90m# step_definitions.UserStepDef.AdminStepDef.adminAlreadyInUserPage()&amp;#27;[0m
  &amp;#27;[31mThen &amp;#27;[0m&amp;#27;[31mAdmin click button edit profile&amp;#27;[0m                              &amp;#27;[90m# step_definitions.UserStepDef.AdminStepDef.adminClickButtonEdit()&amp;#27;[0m
      &amp;#27;[31morg.openqa.selenium.NoSuchElementException: no such element: Unable to locate element: {&quot;method&quot;:&quot;css selector&quot;,&quot;selector&quot;:&quot;tbody &gt; tr:nth-of-type(5) .text-green-600&quot;}
  (Session info: chrome=111.0.5563.65)
For documentation on this error, please visit: https://selenium.dev/exceptions/#no_such_element
Build info: version: &apos;4.8.0&apos;, revision: &apos;267030adea&apos;
System info: os.name: &apos;Windows 10&apos;, os.arch: &apos;amd64&apos;, os.version: &apos;10.0&apos;, java.version: &apos;15.0.2&apos;
Driver info: org.openqa.selenium.chrome.ChromeDriver
Command: [2a4c4e86ea28f075df7085ccc8118dd2, findElement {using=css selector, value=tbody &gt; tr:nth-of-type(5) .text-green-600}]
Capabilities {acceptInsecureCerts: false, browserName: chrome, browserVersion: 111.0.5563.65, chrome: {chromedriverVersion: 111.0.5563.64 (c710e93d5b63..., userDataDir: C:\Users\mafaa\AppData\Loca...}, goog:chromeOptions: {debuggerAddress: localhost:13032}, networkConnectionEnabled: false, pageLoadStrategy: normal, platformName: WINDOWS, proxy: Proxy(), se:cdp: ws://localhost:13032/devtoo..., se:cdpVersion: 111.0.5563.65, setWindowRect: true, strictFileInteractability: false, timeouts: {implicit: 0, pageLoad: 300000, script: 30000}, unhandledPromptBehavior: dismiss and notify, webauthn:extension:credBlob: true, webauthn:extension:largeBlob: true, webauthn:extension:minPinLength: true, webauthn:extension:prf: true, webauthn:virtualAuthenticators: true}
Session ID: 2a4c4e86ea28f075df7085ccc8118dd2
	at java.base/jdk.internal.reflect.NativeConstructorAccessorImpl.newInstance0(Native Method)
	at java.base/jdk.internal.reflect.NativeConstructorAccessorImpl.newInstance(NativeConstructorAccessorImpl.java:64)
	at java.base/jdk.internal.reflect.DelegatingConstructorAccessorImpl.newInstance(DelegatingConstructorAccessorImpl.java:45)
	at java.base/java.lang.reflect.Constructor.newInstanceWithCaller(Constructor.java:500)
	at java.base/java.lang.reflect.Constructor.newInstance(Constructor.java:481)
	at org.openqa.selenium.remote.codec.w3c.W3CHttpResponseCodec.createException(W3CHttpResponseCodec.java:200)
	at org.openqa.selenium.remote.codec.w3c.W3CHttpResponseCodec.decode(W3CHttpResponseCodec.java:133)
	at org.openqa.selenium.remote.codec.w3c.W3CHttpResponseCodec.decode(W3CHttpResponseCodec.java:53)
	at org.openqa.selenium.remote.HttpCommandExecutor.execute(HttpCommandExecutor.java:184)
	at org.openqa.selenium.remote.service.DriverCommandExecutor.invokeExecute(DriverCommandExecutor.java:167)
	at org.openqa.selenium.remote.service.DriverCommandExecutor.execute(DriverCommandExecutor.java:142)
	at org.openqa.selenium.remote.RemoteWebDriver.execute(RemoteWebDriver.java:543)
	at org.openqa.selenium.remote.ElementLocation$ElementFinder$2.findElement(ElementLocation.java:162)
	at org.openqa.selenium.remote.ElementLocation.findElement(ElementLocation.java:60)
	at org.openqa.selenium.remote.RemoteWebDriver.findElement(RemoteWebDriver.java:352)
	at org.openqa.selenium.remote.RemoteWebDriver.findElement(RemoteWebDriver.java:344)
	at org.openqa.selenium.support.pagefactory.DefaultElementLocator.findElement(DefaultElementLocator.java:70)
	at org.openqa.selenium.support.pagefactory.internal.LocatingElementHandler.invoke(LocatingElementHandler.java:39)
	at com.sun.proxy.$Proxy24.click(Unknown Source)
	at locator.user.UserPage.setButtonEditProfileUser(UserPage.java:106)
	at step_definitions.UserStepDef.AdminStepDef.adminClickButtonEdit(AdminStepDef.java:55)
	at ✽.Admin click button edit profile(classpath:features//UserFeature/AdminUpdateUserNegativeCase.feature:10)
&amp;#27;[0m
  &amp;#27;[36mAnd &amp;#27;[0m&amp;#27;[36mShow Pop up Form Edit User&amp;#27;[0m                                    &amp;#27;[90m# step_definitions.UserStepDef.AdminStepDef.showPopUpFormEditUser()&amp;#27;[0m
  &amp;#27;[36mThen &amp;#27;[0m&amp;#27;[36mAdmin input &amp;#27;[0m&amp;#27;[36m&amp;#27;[1m&quot;Suzume&quot;&amp;#27;[0m&amp;#27;[36m as new Nama and &amp;#27;[0m&amp;#27;[36m&amp;#27;[1m&quot;asikasik&quot;&amp;#27;[0m&amp;#27;[36m as new Email&amp;#27;[0m &amp;#27;[90m# step_definitions.UserStepDef.AdminStepDef.adminEditProfileUser(java.lang.String,java.lang.String)&amp;#27;[0m
  &amp;#27;[36mAnd &amp;#27;[0m&amp;#27;[36mChoose team &amp;#27;[0m&amp;#27;[36m&amp;#27;[1m&quot;People Skill&quot;&amp;#27;[0m                                    &amp;#27;[90m# step_definitions.UserStepDef.AdminStepDef.setTeam(java.lang.String)&amp;#27;[0m
  &amp;#27;[36mAnd &amp;#27;[0m&amp;#27;[36mChoose status &amp;#27;[0m&amp;#27;[36m&amp;#27;[1m&quot;Not-Active&quot;&amp;#27;[0m                                    &amp;#27;[90m# step_definitions.UserStepDef.AdminStepDef.setStatus(java.lang.String)&amp;#27;[0m
  &amp;#27;[36mThen &amp;#27;[0m&amp;#27;[36mClick button Cancel&amp;#27;[0m                                          &amp;#27;[90m# step_definitions.UserStepDef.AdminStepDef.clickBtnTambah()&amp;#27;[0m
</system-out>
    <system-err>Starting ChromeDriver 111.0.5563.64 (c710e93d5b63b7095afe8c2c17df34408078439d-refs/branch-heads/5563@{#995}) on port 7494
Only local connections are allowed.
Please see https://chromedriver.chromium.org/security-considerations for suggestions on keeping ChromeDriver safe.
ChromeDriver was started successfully.
Mar 21, 2023 11:28:05 AM org.openqa.selenium.devtools.CdpVersionFinder findNearestMatch
WARNING: Unable to find an exact match for CDP version 111, so returning the closest version found: 109
</system-err>
  </testcase>
  <testcase classname="[Negative Case] Update User as Admin" name="Admin Update User with Invalid Parameter #2" time="7.997">
    <error message="no such element: Unable to locate element: {&quot;method&quot;:&quot;css selector&quot;,&quot;selector&quot;:&quot;tbody &gt; tr:nth-of-type(5) .text-green-600&quot;}
  (Session info: chrome=111.0.5563.65)
For documentation on this error, please visit: https://selenium.dev/exceptions/#no_such_element
Build info: version: &apos;4.8.0&apos;, revision: &apos;267030adea&apos;
System info: os.name: &apos;Windows 10&apos;, os.arch: &apos;amd64&apos;, os.version: &apos;10.0&apos;, java.version: &apos;15.0.2&apos;
Driver info: org.openqa.selenium.chrome.ChromeDriver
Command: [8c52b52d5e8c11a8889d5dd27cf82096, findElement {using=css selector, value=tbody &gt; tr:nth-of-type(5) .text-green-600}]
Capabilities {acceptInsecureCerts: false, browserName: chrome, browserVersion: 111.0.5563.65, chrome: {chromedriverVersion: 111.0.5563.64 (c710e93d5b63..., userDataDir: C:\Users\mafaa\AppData\Loca...}, goog:chromeOptions: {debuggerAddress: localhost:8990}, networkConnectionEnabled: false, pageLoadStrategy: normal, platformName: WINDOWS, proxy: Proxy(), se:cdp: ws://localhost:8990/devtool..., se:cdpVersion: 111.0.5563.65, setWindowRect: true, strictFileInteractability: false, timeouts: {implicit: 0, pageLoad: 300000, script: 30000}, unhandledPromptBehavior: dismiss and notify, webauthn:extension:credBlob: true, webauthn:extension:largeBlob: true, webauthn:extension:minPinLength: true, webauthn:extension:prf: true, webauthn:virtualAuthenticators: true}
Session ID: 8c52b52d5e8c11a8889d5dd27cf82096" type="org.openqa.selenium.NoSuchElementException">org.openqa.selenium.NoSuchElementException: no such element: Unable to locate element: {&quot;method&quot;:&quot;css selector&quot;,&quot;selector&quot;:&quot;tbody &gt; tr:nth-of-type(5) .text-green-600&quot;}
  (Session info: chrome=111.0.5563.65)
For documentation on this error, please visit: https://selenium.dev/exceptions/#no_such_element
Build info: version: &apos;4.8.0&apos;, revision: &apos;267030adea&apos;
System info: os.name: &apos;Windows 10&apos;, os.arch: &apos;amd64&apos;, os.version: &apos;10.0&apos;, java.version: &apos;15.0.2&apos;
Driver info: org.openqa.selenium.chrome.ChromeDriver
Command: [8c52b52d5e8c11a8889d5dd27cf82096, findElement {using=css selector, value=tbody &gt; tr:nth-of-type(5) .text-green-600}]
Capabilities {acceptInsecureCerts: false, browserName: chrome, browserVersion: 111.0.5563.65, chrome: {chromedriverVersion: 111.0.5563.64 (c710e93d5b63..., userDataDir: C:\Users\mafaa\AppData\Loca...}, goog:chromeOptions: {debuggerAddress: localhost:8990}, networkConnectionEnabled: false, pageLoadStrategy: normal, platformName: WINDOWS, proxy: Proxy(), se:cdp: ws://localhost:8990/devtool..., se:cdpVersion: 111.0.5563.65, setWindowRect: true, strictFileInteractability: false, timeouts: {implicit: 0, pageLoad: 300000, script: 30000}, unhandledPromptBehavior: dismiss and notify, webauthn:extension:credBlob: true, webauthn:extension:largeBlob: true, webauthn:extension:minPinLength: true, webauthn:extension:prf: true, webauthn:virtualAuthenticators: true}
Session ID: 8c52b52d5e8c11a8889d5dd27cf82096
	at java.base/jdk.internal.reflect.NativeConstructorAccessorImpl.newInstance0(Native Method)
	at java.base/jdk.internal.reflect.NativeConstructorAccessorImpl.newInstance(NativeConstructorAccessorImpl.java:64)
	at java.base/jdk.internal.reflect.DelegatingConstructorAccessorImpl.newInstance(DelegatingConstructorAccessorImpl.java:45)
	at java.base/java.lang.reflect.Constructor.newInstanceWithCaller(Constructor.java:500)
	at java.base/java.lang.reflect.Constructor.newInstance(Constructor.java:481)
	at org.openqa.selenium.remote.codec.w3c.W3CHttpResponseCodec.createException(W3CHttpResponseCodec.java:200)
	at org.openqa.selenium.remote.codec.w3c.W3CHttpResponseCodec.decode(W3CHttpResponseCodec.java:133)
	at org.openqa.selenium.remote.codec.w3c.W3CHttpResponseCodec.decode(W3CHttpResponseCodec.java:53)
	at org.openqa.selenium.remote.HttpCommandExecutor.execute(HttpCommandExecutor.java:184)
	at org.openqa.selenium.remote.service.DriverCommandExecutor.invokeExecute(DriverCommandExecutor.java:167)
	at org.openqa.selenium.remote.service.DriverCommandExecutor.execute(DriverCommandExecutor.java:142)
	at org.openqa.selenium.remote.RemoteWebDriver.execute(RemoteWebDriver.java:543)
	at org.openqa.selenium.remote.ElementLocation$ElementFinder$2.findElement(ElementLocation.java:162)
	at org.openqa.selenium.remote.ElementLocation.findElement(ElementLocation.java:60)
	at org.openqa.selenium.remote.RemoteWebDriver.findElement(RemoteWebDriver.java:352)
	at org.openqa.selenium.remote.RemoteWebDriver.findElement(RemoteWebDriver.java:344)
	at org.openqa.selenium.support.pagefactory.DefaultElementLocator.findElement(DefaultElementLocator.java:70)
	at org.openqa.selenium.support.pagefactory.internal.LocatingElementHandler.invoke(LocatingElementHandler.java:39)
	at com.sun.proxy.$Proxy24.click(Unknown Source)
	at locator.user.UserPage.setButtonEditProfileUser(UserPage.java:106)
	at step_definitions.UserStepDef.AdminStepDef.adminClickButtonEdit(AdminStepDef.java:55)
	at ✽.Admin click button edit profile(classpath:features//UserFeature/AdminUpdateUserNegativeCase.feature:10)
</error>
    <system-out>
@AdminUpdateProfileUserNegative @Automate @UserFeature
Scenario Outline: Admin Update User with Invalid Parameter            &amp;#27;[90m# features//UserFeature/AdminUpdateUserNegativeCase.feature:19&amp;#27;[0m
  &amp;#27;[32mGiven &amp;#27;[0m&amp;#27;[32mUser already in landing page&amp;#27;[0m                                  &amp;#27;[90m# step_definitions.LogInOutSteps.userAlreadyInLandingPage()&amp;#27;[0m
  &amp;#27;[32mWhen &amp;#27;[0m&amp;#27;[32mUser input &amp;#27;[0m&amp;#27;[32m&amp;#27;[1m&quot;admin@alta.com&quot;&amp;#27;[0m&amp;#27;[32m as email and &amp;#27;[0m&amp;#27;[32m&amp;#27;[1m&quot;admin&quot;&amp;#27;[0m&amp;#27;[32m as password&amp;#27;[0m   &amp;#27;[90m# step_definitions.LogInOutSteps.userInputAsEmailAndAsPassword(java.lang.String,java.lang.String)&amp;#27;[0m
  &amp;#27;[32mThen &amp;#27;[0m&amp;#27;[32mUser already in dashboard page&amp;#27;[0m                                 &amp;#27;[90m# step_definitions.LogInOutSteps.userAlreadyInDashboardPage()&amp;#27;[0m
  &amp;#27;[32mThen &amp;#27;[0m&amp;#27;[32mAdmin clicked button user page&amp;#27;[0m                                 &amp;#27;[90m# step_definitions.UserStepDef.AdminStepDef.adminClickedButtonUserPage()&amp;#27;[0m
  &amp;#27;[32mAnd &amp;#27;[0m&amp;#27;[32mAdmin already in user page&amp;#27;[0m                                      &amp;#27;[90m# step_definitions.UserStepDef.AdminStepDef.adminAlreadyInUserPage()&amp;#27;[0m
  &amp;#27;[31mThen &amp;#27;[0m&amp;#27;[31mAdmin click button edit profile&amp;#27;[0m                                &amp;#27;[90m# step_definitions.UserStepDef.AdminStepDef.adminClickButtonEdit()&amp;#27;[0m
      &amp;#27;[31morg.openqa.selenium.NoSuchElementException: no such element: Unable to locate element: {&quot;method&quot;:&quot;css selector&quot;,&quot;selector&quot;:&quot;tbody &gt; tr:nth-of-type(5) .text-green-600&quot;}
  (Session info: chrome=111.0.5563.65)
For documentation on this error, please visit: https://selenium.dev/exceptions/#no_such_element
Build info: version: &apos;4.8.0&apos;, revision: &apos;267030adea&apos;
System info: os.name: &apos;Windows 10&apos;, os.arch: &apos;amd64&apos;, os.version: &apos;10.0&apos;, java.version: &apos;15.0.2&apos;
Driver info: org.openqa.selenium.chrome.ChromeDriver
Command: [8c52b52d5e8c11a8889d5dd27cf82096, findElement {using=css selector, value=tbody &gt; tr:nth-of-type(5) .text-green-600}]
Capabilities {acceptInsecureCerts: false, browserName: chrome, browserVersion: 111.0.5563.65, chrome: {chromedriverVersion: 111.0.5563.64 (c710e93d5b63..., userDataDir: C:\Users\mafaa\AppData\Loca...}, goog:chromeOptions: {debuggerAddress: localhost:8990}, networkConnectionEnabled: false, pageLoadStrategy: normal, platformName: WINDOWS, proxy: Proxy(), se:cdp: ws://localhost:8990/devtool..., se:cdpVersion: 111.0.5563.65, setWindowRect: true, strictFileInteractability: false, timeouts: {implicit: 0, pageLoad: 300000, script: 30000}, unhandledPromptBehavior: dismiss and notify, webauthn:extension:credBlob: true, webauthn:extension:largeBlob: true, webauthn:extension:minPinLength: true, webauthn:extension:prf: true, webauthn:virtualAuthenticators: true}
Session ID: 8c52b52d5e8c11a8889d5dd27cf82096
	at java.base/jdk.internal.reflect.NativeConstructorAccessorImpl.newInstance0(Native Method)
	at java.base/jdk.internal.reflect.NativeConstructorAccessorImpl.newInstance(NativeConstructorAccessorImpl.java:64)
	at java.base/jdk.internal.reflect.DelegatingConstructorAccessorImpl.newInstance(DelegatingConstructorAccessorImpl.java:45)
	at java.base/java.lang.reflect.Constructor.newInstanceWithCaller(Constructor.java:500)
	at java.base/java.lang.reflect.Constructor.newInstance(Constructor.java:481)
	at org.openqa.selenium.remote.codec.w3c.W3CHttpResponseCodec.createException(W3CHttpResponseCodec.java:200)
	at org.openqa.selenium.remote.codec.w3c.W3CHttpResponseCodec.decode(W3CHttpResponseCodec.java:133)
	at org.openqa.selenium.remote.codec.w3c.W3CHttpResponseCodec.decode(W3CHttpResponseCodec.java:53)
	at org.openqa.selenium.remote.HttpCommandExecutor.execute(HttpCommandExecutor.java:184)
	at org.openqa.selenium.remote.service.DriverCommandExecutor.invokeExecute(DriverCommandExecutor.java:167)
	at org.openqa.selenium.remote.service.DriverCommandExecutor.execute(DriverCommandExecutor.java:142)
	at org.openqa.selenium.remote.RemoteWebDriver.execute(RemoteWebDriver.java:543)
	at org.openqa.selenium.remote.ElementLocation$ElementFinder$2.findElement(ElementLocation.java:162)
	at org.openqa.selenium.remote.ElementLocation.findElement(ElementLocation.java:60)
	at org.openqa.selenium.remote.RemoteWebDriver.findElement(RemoteWebDriver.java:352)
	at org.openqa.selenium.remote.RemoteWebDriver.findElement(RemoteWebDriver.java:344)
	at org.openqa.selenium.support.pagefactory.DefaultElementLocator.findElement(DefaultElementLocator.java:70)
	at org.openqa.selenium.support.pagefactory.internal.LocatingElementHandler.invoke(LocatingElementHandler.java:39)
	at com.sun.proxy.$Proxy24.click(Unknown Source)
	at locator.user.UserPage.setButtonEditProfileUser(UserPage.java:106)
	at step_definitions.UserStepDef.AdminStepDef.adminClickButtonEdit(AdminStepDef.java:55)
	at ✽.Admin click button edit profile(classpath:features//UserFeature/AdminUpdateUserNegativeCase.feature:10)
&amp;#27;[0m
  &amp;#27;[36mAnd &amp;#27;[0m&amp;#27;[36mShow Pop up Form Edit User&amp;#27;[0m                                      &amp;#27;[90m# step_definitions.UserStepDef.AdminStepDef.showPopUpFormEditUser()&amp;#27;[0m
  &amp;#27;[36mThen &amp;#27;[0m&amp;#27;[36mAdmin input &amp;#27;[0m&amp;#27;[36m&amp;#27;[1m&quot;Siapa ajah&quot;&amp;#27;[0m&amp;#27;[36m as new Nama and &amp;#27;[0m&amp;#27;[36m&amp;#27;[1m&quot;123123&quot;&amp;#27;[0m&amp;#27;[36m as new Email&amp;#27;[0m &amp;#27;[90m# step_definitions.UserStepDef.AdminStepDef.adminEditProfileUser(java.lang.String,java.lang.String)&amp;#27;[0m
  &amp;#27;[36mAnd &amp;#27;[0m&amp;#27;[36mChoose team &amp;#27;[0m&amp;#27;[36m&amp;#27;[1m&quot;People Skill&quot;&amp;#27;[0m                                      &amp;#27;[90m# step_definitions.UserStepDef.AdminStepDef.setTeam(java.lang.String)&amp;#27;[0m
  &amp;#27;[36mAnd &amp;#27;[0m&amp;#27;[36mChoose status &amp;#27;[0m&amp;#27;[36m&amp;#27;[1m&quot;Not-Active&quot;&amp;#27;[0m                                      &amp;#27;[90m# step_definitions.UserStepDef.AdminStepDef.setStatus(java.lang.String)&amp;#27;[0m
  &amp;#27;[36mThen &amp;#27;[0m&amp;#27;[36mClick button Cancel&amp;#27;[0m                                            &amp;#27;[90m# step_definitions.UserStepDef.AdminStepDef.clickBtnTambah()&amp;#27;[0m
</system-out>
    <system-err>Starting ChromeDriver 111.0.5563.64 (c710e93d5b63b7095afe8c2c17df34408078439d-refs/branch-heads/5563@{#995}) on port 22221
Only local connections are allowed.
Please see https://chromedriver.chromium.org/security-considerations for suggestions on keeping ChromeDriver safe.
ChromeDriver was started successfully.
Mar 21, 2023 11:28:13 AM org.openqa.selenium.devtools.CdpVersionFinder findNearestMatch
WARNING: Unable to find an exact match for CDP version 111, so returning the closest version found: 109
</system-err>
  </testcase>
  <testcase classname="[Negative Case] Update User as Admin" name="Admin Update User with Invalid Parameter #3" time="7.919">
    <error message="no such element: Unable to locate element: {&quot;method&quot;:&quot;css selector&quot;,&quot;selector&quot;:&quot;tbody &gt; tr:nth-of-type(5) .text-green-600&quot;}
  (Session info: chrome=111.0.5563.65)
For documentation on this error, please visit: https://selenium.dev/exceptions/#no_such_element
Build info: version: &apos;4.8.0&apos;, revision: &apos;267030adea&apos;
System info: os.name: &apos;Windows 10&apos;, os.arch: &apos;amd64&apos;, os.version: &apos;10.0&apos;, java.version: &apos;15.0.2&apos;
Driver info: org.openqa.selenium.chrome.ChromeDriver
Command: [bb0dac4332a0f1b91851fd941ceee34d, findElement {using=css selector, value=tbody &gt; tr:nth-of-type(5) .text-green-600}]
Capabilities {acceptInsecureCerts: false, browserName: chrome, browserVersion: 111.0.5563.65, chrome: {chromedriverVersion: 111.0.5563.64 (c710e93d5b63..., userDataDir: C:\Users\mafaa\AppData\Loca...}, goog:chromeOptions: {debuggerAddress: localhost:9037}, networkConnectionEnabled: false, pageLoadStrategy: normal, platformName: WINDOWS, proxy: Proxy(), se:cdp: ws://localhost:9037/devtool..., se:cdpVersion: 111.0.5563.65, setWindowRect: true, strictFileInteractability: false, timeouts: {implicit: 0, pageLoad: 300000, script: 30000}, unhandledPromptBehavior: dismiss and notify, webauthn:extension:credBlob: true, webauthn:extension:largeBlob: true, webauthn:extension:minPinLength: true, webauthn:extension:prf: true, webauthn:virtualAuthenticators: true}
Session ID: bb0dac4332a0f1b91851fd941ceee34d" type="org.openqa.selenium.NoSuchElementException">org.openqa.selenium.NoSuchElementException: no such element: Unable to locate element: {&quot;method&quot;:&quot;css selector&quot;,&quot;selector&quot;:&quot;tbody &gt; tr:nth-of-type(5) .text-green-600&quot;}
  (Session info: chrome=111.0.5563.65)
For documentation on this error, please visit: https://selenium.dev/exceptions/#no_such_element
Build info: version: &apos;4.8.0&apos;, revision: &apos;267030adea&apos;
System info: os.name: &apos;Windows 10&apos;, os.arch: &apos;amd64&apos;, os.version: &apos;10.0&apos;, java.version: &apos;15.0.2&apos;
Driver info: org.openqa.selenium.chrome.ChromeDriver
Command: [bb0dac4332a0f1b91851fd941ceee34d, findElement {using=css selector, value=tbody &gt; tr:nth-of-type(5) .text-green-600}]
Capabilities {acceptInsecureCerts: false, browserName: chrome, browserVersion: 111.0.5563.65, chrome: {chromedriverVersion: 111.0.5563.64 (c710e93d5b63..., userDataDir: C:\Users\mafaa\AppData\Loca...}, goog:chromeOptions: {debuggerAddress: localhost:9037}, networkConnectionEnabled: false, pageLoadStrategy: normal, platformName: WINDOWS, proxy: Proxy(), se:cdp: ws://localhost:9037/devtool..., se:cdpVersion: 111.0.5563.65, setWindowRect: true, strictFileInteractability: false, timeouts: {implicit: 0, pageLoad: 300000, script: 30000}, unhandledPromptBehavior: dismiss and notify, webauthn:extension:credBlob: true, webauthn:extension:largeBlob: true, webauthn:extension:minPinLength: true, webauthn:extension:prf: true, webauthn:virtualAuthenticators: true}
Session ID: bb0dac4332a0f1b91851fd941ceee34d
	at java.base/jdk.internal.reflect.NativeConstructorAccessorImpl.newInstance0(Native Method)
	at java.base/jdk.internal.reflect.NativeConstructorAccessorImpl.newInstance(NativeConstructorAccessorImpl.java:64)
	at java.base/jdk.internal.reflect.DelegatingConstructorAccessorImpl.newInstance(DelegatingConstructorAccessorImpl.java:45)
	at java.base/java.lang.reflect.Constructor.newInstanceWithCaller(Constructor.java:500)
	at java.base/java.lang.reflect.Constructor.newInstance(Constructor.java:481)
	at org.openqa.selenium.remote.codec.w3c.W3CHttpResponseCodec.createException(W3CHttpResponseCodec.java:200)
	at org.openqa.selenium.remote.codec.w3c.W3CHttpResponseCodec.decode(W3CHttpResponseCodec.java:133)
	at org.openqa.selenium.remote.codec.w3c.W3CHttpResponseCodec.decode(W3CHttpResponseCodec.java:53)
	at org.openqa.selenium.remote.HttpCommandExecutor.execute(HttpCommandExecutor.java:184)
	at org.openqa.selenium.remote.service.DriverCommandExecutor.invokeExecute(DriverCommandExecutor.java:167)
	at org.openqa.selenium.remote.service.DriverCommandExecutor.execute(DriverCommandExecutor.java:142)
	at org.openqa.selenium.remote.RemoteWebDriver.execute(RemoteWebDriver.java:543)
	at org.openqa.selenium.remote.ElementLocation$ElementFinder$2.findElement(ElementLocation.java:162)
	at org.openqa.selenium.remote.ElementLocation.findElement(ElementLocation.java:60)
	at org.openqa.selenium.remote.RemoteWebDriver.findElement(RemoteWebDriver.java:352)
	at org.openqa.selenium.remote.RemoteWebDriver.findElement(RemoteWebDriver.java:344)
	at org.openqa.selenium.support.pagefactory.DefaultElementLocator.findElement(DefaultElementLocator.java:70)
	at org.openqa.selenium.support.pagefactory.internal.LocatingElementHandler.invoke(LocatingElementHandler.java:39)
	at com.sun.proxy.$Proxy24.click(Unknown Source)
	at locator.user.UserPage.setButtonEditProfileUser(UserPage.java:106)
	at step_definitions.UserStepDef.AdminStepDef.adminClickButtonEdit(AdminStepDef.java:55)
	at ✽.Admin click button edit profile(classpath:features//UserFeature/AdminUpdateUserNegativeCase.feature:10)
</error>
    <system-out>
@AdminUpdateProfileUserNegative @Automate @UserFeature
Scenario Outline: Admin Update User with Invalid Parameter                   &amp;#27;[90m# features//UserFeature/AdminUpdateUserNegativeCase.feature:20&amp;#27;[0m
  &amp;#27;[32mGiven &amp;#27;[0m&amp;#27;[32mUser already in landing page&amp;#27;[0m                                         &amp;#27;[90m# step_definitions.LogInOutSteps.userAlreadyInLandingPage()&amp;#27;[0m
  &amp;#27;[32mWhen &amp;#27;[0m&amp;#27;[32mUser input &amp;#27;[0m&amp;#27;[32m&amp;#27;[1m&quot;admin@alta.com&quot;&amp;#27;[0m&amp;#27;[32m as email and &amp;#27;[0m&amp;#27;[32m&amp;#27;[1m&quot;admin&quot;&amp;#27;[0m&amp;#27;[32m as password&amp;#27;[0m          &amp;#27;[90m# step_definitions.LogInOutSteps.userInputAsEmailAndAsPassword(java.lang.String,java.lang.String)&amp;#27;[0m
  &amp;#27;[32mThen &amp;#27;[0m&amp;#27;[32mUser already in dashboard page&amp;#27;[0m                                        &amp;#27;[90m# step_definitions.LogInOutSteps.userAlreadyInDashboardPage()&amp;#27;[0m
  &amp;#27;[32mThen &amp;#27;[0m&amp;#27;[32mAdmin clicked button user page&amp;#27;[0m                                        &amp;#27;[90m# step_definitions.UserStepDef.AdminStepDef.adminClickedButtonUserPage()&amp;#27;[0m
  &amp;#27;[32mAnd &amp;#27;[0m&amp;#27;[32mAdmin already in user page&amp;#27;[0m                                             &amp;#27;[90m# step_definitions.UserStepDef.AdminStepDef.adminAlreadyInUserPage()&amp;#27;[0m
  &amp;#27;[31mThen &amp;#27;[0m&amp;#27;[31mAdmin click button edit profile&amp;#27;[0m                                       &amp;#27;[90m# step_definitions.UserStepDef.AdminStepDef.adminClickButtonEdit()&amp;#27;[0m
      &amp;#27;[31morg.openqa.selenium.NoSuchElementException: no such element: Unable to locate element: {&quot;method&quot;:&quot;css selector&quot;,&quot;selector&quot;:&quot;tbody &gt; tr:nth-of-type(5) .text-green-600&quot;}
  (Session info: chrome=111.0.5563.65)
For documentation on this error, please visit: https://selenium.dev/exceptions/#no_such_element
Build info: version: &apos;4.8.0&apos;, revision: &apos;267030adea&apos;
System info: os.name: &apos;Windows 10&apos;, os.arch: &apos;amd64&apos;, os.version: &apos;10.0&apos;, java.version: &apos;15.0.2&apos;
Driver info: org.openqa.selenium.chrome.ChromeDriver
Command: [bb0dac4332a0f1b91851fd941ceee34d, findElement {using=css selector, value=tbody &gt; tr:nth-of-type(5) .text-green-600}]
Capabilities {acceptInsecureCerts: false, browserName: chrome, browserVersion: 111.0.5563.65, chrome: {chromedriverVersion: 111.0.5563.64 (c710e93d5b63..., userDataDir: C:\Users\mafaa\AppData\Loca...}, goog:chromeOptions: {debuggerAddress: localhost:9037}, networkConnectionEnabled: false, pageLoadStrategy: normal, platformName: WINDOWS, proxy: Proxy(), se:cdp: ws://localhost:9037/devtool..., se:cdpVersion: 111.0.5563.65, setWindowRect: true, strictFileInteractability: false, timeouts: {implicit: 0, pageLoad: 300000, script: 30000}, unhandledPromptBehavior: dismiss and notify, webauthn:extension:credBlob: true, webauthn:extension:largeBlob: true, webauthn:extension:minPinLength: true, webauthn:extension:prf: true, webauthn:virtualAuthenticators: true}
Session ID: bb0dac4332a0f1b91851fd941ceee34d
	at java.base/jdk.internal.reflect.NativeConstructorAccessorImpl.newInstance0(Native Method)
	at java.base/jdk.internal.reflect.NativeConstructorAccessorImpl.newInstance(NativeConstructorAccessorImpl.java:64)
	at java.base/jdk.internal.reflect.DelegatingConstructorAccessorImpl.newInstance(DelegatingConstructorAccessorImpl.java:45)
	at java.base/java.lang.reflect.Constructor.newInstanceWithCaller(Constructor.java:500)
	at java.base/java.lang.reflect.Constructor.newInstance(Constructor.java:481)
	at org.openqa.selenium.remote.codec.w3c.W3CHttpResponseCodec.createException(W3CHttpResponseCodec.java:200)
	at org.openqa.selenium.remote.codec.w3c.W3CHttpResponseCodec.decode(W3CHttpResponseCodec.java:133)
	at org.openqa.selenium.remote.codec.w3c.W3CHttpResponseCodec.decode(W3CHttpResponseCodec.java:53)
	at org.openqa.selenium.remote.HttpCommandExecutor.execute(HttpCommandExecutor.java:184)
	at org.openqa.selenium.remote.service.DriverCommandExecutor.invokeExecute(DriverCommandExecutor.java:167)
	at org.openqa.selenium.remote.service.DriverCommandExecutor.execute(DriverCommandExecutor.java:142)
	at org.openqa.selenium.remote.RemoteWebDriver.execute(RemoteWebDriver.java:543)
	at org.openqa.selenium.remote.ElementLocation$ElementFinder$2.findElement(ElementLocation.java:162)
	at org.openqa.selenium.remote.ElementLocation.findElement(ElementLocation.java:60)
	at org.openqa.selenium.remote.RemoteWebDriver.findElement(RemoteWebDriver.java:352)
	at org.openqa.selenium.remote.RemoteWebDriver.findElement(RemoteWebDriver.java:344)
	at org.openqa.selenium.support.pagefactory.DefaultElementLocator.findElement(DefaultElementLocator.java:70)
	at org.openqa.selenium.support.pagefactory.internal.LocatingElementHandler.invoke(LocatingElementHandler.java:39)
	at com.sun.proxy.$Proxy24.click(Unknown Source)
	at locator.user.UserPage.setButtonEditProfileUser(UserPage.java:106)
	at step_definitions.UserStepDef.AdminStepDef.adminClickButtonEdit(AdminStepDef.java:55)
	at ✽.Admin click button edit profile(classpath:features//UserFeature/AdminUpdateUserNegativeCase.feature:10)
&amp;#27;[0m
  &amp;#27;[36mAnd &amp;#27;[0m&amp;#27;[36mShow Pop up Form Edit User&amp;#27;[0m                                             &amp;#27;[90m# step_definitions.UserStepDef.AdminStepDef.showPopUpFormEditUser()&amp;#27;[0m
  &amp;#27;[36mThen &amp;#27;[0m&amp;#27;[36mAdmin input &amp;#27;[0m&amp;#27;[36m&amp;#27;[1m&quot;$%$^$^%$&quot;&amp;#27;[0m&amp;#27;[36m as new Nama and &amp;#27;[0m&amp;#27;[36m&amp;#27;[1m&quot;sulit@gmail.com&quot;&amp;#27;[0m&amp;#27;[36m as new Email&amp;#27;[0m &amp;#27;[90m# step_definitions.UserStepDef.AdminStepDef.adminEditProfileUser(java.lang.String,java.lang.String)&amp;#27;[0m
  &amp;#27;[36mAnd &amp;#27;[0m&amp;#27;[36mChoose team &amp;#27;[0m&amp;#27;[36m&amp;#27;[1m&quot;People Skill&quot;&amp;#27;[0m                                             &amp;#27;[90m# step_definitions.UserStepDef.AdminStepDef.setTeam(java.lang.String)&amp;#27;[0m
  &amp;#27;[36mAnd &amp;#27;[0m&amp;#27;[36mChoose status &amp;#27;[0m&amp;#27;[36m&amp;#27;[1m&quot;Not-Active&quot;&amp;#27;[0m                                             &amp;#27;[90m# step_definitions.UserStepDef.AdminStepDef.setStatus(java.lang.String)&amp;#27;[0m
  &amp;#27;[36mThen &amp;#27;[0m&amp;#27;[36mClick button Cancel&amp;#27;[0m                                                   &amp;#27;[90m# step_definitions.UserStepDef.AdminStepDef.clickBtnTambah()&amp;#27;[0m
</system-out>
    <system-err>Starting ChromeDriver 111.0.5563.64 (c710e93d5b63b7095afe8c2c17df34408078439d-refs/branch-heads/5563@{#995}) on port 33230
Only local connections are allowed.
Please see https://chromedriver.chromium.org/security-considerations for suggestions on keeping ChromeDriver safe.
ChromeDriver was started successfully.
Mar 21, 2023 11:28:20 AM org.openqa.selenium.devtools.CdpVersionFinder findNearestMatch
WARNING: Unable to find an exact match for CDP version 111, so returning the closest version found: 109
</system-err>
  </testcase>
  <testcase classname="[Negative Case] Update User as Admin" name="Admin Update User with blank Parameter" time="9.272">
    <error message="no such element: Unable to locate element: {&quot;method&quot;:&quot;css selector&quot;,&quot;selector&quot;:&quot;tbody &gt; tr:nth-of-type(5) .text-green-600&quot;}
  (Session info: chrome=111.0.5563.65)
For documentation on this error, please visit: https://selenium.dev/exceptions/#no_such_element
Build info: version: &apos;4.8.0&apos;, revision: &apos;267030adea&apos;
System info: os.name: &apos;Windows 10&apos;, os.arch: &apos;amd64&apos;, os.version: &apos;10.0&apos;, java.version: &apos;15.0.2&apos;
Driver info: org.openqa.selenium.chrome.ChromeDriver
Command: [dedee53c5f3b51345be24aa39c66d4b9, findElement {using=css selector, value=tbody &gt; tr:nth-of-type(5) .text-green-600}]
Capabilities {acceptInsecureCerts: false, browserName: chrome, browserVersion: 111.0.5563.65, chrome: {chromedriverVersion: 111.0.5563.64 (c710e93d5b63..., userDataDir: C:\Users\mafaa\AppData\Loca...}, goog:chromeOptions: {debuggerAddress: localhost:9085}, networkConnectionEnabled: false, pageLoadStrategy: normal, platformName: WINDOWS, proxy: Proxy(), se:cdp: ws://localhost:9085/devtool..., se:cdpVersion: 111.0.5563.65, setWindowRect: true, strictFileInteractability: false, timeouts: {implicit: 0, pageLoad: 300000, script: 30000}, unhandledPromptBehavior: dismiss and notify, webauthn:extension:credBlob: true, webauthn:extension:largeBlob: true, webauthn:extension:minPinLength: true, webauthn:extension:prf: true, webauthn:virtualAuthenticators: true}
Session ID: dedee53c5f3b51345be24aa39c66d4b9" type="org.openqa.selenium.NoSuchElementException">org.openqa.selenium.NoSuchElementException: no such element: Unable to locate element: {&quot;method&quot;:&quot;css selector&quot;,&quot;selector&quot;:&quot;tbody &gt; tr:nth-of-type(5) .text-green-600&quot;}
  (Session info: chrome=111.0.5563.65)
For documentation on this error, please visit: https://selenium.dev/exceptions/#no_such_element
Build info: version: &apos;4.8.0&apos;, revision: &apos;267030adea&apos;
System info: os.name: &apos;Windows 10&apos;, os.arch: &apos;amd64&apos;, os.version: &apos;10.0&apos;, java.version: &apos;15.0.2&apos;
Driver info: org.openqa.selenium.chrome.ChromeDriver
Command: [dedee53c5f3b51345be24aa39c66d4b9, findElement {using=css selector, value=tbody &gt; tr:nth-of-type(5) .text-green-600}]
Capabilities {acceptInsecureCerts: false, browserName: chrome, browserVersion: 111.0.5563.65, chrome: {chromedriverVersion: 111.0.5563.64 (c710e93d5b63..., userDataDir: C:\Users\mafaa\AppData\Loca...}, goog:chromeOptions: {debuggerAddress: localhost:9085}, networkConnectionEnabled: false, pageLoadStrategy: normal, platformName: WINDOWS, proxy: Proxy(), se:cdp: ws://localhost:9085/devtool..., se:cdpVersion: 111.0.5563.65, setWindowRect: true, strictFileInteractability: false, timeouts: {implicit: 0, pageLoad: 300000, script: 30000}, unhandledPromptBehavior: dismiss and notify, webauthn:extension:credBlob: true, webauthn:extension:largeBlob: true, webauthn:extension:minPinLength: true, webauthn:extension:prf: true, webauthn:virtualAuthenticators: true}
Session ID: dedee53c5f3b51345be24aa39c66d4b9
	at java.base/jdk.internal.reflect.NativeConstructorAccessorImpl.newInstance0(Native Method)
	at java.base/jdk.internal.reflect.NativeConstructorAccessorImpl.newInstance(NativeConstructorAccessorImpl.java:64)
	at java.base/jdk.internal.reflect.DelegatingConstructorAccessorImpl.newInstance(DelegatingConstructorAccessorImpl.java:45)
	at java.base/java.lang.reflect.Constructor.newInstanceWithCaller(Constructor.java:500)
	at java.base/java.lang.reflect.Constructor.newInstance(Constructor.java:481)
	at org.openqa.selenium.remote.codec.w3c.W3CHttpResponseCodec.createException(W3CHttpResponseCodec.java:200)
	at org.openqa.selenium.remote.codec.w3c.W3CHttpResponseCodec.decode(W3CHttpResponseCodec.java:133)
	at org.openqa.selenium.remote.codec.w3c.W3CHttpResponseCodec.decode(W3CHttpResponseCodec.java:53)
	at org.openqa.selenium.remote.HttpCommandExecutor.execute(HttpCommandExecutor.java:184)
	at org.openqa.selenium.remote.service.DriverCommandExecutor.invokeExecute(DriverCommandExecutor.java:167)
	at org.openqa.selenium.remote.service.DriverCommandExecutor.execute(DriverCommandExecutor.java:142)
	at org.openqa.selenium.remote.RemoteWebDriver.execute(RemoteWebDriver.java:543)
	at org.openqa.selenium.remote.ElementLocation$ElementFinder$2.findElement(ElementLocation.java:162)
	at org.openqa.selenium.remote.ElementLocation.findElement(ElementLocation.java:60)
	at org.openqa.selenium.remote.RemoteWebDriver.findElement(RemoteWebDriver.java:352)
	at org.openqa.selenium.remote.RemoteWebDriver.findElement(RemoteWebDriver.java:344)
	at org.openqa.selenium.support.pagefactory.DefaultElementLocator.findElement(DefaultElementLocator.java:70)
	at org.openqa.selenium.support.pagefactory.internal.LocatingElementHandler.invoke(LocatingElementHandler.java:39)
	at com.sun.proxy.$Proxy24.click(Unknown Source)
	at locator.user.UserPage.setButtonEditProfileUser(UserPage.java:106)
	at step_definitions.UserStepDef.AdminStepDef.adminClickButtonEdit(AdminStepDef.java:55)
	at ✽.Admin click button edit profile(classpath:features//UserFeature/AdminUpdateUserNegativeCase.feature:28)
</error>
    <system-out>
@AdminUpdateProfileUserNegative @Automate @UserFeature
Scenario: Admin Update User with blank Parameter                    &amp;#27;[90m# features//UserFeature/AdminUpdateUserNegativeCase.feature:22&amp;#27;[0m
  &amp;#27;[32mGiven &amp;#27;[0m&amp;#27;[32mUser already in landing page&amp;#27;[0m                                &amp;#27;[90m# step_definitions.LogInOutSteps.userAlreadyInLandingPage()&amp;#27;[0m
  &amp;#27;[32mWhen &amp;#27;[0m&amp;#27;[32mUser input &amp;#27;[0m&amp;#27;[32m&amp;#27;[1m&quot;admin@alta.com&quot;&amp;#27;[0m&amp;#27;[32m as email and &amp;#27;[0m&amp;#27;[32m&amp;#27;[1m&quot;admin&quot;&amp;#27;[0m&amp;#27;[32m as password&amp;#27;[0m &amp;#27;[90m# step_definitions.LogInOutSteps.userInputAsEmailAndAsPassword(java.lang.String,java.lang.String)&amp;#27;[0m
  &amp;#27;[32mThen &amp;#27;[0m&amp;#27;[32mUser already in dashboard page&amp;#27;[0m                               &amp;#27;[90m# step_definitions.LogInOutSteps.userAlreadyInDashboardPage()&amp;#27;[0m
  &amp;#27;[32mThen &amp;#27;[0m&amp;#27;[32mAdmin clicked button user page&amp;#27;[0m                               &amp;#27;[90m# step_definitions.UserStepDef.AdminStepDef.adminClickedButtonUserPage()&amp;#27;[0m
  &amp;#27;[32mAnd &amp;#27;[0m&amp;#27;[32mAdmin already in user page&amp;#27;[0m                                    &amp;#27;[90m# step_definitions.UserStepDef.AdminStepDef.adminAlreadyInUserPage()&amp;#27;[0m
  &amp;#27;[31mThen &amp;#27;[0m&amp;#27;[31mAdmin click button edit profile&amp;#27;[0m                              &amp;#27;[90m# step_definitions.UserStepDef.AdminStepDef.adminClickButtonEdit()&amp;#27;[0m
      &amp;#27;[31morg.openqa.selenium.NoSuchElementException: no such element: Unable to locate element: {&quot;method&quot;:&quot;css selector&quot;,&quot;selector&quot;:&quot;tbody &gt; tr:nth-of-type(5) .text-green-600&quot;}
  (Session info: chrome=111.0.5563.65)
For documentation on this error, please visit: https://selenium.dev/exceptions/#no_such_element
Build info: version: &apos;4.8.0&apos;, revision: &apos;267030adea&apos;
System info: os.name: &apos;Windows 10&apos;, os.arch: &apos;amd64&apos;, os.version: &apos;10.0&apos;, java.version: &apos;15.0.2&apos;
Driver info: org.openqa.selenium.chrome.ChromeDriver
Command: [dedee53c5f3b51345be24aa39c66d4b9, findElement {using=css selector, value=tbody &gt; tr:nth-of-type(5) .text-green-600}]
Capabilities {acceptInsecureCerts: false, browserName: chrome, browserVersion: 111.0.5563.65, chrome: {chromedriverVersion: 111.0.5563.64 (c710e93d5b63..., userDataDir: C:\Users\mafaa\AppData\Loca...}, goog:chromeOptions: {debuggerAddress: localhost:9085}, networkConnectionEnabled: false, pageLoadStrategy: normal, platformName: WINDOWS, proxy: Proxy(), se:cdp: ws://localhost:9085/devtool..., se:cdpVersion: 111.0.5563.65, setWindowRect: true, strictFileInteractability: false, timeouts: {implicit: 0, pageLoad: 300000, script: 30000}, unhandledPromptBehavior: dismiss and notify, webauthn:extension:credBlob: true, webauthn:extension:largeBlob: true, webauthn:extension:minPinLength: true, webauthn:extension:prf: true, webauthn:virtualAuthenticators: true}
Session ID: dedee53c5f3b51345be24aa39c66d4b9
	at java.base/jdk.internal.reflect.NativeConstructorAccessorImpl.newInstance0(Native Method)
	at java.base/jdk.internal.reflect.NativeConstructorAccessorImpl.newInstance(NativeConstructorAccessorImpl.java:64)
	at java.base/jdk.internal.reflect.DelegatingConstructorAccessorImpl.newInstance(DelegatingConstructorAccessorImpl.java:45)
	at java.base/java.lang.reflect.Constructor.newInstanceWithCaller(Constructor.java:500)
	at java.base/java.lang.reflect.Constructor.newInstance(Constructor.java:481)
	at org.openqa.selenium.remote.codec.w3c.W3CHttpResponseCodec.createException(W3CHttpResponseCodec.java:200)
	at org.openqa.selenium.remote.codec.w3c.W3CHttpResponseCodec.decode(W3CHttpResponseCodec.java:133)
	at org.openqa.selenium.remote.codec.w3c.W3CHttpResponseCodec.decode(W3CHttpResponseCodec.java:53)
	at org.openqa.selenium.remote.HttpCommandExecutor.execute(HttpCommandExecutor.java:184)
	at org.openqa.selenium.remote.service.DriverCommandExecutor.invokeExecute(DriverCommandExecutor.java:167)
	at org.openqa.selenium.remote.service.DriverCommandExecutor.execute(DriverCommandExecutor.java:142)
	at org.openqa.selenium.remote.RemoteWebDriver.execute(RemoteWebDriver.java:543)
	at org.openqa.selenium.remote.ElementLocation$ElementFinder$2.findElement(ElementLocation.java:162)
	at org.openqa.selenium.remote.ElementLocation.findElement(ElementLocation.java:60)
	at org.openqa.selenium.remote.RemoteWebDriver.findElement(RemoteWebDriver.java:352)
	at org.openqa.selenium.remote.RemoteWebDriver.findElement(RemoteWebDriver.java:344)
	at org.openqa.selenium.support.pagefactory.DefaultElementLocator.findElement(DefaultElementLocator.java:70)
	at org.openqa.selenium.support.pagefactory.internal.LocatingElementHandler.invoke(LocatingElementHandler.java:39)
	at com.sun.proxy.$Proxy24.click(Unknown Source)
	at locator.user.UserPage.setButtonEditProfileUser(UserPage.java:106)
	at step_definitions.UserStepDef.AdminStepDef.adminClickButtonEdit(AdminStepDef.java:55)
	at ✽.Admin click button edit profile(classpath:features//UserFeature/AdminUpdateUserNegativeCase.feature:28)
&amp;#27;[0m
  &amp;#27;[36mAnd &amp;#27;[0m&amp;#27;[36mShow Pop up Form Edit User&amp;#27;[0m                                    &amp;#27;[90m# step_definitions.UserStepDef.AdminStepDef.showPopUpFormEditUser()&amp;#27;[0m
  &amp;#27;[36mThen &amp;#27;[0m&amp;#27;[36mAdmin input &amp;#27;[0m&amp;#27;[36m&amp;#27;[1m&quot;Slowpoke&quot;&amp;#27;[0m&amp;#27;[36m as new Nama and &amp;#27;[0m&amp;#27;[36m&amp;#27;[1mblank&amp;#27;[0m&amp;#27;[36m as Blank Email&amp;#27;[0m  &amp;#27;[90m# step_definitions.UserStepDef.AdminStepDef.adminEditProfileUserWithBlank(java.lang.String,java.lang.String)&amp;#27;[0m
  &amp;#27;[36mAnd &amp;#27;[0m&amp;#27;[36mChoose team &amp;#27;[0m&amp;#27;[36m&amp;#27;[1m&quot;People Skill&quot;&amp;#27;[0m                                    &amp;#27;[90m# step_definitions.UserStepDef.AdminStepDef.setTeam(java.lang.String)&amp;#27;[0m
  &amp;#27;[36mAnd &amp;#27;[0m&amp;#27;[36mChoose status &amp;#27;[0m&amp;#27;[36m&amp;#27;[1m&quot;Not-Active&quot;&amp;#27;[0m                                    &amp;#27;[90m# step_definitions.UserStepDef.AdminStepDef.setStatus(java.lang.String)&amp;#27;[0m
  &amp;#27;[36mThen &amp;#27;[0m&amp;#27;[36mClick button Cancel&amp;#27;[0m                                          &amp;#27;[90m# step_definitions.UserStepDef.AdminStepDef.clickBtnTambah()&amp;#27;[0m
</system-out>
    <system-err>Starting ChromeDriver 111.0.5563.64 (c710e93d5b63b7095afe8c2c17df34408078439d-refs/branch-heads/5563@{#995}) on port 39847
Only local connections are allowed.
Please see https://chromedriver.chromium.org/security-considerations for suggestions on keeping ChromeDriver safe.
ChromeDriver was started successfully.
Mar 21, 2023 11:28:28 AM org.openqa.selenium.devtools.CdpVersionFinder findNearestMatch
WARNING: Unable to find an exact match for CDP version 111, so returning the closest version found: 109
</system-err>
  </testcase>
  <testcase classname="[Positive Case] Update User as Admin" name="Admin Update User with Valid Parameter" time="8.907">
    <error message="no such element: Unable to locate element: {&quot;method&quot;:&quot;css selector&quot;,&quot;selector&quot;:&quot;tbody &gt; tr:nth-of-type(5) .text-green-600&quot;}
  (Session info: chrome=111.0.5563.65)
For documentation on this error, please visit: https://selenium.dev/exceptions/#no_such_element
Build info: version: &apos;4.8.0&apos;, revision: &apos;267030adea&apos;
System info: os.name: &apos;Windows 10&apos;, os.arch: &apos;amd64&apos;, os.version: &apos;10.0&apos;, java.version: &apos;15.0.2&apos;
Driver info: org.openqa.selenium.chrome.ChromeDriver
Command: [b602c3852fd2410e85e30cbe715cea0d, findElement {using=css selector, value=tbody &gt; tr:nth-of-type(5) .text-green-600}]
Capabilities {acceptInsecureCerts: false, browserName: chrome, browserVersion: 111.0.5563.65, chrome: {chromedriverVersion: 111.0.5563.64 (c710e93d5b63..., userDataDir: C:\Users\mafaa\AppData\Loca...}, goog:chromeOptions: {debuggerAddress: localhost:9143}, networkConnectionEnabled: false, pageLoadStrategy: normal, platformName: WINDOWS, proxy: Proxy(), se:cdp: ws://localhost:9143/devtool..., se:cdpVersion: 111.0.5563.65, setWindowRect: true, strictFileInteractability: false, timeouts: {implicit: 0, pageLoad: 300000, script: 30000}, unhandledPromptBehavior: dismiss and notify, webauthn:extension:credBlob: true, webauthn:extension:largeBlob: true, webauthn:extension:minPinLength: true, webauthn:extension:prf: true, webauthn:virtualAuthenticators: true}
Session ID: b602c3852fd2410e85e30cbe715cea0d" type="org.openqa.selenium.NoSuchElementException">org.openqa.selenium.NoSuchElementException: no such element: Unable to locate element: {&quot;method&quot;:&quot;css selector&quot;,&quot;selector&quot;:&quot;tbody &gt; tr:nth-of-type(5) .text-green-600&quot;}
  (Session info: chrome=111.0.5563.65)
For documentation on this error, please visit: https://selenium.dev/exceptions/#no_such_element
Build info: version: &apos;4.8.0&apos;, revision: &apos;267030adea&apos;
System info: os.name: &apos;Windows 10&apos;, os.arch: &apos;amd64&apos;, os.version: &apos;10.0&apos;, java.version: &apos;15.0.2&apos;
Driver info: org.openqa.selenium.chrome.ChromeDriver
Command: [b602c3852fd2410e85e30cbe715cea0d, findElement {using=css selector, value=tbody &gt; tr:nth-of-type(5) .text-green-600}]
Capabilities {acceptInsecureCerts: false, browserName: chrome, browserVersion: 111.0.5563.65, chrome: {chromedriverVersion: 111.0.5563.64 (c710e93d5b63..., userDataDir: C:\Users\mafaa\AppData\Loca...}, goog:chromeOptions: {debuggerAddress: localhost:9143}, networkConnectionEnabled: false, pageLoadStrategy: normal, platformName: WINDOWS, proxy: Proxy(), se:cdp: ws://localhost:9143/devtool..., se:cdpVersion: 111.0.5563.65, setWindowRect: true, strictFileInteractability: false, timeouts: {implicit: 0, pageLoad: 300000, script: 30000}, unhandledPromptBehavior: dismiss and notify, webauthn:extension:credBlob: true, webauthn:extension:largeBlob: true, webauthn:extension:minPinLength: true, webauthn:extension:prf: true, webauthn:virtualAuthenticators: true}
Session ID: b602c3852fd2410e85e30cbe715cea0d
	at java.base/jdk.internal.reflect.NativeConstructorAccessorImpl.newInstance0(Native Method)
	at java.base/jdk.internal.reflect.NativeConstructorAccessorImpl.newInstance(NativeConstructorAccessorImpl.java:64)
	at java.base/jdk.internal.reflect.DelegatingConstructorAccessorImpl.newInstance(DelegatingConstructorAccessorImpl.java:45)
	at java.base/java.lang.reflect.Constructor.newInstanceWithCaller(Constructor.java:500)
	at java.base/java.lang.reflect.Constructor.newInstance(Constructor.java:481)
	at org.openqa.selenium.remote.codec.w3c.W3CHttpResponseCodec.createException(W3CHttpResponseCodec.java:200)
	at org.openqa.selenium.remote.codec.w3c.W3CHttpResponseCodec.decode(W3CHttpResponseCodec.java:133)
	at org.openqa.selenium.remote.codec.w3c.W3CHttpResponseCodec.decode(W3CHttpResponseCodec.java:53)
	at org.openqa.selenium.remote.HttpCommandExecutor.execute(HttpCommandExecutor.java:184)
	at org.openqa.selenium.remote.service.DriverCommandExecutor.invokeExecute(DriverCommandExecutor.java:167)
	at org.openqa.selenium.remote.service.DriverCommandExecutor.execute(DriverCommandExecutor.java:142)
	at org.openqa.selenium.remote.RemoteWebDriver.execute(RemoteWebDriver.java:543)
	at org.openqa.selenium.remote.ElementLocation$ElementFinder$2.findElement(ElementLocation.java:162)
	at org.openqa.selenium.remote.ElementLocation.findElement(ElementLocation.java:60)
	at org.openqa.selenium.remote.RemoteWebDriver.findElement(RemoteWebDriver.java:352)
	at org.openqa.selenium.remote.RemoteWebDriver.findElement(RemoteWebDriver.java:344)
	at org.openqa.selenium.support.pagefactory.DefaultElementLocator.findElement(DefaultElementLocator.java:70)
	at org.openqa.selenium.support.pagefactory.internal.LocatingElementHandler.invoke(LocatingElementHandler.java:39)
	at com.sun.proxy.$Proxy24.click(Unknown Source)
	at locator.user.UserPage.setButtonEditProfileUser(UserPage.java:106)
	at step_definitions.UserStepDef.AdminStepDef.adminClickButtonEdit(AdminStepDef.java:55)
	at ✽.Admin click button edit profile(classpath:features//UserFeature/AdminUpdateUserPositiveCase.feature:10)
</error>
    <system-out>
@AdminUpdateProfileUserPositive @Automate @UserFeature
Scenario: Admin Update User with Valid Parameter                                    &amp;#27;[90m# features//UserFeature/AdminUpdateUserPositiveCase.feature:4&amp;#27;[0m
  &amp;#27;[32mGiven &amp;#27;[0m&amp;#27;[32mUser already in landing page&amp;#27;[0m                                                &amp;#27;[90m# step_definitions.LogInOutSteps.userAlreadyInLandingPage()&amp;#27;[0m
  &amp;#27;[32mWhen &amp;#27;[0m&amp;#27;[32mUser input &amp;#27;[0m&amp;#27;[32m&amp;#27;[1m&quot;admin@alta.com&quot;&amp;#27;[0m&amp;#27;[32m as email and &amp;#27;[0m&amp;#27;[32m&amp;#27;[1m&quot;admin&quot;&amp;#27;[0m&amp;#27;[32m as password&amp;#27;[0m                 &amp;#27;[90m# step_definitions.LogInOutSteps.userInputAsEmailAndAsPassword(java.lang.String,java.lang.String)&amp;#27;[0m
  &amp;#27;[32mThen &amp;#27;[0m&amp;#27;[32mUser already in dashboard page&amp;#27;[0m                                               &amp;#27;[90m# step_definitions.LogInOutSteps.userAlreadyInDashboardPage()&amp;#27;[0m
  &amp;#27;[32mThen &amp;#27;[0m&amp;#27;[32mAdmin clicked button user page&amp;#27;[0m                                               &amp;#27;[90m# step_definitions.UserStepDef.AdminStepDef.adminClickedButtonUserPage()&amp;#27;[0m
  &amp;#27;[32mAnd &amp;#27;[0m&amp;#27;[32mAdmin already in user page&amp;#27;[0m                                                    &amp;#27;[90m# step_definitions.UserStepDef.AdminStepDef.adminAlreadyInUserPage()&amp;#27;[0m
  &amp;#27;[31mThen &amp;#27;[0m&amp;#27;[31mAdmin click button edit profile&amp;#27;[0m                                              &amp;#27;[90m# step_definitions.UserStepDef.AdminStepDef.adminClickButtonEdit()&amp;#27;[0m
      &amp;#27;[31morg.openqa.selenium.NoSuchElementException: no such element: Unable to locate element: {&quot;method&quot;:&quot;css selector&quot;,&quot;selector&quot;:&quot;tbody &gt; tr:nth-of-type(5) .text-green-600&quot;}
  (Session info: chrome=111.0.5563.65)
For documentation on this error, please visit: https://selenium.dev/exceptions/#no_such_element
Build info: version: &apos;4.8.0&apos;, revision: &apos;267030adea&apos;
System info: os.name: &apos;Windows 10&apos;, os.arch: &apos;amd64&apos;, os.version: &apos;10.0&apos;, java.version: &apos;15.0.2&apos;
Driver info: org.openqa.selenium.chrome.ChromeDriver
Command: [b602c3852fd2410e85e30cbe715cea0d, findElement {using=css selector, value=tbody &gt; tr:nth-of-type(5) .text-green-600}]
Capabilities {acceptInsecureCerts: false, browserName: chrome, browserVersion: 111.0.5563.65, chrome: {chromedriverVersion: 111.0.5563.64 (c710e93d5b63..., userDataDir: C:\Users\mafaa\AppData\Loca...}, goog:chromeOptions: {debuggerAddress: localhost:9143}, networkConnectionEnabled: false, pageLoadStrategy: normal, platformName: WINDOWS, proxy: Proxy(), se:cdp: ws://localhost:9143/devtool..., se:cdpVersion: 111.0.5563.65, setWindowRect: true, strictFileInteractability: false, timeouts: {implicit: 0, pageLoad: 300000, script: 30000}, unhandledPromptBehavior: dismiss and notify, webauthn:extension:credBlob: true, webauthn:extension:largeBlob: true, webauthn:extension:minPinLength: true, webauthn:extension:prf: true, webauthn:virtualAuthenticators: true}
Session ID: b602c3852fd2410e85e30cbe715cea0d
	at java.base/jdk.internal.reflect.NativeConstructorAccessorImpl.newInstance0(Native Method)
	at java.base/jdk.internal.reflect.NativeConstructorAccessorImpl.newInstance(NativeConstructorAccessorImpl.java:64)
	at java.base/jdk.internal.reflect.DelegatingConstructorAccessorImpl.newInstance(DelegatingConstructorAccessorImpl.java:45)
	at java.base/java.lang.reflect.Constructor.newInstanceWithCaller(Constructor.java:500)
	at java.base/java.lang.reflect.Constructor.newInstance(Constructor.java:481)
	at org.openqa.selenium.remote.codec.w3c.W3CHttpResponseCodec.createException(W3CHttpResponseCodec.java:200)
	at org.openqa.selenium.remote.codec.w3c.W3CHttpResponseCodec.decode(W3CHttpResponseCodec.java:133)
	at org.openqa.selenium.remote.codec.w3c.W3CHttpResponseCodec.decode(W3CHttpResponseCodec.java:53)
	at org.openqa.selenium.remote.HttpCommandExecutor.execute(HttpCommandExecutor.java:184)
	at org.openqa.selenium.remote.service.DriverCommandExecutor.invokeExecute(DriverCommandExecutor.java:167)
	at org.openqa.selenium.remote.service.DriverCommandExecutor.execute(DriverCommandExecutor.java:142)
	at org.openqa.selenium.remote.RemoteWebDriver.execute(RemoteWebDriver.java:543)
	at org.openqa.selenium.remote.ElementLocation$ElementFinder$2.findElement(ElementLocation.java:162)
	at org.openqa.selenium.remote.ElementLocation.findElement(ElementLocation.java:60)
	at org.openqa.selenium.remote.RemoteWebDriver.findElement(RemoteWebDriver.java:352)
	at org.openqa.selenium.remote.RemoteWebDriver.findElement(RemoteWebDriver.java:344)
	at org.openqa.selenium.support.pagefactory.DefaultElementLocator.findElement(DefaultElementLocator.java:70)
	at org.openqa.selenium.support.pagefactory.internal.LocatingElementHandler.invoke(LocatingElementHandler.java:39)
	at com.sun.proxy.$Proxy24.click(Unknown Source)
	at locator.user.UserPage.setButtonEditProfileUser(UserPage.java:106)
	at step_definitions.UserStepDef.AdminStepDef.adminClickButtonEdit(AdminStepDef.java:55)
	at ✽.Admin click button edit profile(classpath:features//UserFeature/AdminUpdateUserPositiveCase.feature:10)
&amp;#27;[0m
  &amp;#27;[36mAnd &amp;#27;[0m&amp;#27;[36mShow Pop up Form Edit User&amp;#27;[0m                                                    &amp;#27;[90m# step_definitions.UserStepDef.AdminStepDef.showPopUpFormEditUser()&amp;#27;[0m
  &amp;#27;[36mThen &amp;#27;[0m&amp;#27;[36mAdmin input &amp;#27;[0m&amp;#27;[36m&amp;#27;[1m&quot;Uchiha Itachi&quot;&amp;#27;[0m&amp;#27;[36m as new Nama and &amp;#27;[0m&amp;#27;[36m&amp;#27;[1m&quot;saringan@alta.com&quot;&amp;#27;[0m&amp;#27;[36m as new Email&amp;#27;[0m &amp;#27;[90m# step_definitions.UserStepDef.AdminStepDef.adminEditProfileUser(java.lang.String,java.lang.String)&amp;#27;[0m
  &amp;#27;[36mAnd &amp;#27;[0m&amp;#27;[36mChoose team &amp;#27;[0m&amp;#27;[36m&amp;#27;[1m&quot;People Skill&quot;&amp;#27;[0m                                                    &amp;#27;[90m# step_definitions.UserStepDef.AdminStepDef.setTeam(java.lang.String)&amp;#27;[0m
  &amp;#27;[36mAnd &amp;#27;[0m&amp;#27;[36mChoose status &amp;#27;[0m&amp;#27;[36m&amp;#27;[1m&quot;Not-Active&quot;&amp;#27;[0m                                                    &amp;#27;[90m# step_definitions.UserStepDef.AdminStepDef.setStatus(java.lang.String)&amp;#27;[0m
  &amp;#27;[36mThen &amp;#27;[0m&amp;#27;[36mClick button Save&amp;#27;[0m                                                            &amp;#27;[90m# step_definitions.UserStepDef.AdminStepDef.clickBtnSaveAddUser()&amp;#27;[0m
</system-out>
    <system-err>Starting ChromeDriver 111.0.5563.64 (c710e93d5b63b7095afe8c2c17df34408078439d-refs/branch-heads/5563@{#995}) on port 48173
Only local connections are allowed.
Please see https://chromedriver.chromium.org/security-considerations for suggestions on keeping ChromeDriver safe.
ChromeDriver was started successfully.
Mar 21, 2023 11:28:38 AM org.openqa.selenium.devtools.CdpVersionFinder findNearestMatch
WARNING: Unable to find an exact match for CDP version 111, so returning the closest version found: 109
</system-err>
  </testcase>
  <testcase classname="[Positive Case] Create User as User" name="User Create New User" time="13.043"/>
  <testcase classname="[Positive Case] Delete User as User" name="Admin Delete User" time="12.909"/>
  <testcase classname="[Positive Case] Search User as User" name="User Create New User" time="16.076"/>
  <testcase classname="[Positive Case] Update User as User" name="User Update User with Invalid Parameter" time="13.359"/>
  <testcase classname="Create Class #1" name="Admin create new class #1" time="8.107">
    <error message="Cannot locate option with text: Fajar Sadboy
For documentation on this error, please visit: https://selenium.dev/exceptions/#no_such_element
Build info: version: &apos;4.8.0&apos;, revision: &apos;267030adea&apos;
System info: os.name: &apos;Windows 10&apos;, os.arch: &apos;amd64&apos;, os.version: &apos;10.0&apos;, java.version: &apos;15.0.2&apos;
Driver info: driver.version: unknown" type="org.openqa.selenium.NoSuchElementException">org.openqa.selenium.NoSuchElementException: Cannot locate option with text: Fajar Sadboy
For documentation on this error, please visit: https://selenium.dev/exceptions/#no_such_element
Build info: version: &apos;4.8.0&apos;, revision: &apos;267030adea&apos;
System info: os.name: &apos;Windows 10&apos;, os.arch: &apos;amd64&apos;, os.version: &apos;10.0&apos;, java.version: &apos;15.0.2&apos;
Driver info: driver.version: unknown
	at org.openqa.selenium.support.ui.Select.selectByVisibleText(Select.java:153)
	at locator.classs.ClassPage.setMentorName(ClassPage.java:57)
	at step_definitions.classs.AdminClassStepDef.superAdminChooseMentor(AdminClassStepDef.java:41)
	at ✽.Super Admin choose mentor &quot;Fajar Sadboy&quot;(classpath:features//class/AdminCreateClass.feature:12)
</error>
    <system-out>
@Automate @AdminCreate @Admin
Scenario Outline: Admin create new class                            &amp;#27;[90m# features//class/AdminCreateClass.feature:19&amp;#27;[0m
  &amp;#27;[32mGiven &amp;#27;[0m&amp;#27;[32mUser already in landing page&amp;#27;[0m                                &amp;#27;[90m# step_definitions.LogInOutSteps.userAlreadyInLandingPage()&amp;#27;[0m
  &amp;#27;[32mWhen &amp;#27;[0m&amp;#27;[32mUser input &amp;#27;[0m&amp;#27;[32m&amp;#27;[1m&quot;admin@alta.com&quot;&amp;#27;[0m&amp;#27;[32m as email and &amp;#27;[0m&amp;#27;[32m&amp;#27;[1m&quot;admin&quot;&amp;#27;[0m&amp;#27;[32m as password&amp;#27;[0m &amp;#27;[90m# step_definitions.LogInOutSteps.userInputAsEmailAndAsPassword(java.lang.String,java.lang.String)&amp;#27;[0m
  &amp;#27;[32mThen &amp;#27;[0m&amp;#27;[32mUser already in dashboard page&amp;#27;[0m                               &amp;#27;[90m# step_definitions.LogInOutSteps.userAlreadyInDashboardPage()&amp;#27;[0m
  &amp;#27;[32mThen &amp;#27;[0m&amp;#27;[32mSuper Admin click button of class page&amp;#27;[0m                       &amp;#27;[90m# step_definitions.classs.AdminClassStepDef.superAdminClickButtonOfClassPage()&amp;#27;[0m
  &amp;#27;[32mThen &amp;#27;[0m&amp;#27;[32mSuper Admin click add new button&amp;#27;[0m                             &amp;#27;[90m# step_definitions.classs.AdminClassStepDef.superAdminClickAddNewButton()&amp;#27;[0m
  &amp;#27;[32mThen &amp;#27;[0m&amp;#27;[32mSuper Admin input &amp;#27;[0m&amp;#27;[32m&amp;#27;[1m&quot;QE Batch 9&quot;&amp;#27;[0m                               &amp;#27;[90m# step_definitions.classs.AdminClassStepDef.superAdminInput(java.lang.String)&amp;#27;[0m
  &amp;#27;[31mAnd &amp;#27;[0m&amp;#27;[31mSuper Admin choose mentor &amp;#27;[0m&amp;#27;[31m&amp;#27;[1m&quot;Fajar Sadboy&quot;&amp;#27;[0m                      &amp;#27;[90m# step_definitions.classs.AdminClassStepDef.superAdminChooseMentor(java.lang.String)&amp;#27;[0m
      &amp;#27;[31morg.openqa.selenium.NoSuchElementException: Cannot locate option with text: Fajar Sadboy
For documentation on this error, please visit: https://selenium.dev/exceptions/#no_such_element
Build info: version: &apos;4.8.0&apos;, revision: &apos;267030adea&apos;
System info: os.name: &apos;Windows 10&apos;, os.arch: &apos;amd64&apos;, os.version: &apos;10.0&apos;, java.version: &apos;15.0.2&apos;
Driver info: driver.version: unknown
	at org.openqa.selenium.support.ui.Select.selectByVisibleText(Select.java:153)
	at locator.classs.ClassPage.setMentorName(ClassPage.java:57)
	at step_definitions.classs.AdminClassStepDef.superAdminChooseMentor(AdminClassStepDef.java:41)
	at ✽.Super Admin choose mentor &quot;Fajar Sadboy&quot;(classpath:features//class/AdminCreateClass.feature:12)
&amp;#27;[0m
  &amp;#27;[36mAnd &amp;#27;[0m&amp;#27;[36mSuper Admin choose mulai &amp;#27;[0m&amp;#27;[36m&amp;#27;[1m&quot;03/01/2023&quot;&amp;#27;[0m                         &amp;#27;[90m# step_definitions.classs.AdminClassStepDef.superAdminChooseMulai(java.lang.String)&amp;#27;[0m
  &amp;#27;[36mAnd &amp;#27;[0m&amp;#27;[36mSuper Admin choose akhir &amp;#27;[0m&amp;#27;[36m&amp;#27;[1m&quot;03/31/2023&quot;&amp;#27;[0m                         &amp;#27;[90m# step_definitions.classs.AdminClassStepDef.superAdminChooseAkhir(java.lang.String)&amp;#27;[0m
  &amp;#27;[36mThen &amp;#27;[0m&amp;#27;[36mSuper Admin click save button&amp;#27;[0m                                &amp;#27;[90m# step_definitions.classs.AdminClassStepDef.superAdminClickSaveButton()&amp;#27;[0m
</system-out>
    <system-err>Starting ChromeDriver 111.0.5563.64 (c710e93d5b63b7095afe8c2c17df34408078439d-refs/branch-heads/5563@{#995}) on port 27620
Only local connections are allowed.
Please see https://chromedriver.chromium.org/security-considerations for suggestions on keeping ChromeDriver safe.
ChromeDriver was started successfully.
Mar 21, 2023 11:29:42 AM org.openqa.selenium.devtools.CdpVersionFinder findNearestMatch
WARNING: Unable to find an exact match for CDP version 111, so returning the closest version found: 109
</system-err>
  </testcase>
  <testcase classname="Create Class #1" name="Admin create new class #2" time="9.037">
    <error message="Cannot locate option with text: Fajar Sadboy
For documentation on this error, please visit: https://selenium.dev/exceptions/#no_such_element
Build info: version: &apos;4.8.0&apos;, revision: &apos;267030adea&apos;
System info: os.name: &apos;Windows 10&apos;, os.arch: &apos;amd64&apos;, os.version: &apos;10.0&apos;, java.version: &apos;15.0.2&apos;
Driver info: driver.version: unknown" type="org.openqa.selenium.NoSuchElementException">org.openqa.selenium.NoSuchElementException: Cannot locate option with text: Fajar Sadboy
For documentation on this error, please visit: https://selenium.dev/exceptions/#no_such_element
Build info: version: &apos;4.8.0&apos;, revision: &apos;267030adea&apos;
System info: os.name: &apos;Windows 10&apos;, os.arch: &apos;amd64&apos;, os.version: &apos;10.0&apos;, java.version: &apos;15.0.2&apos;
Driver info: driver.version: unknown
	at org.openqa.selenium.support.ui.Select.selectByVisibleText(Select.java:153)
	at locator.classs.ClassPage.setMentorName(ClassPage.java:57)
	at step_definitions.classs.AdminClassStepDef.superAdminChooseMentor(AdminClassStepDef.java:41)
	at ✽.Super Admin choose mentor &quot;Fajar Sadboy&quot;(classpath:features//class/AdminCreateClass.feature:12)
</error>
    <system-out>
@Automate @AdminCreate @Admin
Scenario Outline: Admin create new class                            &amp;#27;[90m# features//class/AdminCreateClass.feature:20&amp;#27;[0m
  &amp;#27;[32mGiven &amp;#27;[0m&amp;#27;[32mUser already in landing page&amp;#27;[0m                                &amp;#27;[90m# step_definitions.LogInOutSteps.userAlreadyInLandingPage()&amp;#27;[0m
  &amp;#27;[32mWhen &amp;#27;[0m&amp;#27;[32mUser input &amp;#27;[0m&amp;#27;[32m&amp;#27;[1m&quot;admin@alta.com&quot;&amp;#27;[0m&amp;#27;[32m as email and &amp;#27;[0m&amp;#27;[32m&amp;#27;[1m&quot;admin&quot;&amp;#27;[0m&amp;#27;[32m as password&amp;#27;[0m &amp;#27;[90m# step_definitions.LogInOutSteps.userInputAsEmailAndAsPassword(java.lang.String,java.lang.String)&amp;#27;[0m
  &amp;#27;[32mThen &amp;#27;[0m&amp;#27;[32mUser already in dashboard page&amp;#27;[0m                               &amp;#27;[90m# step_definitions.LogInOutSteps.userAlreadyInDashboardPage()&amp;#27;[0m
  &amp;#27;[32mThen &amp;#27;[0m&amp;#27;[32mSuper Admin click button of class page&amp;#27;[0m                       &amp;#27;[90m# step_definitions.classs.AdminClassStepDef.superAdminClickButtonOfClassPage()&amp;#27;[0m
  &amp;#27;[32mThen &amp;#27;[0m&amp;#27;[32mSuper Admin click add new button&amp;#27;[0m                             &amp;#27;[90m# step_definitions.classs.AdminClassStepDef.superAdminClickAddNewButton()&amp;#27;[0m
  &amp;#27;[32mThen &amp;#27;[0m&amp;#27;[32mSuper Admin input &amp;#27;[0m&amp;#27;[32m&amp;#27;[1m&quot;^&amp;*()_+&quot;&amp;#27;[0m                                  &amp;#27;[90m# step_definitions.classs.AdminClassStepDef.superAdminInput(java.lang.String)&amp;#27;[0m
  &amp;#27;[31mAnd &amp;#27;[0m&amp;#27;[31mSuper Admin choose mentor &amp;#27;[0m&amp;#27;[31m&amp;#27;[1m&quot;Fajar Sadboy&quot;&amp;#27;[0m                      &amp;#27;[90m# step_definitions.classs.AdminClassStepDef.superAdminChooseMentor(java.lang.String)&amp;#27;[0m
      &amp;#27;[31morg.openqa.selenium.NoSuchElementException: Cannot locate option with text: Fajar Sadboy
For documentation on this error, please visit: https://selenium.dev/exceptions/#no_such_element
Build info: version: &apos;4.8.0&apos;, revision: &apos;267030adea&apos;
System info: os.name: &apos;Windows 10&apos;, os.arch: &apos;amd64&apos;, os.version: &apos;10.0&apos;, java.version: &apos;15.0.2&apos;
Driver info: driver.version: unknown
	at org.openqa.selenium.support.ui.Select.selectByVisibleText(Select.java:153)
	at locator.classs.ClassPage.setMentorName(ClassPage.java:57)
	at step_definitions.classs.AdminClassStepDef.superAdminChooseMentor(AdminClassStepDef.java:41)
	at ✽.Super Admin choose mentor &quot;Fajar Sadboy&quot;(classpath:features//class/AdminCreateClass.feature:12)
&amp;#27;[0m
  &amp;#27;[36mAnd &amp;#27;[0m&amp;#27;[36mSuper Admin choose mulai &amp;#27;[0m&amp;#27;[36m&amp;#27;[1m&quot;03/01/2023&quot;&amp;#27;[0m                         &amp;#27;[90m# step_definitions.classs.AdminClassStepDef.superAdminChooseMulai(java.lang.String)&amp;#27;[0m
  &amp;#27;[36mAnd &amp;#27;[0m&amp;#27;[36mSuper Admin choose akhir &amp;#27;[0m&amp;#27;[36m&amp;#27;[1m&quot;03/31/2023&quot;&amp;#27;[0m                         &amp;#27;[90m# step_definitions.classs.AdminClassStepDef.superAdminChooseAkhir(java.lang.String)&amp;#27;[0m
  &amp;#27;[36mThen &amp;#27;[0m&amp;#27;[36mSuper Admin click save button&amp;#27;[0m                                &amp;#27;[90m# step_definitions.classs.AdminClassStepDef.superAdminClickSaveButton()&amp;#27;[0m
</system-out>
    <system-err>Starting ChromeDriver 111.0.5563.64 (c710e93d5b63b7095afe8c2c17df34408078439d-refs/branch-heads/5563@{#995}) on port 43789
Only local connections are allowed.
Please see https://chromedriver.chromium.org/security-considerations for suggestions on keeping ChromeDriver safe.
ChromeDriver was started successfully.
Mar 21, 2023 11:29:50 AM org.openqa.selenium.devtools.CdpVersionFinder findNearestMatch
WARNING: Unable to find an exact match for CDP version 111, so returning the closest version found: 109
</system-err>
  </testcase>
  <testcase classname="Create Class #1" name="Admin create new class #3" time="8.139">
    <error message="Cannot locate option with text: Fajar Sadboy
For documentation on this error, please visit: https://selenium.dev/exceptions/#no_such_element
Build info: version: &apos;4.8.0&apos;, revision: &apos;267030adea&apos;
System info: os.name: &apos;Windows 10&apos;, os.arch: &apos;amd64&apos;, os.version: &apos;10.0&apos;, java.version: &apos;15.0.2&apos;
Driver info: driver.version: unknown" type="org.openqa.selenium.NoSuchElementException">org.openqa.selenium.NoSuchElementException: Cannot locate option with text: Fajar Sadboy
For documentation on this error, please visit: https://selenium.dev/exceptions/#no_such_element
Build info: version: &apos;4.8.0&apos;, revision: &apos;267030adea&apos;
System info: os.name: &apos;Windows 10&apos;, os.arch: &apos;amd64&apos;, os.version: &apos;10.0&apos;, java.version: &apos;15.0.2&apos;
Driver info: driver.version: unknown
	at org.openqa.selenium.support.ui.Select.selectByVisibleText(Select.java:153)
	at locator.classs.ClassPage.setMentorName(ClassPage.java:57)
	at step_definitions.classs.AdminClassStepDef.superAdminChooseMentor(AdminClassStepDef.java:41)
	at ✽.Super Admin choose mentor &quot;Fajar Sadboy&quot;(classpath:features//class/AdminCreateClass.feature:12)
</error>
    <system-out>
@Automate @AdminCreate @Admin
Scenario Outline: Admin create new class                            &amp;#27;[90m# features//class/AdminCreateClass.feature:21&amp;#27;[0m
  &amp;#27;[32mGiven &amp;#27;[0m&amp;#27;[32mUser already in landing page&amp;#27;[0m                                &amp;#27;[90m# step_definitions.LogInOutSteps.userAlreadyInLandingPage()&amp;#27;[0m
  &amp;#27;[32mWhen &amp;#27;[0m&amp;#27;[32mUser input &amp;#27;[0m&amp;#27;[32m&amp;#27;[1m&quot;admin@alta.com&quot;&amp;#27;[0m&amp;#27;[32m as email and &amp;#27;[0m&amp;#27;[32m&amp;#27;[1m&quot;admin&quot;&amp;#27;[0m&amp;#27;[32m as password&amp;#27;[0m &amp;#27;[90m# step_definitions.LogInOutSteps.userInputAsEmailAndAsPassword(java.lang.String,java.lang.String)&amp;#27;[0m
  &amp;#27;[32mThen &amp;#27;[0m&amp;#27;[32mUser already in dashboard page&amp;#27;[0m                               &amp;#27;[90m# step_definitions.LogInOutSteps.userAlreadyInDashboardPage()&amp;#27;[0m
  &amp;#27;[32mThen &amp;#27;[0m&amp;#27;[32mSuper Admin click button of class page&amp;#27;[0m                       &amp;#27;[90m# step_definitions.classs.AdminClassStepDef.superAdminClickButtonOfClassPage()&amp;#27;[0m
  &amp;#27;[32mThen &amp;#27;[0m&amp;#27;[32mSuper Admin click add new button&amp;#27;[0m                             &amp;#27;[90m# step_definitions.classs.AdminClassStepDef.superAdminClickAddNewButton()&amp;#27;[0m
  &amp;#27;[32mThen &amp;#27;[0m&amp;#27;[32mSuper Admin input &amp;#27;[0m&amp;#27;[32m&amp;#27;[1m&quot;&quot;&amp;#27;[0m                                         &amp;#27;[90m# step_definitions.classs.AdminClassStepDef.superAdminInput(java.lang.String)&amp;#27;[0m
  &amp;#27;[31mAnd &amp;#27;[0m&amp;#27;[31mSuper Admin choose mentor &amp;#27;[0m&amp;#27;[31m&amp;#27;[1m&quot;Fajar Sadboy&quot;&amp;#27;[0m                      &amp;#27;[90m# step_definitions.classs.AdminClassStepDef.superAdminChooseMentor(java.lang.String)&amp;#27;[0m
      &amp;#27;[31morg.openqa.selenium.NoSuchElementException: Cannot locate option with text: Fajar Sadboy
For documentation on this error, please visit: https://selenium.dev/exceptions/#no_such_element
Build info: version: &apos;4.8.0&apos;, revision: &apos;267030adea&apos;
System info: os.name: &apos;Windows 10&apos;, os.arch: &apos;amd64&apos;, os.version: &apos;10.0&apos;, java.version: &apos;15.0.2&apos;
Driver info: driver.version: unknown
	at org.openqa.selenium.support.ui.Select.selectByVisibleText(Select.java:153)
	at locator.classs.ClassPage.setMentorName(ClassPage.java:57)
	at step_definitions.classs.AdminClassStepDef.superAdminChooseMentor(AdminClassStepDef.java:41)
	at ✽.Super Admin choose mentor &quot;Fajar Sadboy&quot;(classpath:features//class/AdminCreateClass.feature:12)
&amp;#27;[0m
  &amp;#27;[36mAnd &amp;#27;[0m&amp;#27;[36mSuper Admin choose mulai &amp;#27;[0m&amp;#27;[36m&amp;#27;[1m&quot;03/01/2023&quot;&amp;#27;[0m                         &amp;#27;[90m# step_definitions.classs.AdminClassStepDef.superAdminChooseMulai(java.lang.String)&amp;#27;[0m
  &amp;#27;[36mAnd &amp;#27;[0m&amp;#27;[36mSuper Admin choose akhir &amp;#27;[0m&amp;#27;[36m&amp;#27;[1m&quot;03/31/2023&quot;&amp;#27;[0m                         &amp;#27;[90m# step_definitions.classs.AdminClassStepDef.superAdminChooseAkhir(java.lang.String)&amp;#27;[0m
  &amp;#27;[36mThen &amp;#27;[0m&amp;#27;[36mSuper Admin click save button&amp;#27;[0m                                &amp;#27;[90m# step_definitions.classs.AdminClassStepDef.superAdminClickSaveButton()&amp;#27;[0m
</system-out>
    <system-err>Starting ChromeDriver 111.0.5563.64 (c710e93d5b63b7095afe8c2c17df34408078439d-refs/branch-heads/5563@{#995}) on port 33373
Only local connections are allowed.
Please see https://chromedriver.chromium.org/security-considerations for suggestions on keeping ChromeDriver safe.
ChromeDriver was started successfully.
Mar 21, 2023 11:29:59 AM org.openqa.selenium.devtools.CdpVersionFinder findNearestMatch
WARNING: Unable to find an exact match for CDP version 111, so returning the closest version found: 109
</system-err>
  </testcase>
  <testcase classname="Delete Class #1" name="Admin delete class" time="7.956"/>
  <testcase classname="Update Class #1" name="Admin update class #1" time="7.976">
    <error message="element not interactable
  (Session info: chrome=111.0.5563.65)
Build info: version: &apos;4.8.0&apos;, revision: &apos;267030adea&apos;
System info: os.name: &apos;Windows 10&apos;, os.arch: &apos;amd64&apos;, os.version: &apos;10.0&apos;, java.version: &apos;15.0.2&apos;
Driver info: org.openqa.selenium.chrome.ChromeDriver
Command: [c65c6a1f20fa08d9de5944e14f44f065, sendKeysToElement {id=f8fa2c50-cd5c-4e19-8584-c753a136602f, value=[Ljava.lang.CharSequence;@1067bc4c}]
Capabilities {acceptInsecureCerts: false, browserName: chrome, browserVersion: 111.0.5563.65, chrome: {chromedriverVersion: 111.0.5563.64 (c710e93d5b63..., userDataDir: C:\Users\mafaa\AppData\Loca...}, goog:chromeOptions: {debuggerAddress: localhost:9659}, networkConnectionEnabled: false, pageLoadStrategy: normal, platformName: WINDOWS, proxy: Proxy(), se:cdp: ws://localhost:9659/devtool..., se:cdpVersion: 111.0.5563.65, setWindowRect: true, strictFileInteractability: false, timeouts: {implicit: 0, pageLoad: 300000, script: 30000}, unhandledPromptBehavior: dismiss and notify, webauthn:extension:credBlob: true, webauthn:extension:largeBlob: true, webauthn:extension:minPinLength: true, webauthn:extension:prf: true, webauthn:virtualAuthenticators: true}
Element: [[ChromeDriver: chrome on WINDOWS (c65c6a1f20fa08d9de5944e14f44f065)] -&gt; xpath: //table[@class=&apos;w-full&apos;]/tr[1]//input[@class=&apos;mb-3 input input-bordered w-full max-w-xs&apos;]]
Session ID: c65c6a1f20fa08d9de5944e14f44f065" type="org.openqa.selenium.ElementNotInteractableException">org.openqa.selenium.ElementNotInteractableException: element not interactable
  (Session info: chrome=111.0.5563.65)
Build info: version: &apos;4.8.0&apos;, revision: &apos;267030adea&apos;
System info: os.name: &apos;Windows 10&apos;, os.arch: &apos;amd64&apos;, os.version: &apos;10.0&apos;, java.version: &apos;15.0.2&apos;
Driver info: org.openqa.selenium.chrome.ChromeDriver
Command: [c65c6a1f20fa08d9de5944e14f44f065, sendKeysToElement {id=f8fa2c50-cd5c-4e19-8584-c753a136602f, value=[Ljava.lang.CharSequence;@1067bc4c}]
Capabilities {acceptInsecureCerts: false, browserName: chrome, browserVersion: 111.0.5563.65, chrome: {chromedriverVersion: 111.0.5563.64 (c710e93d5b63..., userDataDir: C:\Users\mafaa\AppData\Loca...}, goog:chromeOptions: {debuggerAddress: localhost:9659}, networkConnectionEnabled: false, pageLoadStrategy: normal, platformName: WINDOWS, proxy: Proxy(), se:cdp: ws://localhost:9659/devtool..., se:cdpVersion: 111.0.5563.65, setWindowRect: true, strictFileInteractability: false, timeouts: {implicit: 0, pageLoad: 300000, script: 30000}, unhandledPromptBehavior: dismiss and notify, webauthn:extension:credBlob: true, webauthn:extension:largeBlob: true, webauthn:extension:minPinLength: true, webauthn:extension:prf: true, webauthn:virtualAuthenticators: true}
Element: [[ChromeDriver: chrome on WINDOWS (c65c6a1f20fa08d9de5944e14f44f065)] -&gt; xpath: //table[@class=&apos;w-full&apos;]/tr[1]//input[@class=&apos;mb-3 input input-bordered w-full max-w-xs&apos;]]
Session ID: c65c6a1f20fa08d9de5944e14f44f065
	at java.base/jdk.internal.reflect.NativeConstructorAccessorImpl.newInstance0(Native Method)
	at java.base/jdk.internal.reflect.NativeConstructorAccessorImpl.newInstance(NativeConstructorAccessorImpl.java:64)
	at java.base/jdk.internal.reflect.DelegatingConstructorAccessorImpl.newInstance(DelegatingConstructorAccessorImpl.java:45)
	at java.base/java.lang.reflect.Constructor.newInstanceWithCaller(Constructor.java:500)
	at java.base/java.lang.reflect.Constructor.newInstance(Constructor.java:481)
	at org.openqa.selenium.remote.codec.w3c.W3CHttpResponseCodec.createException(W3CHttpResponseCodec.java:200)
	at org.openqa.selenium.remote.codec.w3c.W3CHttpResponseCodec.decode(W3CHttpResponseCodec.java:133)
	at org.openqa.selenium.remote.codec.w3c.W3CHttpResponseCodec.decode(W3CHttpResponseCodec.java:53)
	at org.openqa.selenium.remote.HttpCommandExecutor.execute(HttpCommandExecutor.java:184)
	at org.openqa.selenium.remote.service.DriverCommandExecutor.invokeExecute(DriverCommandExecutor.java:167)
	at org.openqa.selenium.remote.service.DriverCommandExecutor.execute(DriverCommandExecutor.java:142)
	at org.openqa.selenium.remote.RemoteWebDriver.execute(RemoteWebDriver.java:543)
	at org.openqa.selenium.remote.RemoteWebElement.execute(RemoteWebElement.java:257)
	at org.openqa.selenium.remote.RemoteWebElement.sendKeys(RemoteWebElement.java:113)
	at jdk.internal.reflect.GeneratedMethodAccessor64.invoke(Unknown Source)
	at java.base/jdk.internal.reflect.DelegatingMethodAccessorImpl.invoke(DelegatingMethodAccessorImpl.java:43)
	at java.base/java.lang.reflect.Method.invoke(Method.java:564)
	at org.openqa.selenium.support.pagefactory.internal.LocatingElementHandler.invoke(LocatingElementHandler.java:52)
	at com.sun.proxy.$Proxy24.sendKeys(Unknown Source)
	at locator.classs.ClassPage.setFielClassName(ClassPage.java:53)
	at step_definitions.classs.AdminClassStepDef.superAdminInput(AdminClassStepDef.java:35)
	at ✽.Super Admin input &quot;QE Batch 100&quot;(classpath:features//class/AdminUpdateClass.feature:11)
</error>
    <system-out>
@Automate @AdminUpdate @Admin
Scenario Outline: Admin update class                                &amp;#27;[90m# features//class/AdminUpdateClass.feature:19&amp;#27;[0m
  &amp;#27;[32mGiven &amp;#27;[0m&amp;#27;[32mUser already in landing page&amp;#27;[0m                                &amp;#27;[90m# step_definitions.LogInOutSteps.userAlreadyInLandingPage()&amp;#27;[0m
  &amp;#27;[32mWhen &amp;#27;[0m&amp;#27;[32mUser input &amp;#27;[0m&amp;#27;[32m&amp;#27;[1m&quot;admin@alta.com&quot;&amp;#27;[0m&amp;#27;[32m as email and &amp;#27;[0m&amp;#27;[32m&amp;#27;[1m&quot;admin&quot;&amp;#27;[0m&amp;#27;[32m as password&amp;#27;[0m &amp;#27;[90m# step_definitions.LogInOutSteps.userInputAsEmailAndAsPassword(java.lang.String,java.lang.String)&amp;#27;[0m
  &amp;#27;[32mThen &amp;#27;[0m&amp;#27;[32mUser already in dashboard page&amp;#27;[0m                               &amp;#27;[90m# step_definitions.LogInOutSteps.userAlreadyInDashboardPage()&amp;#27;[0m
  &amp;#27;[32mThen &amp;#27;[0m&amp;#27;[32mSuper Admin click button of class page&amp;#27;[0m                       &amp;#27;[90m# step_definitions.classs.AdminClassStepDef.superAdminClickButtonOfClassPage()&amp;#27;[0m
  &amp;#27;[32mThen &amp;#27;[0m&amp;#27;[32mSuper Admin click edit button&amp;#27;[0m                                &amp;#27;[90m# step_definitions.classs.AdminClassStepDef.superAdminClickEditButton()&amp;#27;[0m
  &amp;#27;[31mThen &amp;#27;[0m&amp;#27;[31mSuper Admin input &amp;#27;[0m&amp;#27;[31m&amp;#27;[1m&quot;QE Batch 100&quot;&amp;#27;[0m                             &amp;#27;[90m# step_definitions.classs.AdminClassStepDef.superAdminInput(java.lang.String)&amp;#27;[0m
      &amp;#27;[31morg.openqa.selenium.ElementNotInteractableException: element not interactable
  (Session info: chrome=111.0.5563.65)
Build info: version: &apos;4.8.0&apos;, revision: &apos;267030adea&apos;
System info: os.name: &apos;Windows 10&apos;, os.arch: &apos;amd64&apos;, os.version: &apos;10.0&apos;, java.version: &apos;15.0.2&apos;
Driver info: org.openqa.selenium.chrome.ChromeDriver
Command: [c65c6a1f20fa08d9de5944e14f44f065, sendKeysToElement {id=f8fa2c50-cd5c-4e19-8584-c753a136602f, value=[Ljava.lang.CharSequence;@1067bc4c}]
Capabilities {acceptInsecureCerts: false, browserName: chrome, browserVersion: 111.0.5563.65, chrome: {chromedriverVersion: 111.0.5563.64 (c710e93d5b63..., userDataDir: C:\Users\mafaa\AppData\Loca...}, goog:chromeOptions: {debuggerAddress: localhost:9659}, networkConnectionEnabled: false, pageLoadStrategy: normal, platformName: WINDOWS, proxy: Proxy(), se:cdp: ws://localhost:9659/devtool..., se:cdpVersion: 111.0.5563.65, setWindowRect: true, strictFileInteractability: false, timeouts: {implicit: 0, pageLoad: 300000, script: 30000}, unhandledPromptBehavior: dismiss and notify, webauthn:extension:credBlob: true, webauthn:extension:largeBlob: true, webauthn:extension:minPinLength: true, webauthn:extension:prf: true, webauthn:virtualAuthenticators: true}
Element: [[ChromeDriver: chrome on WINDOWS (c65c6a1f20fa08d9de5944e14f44f065)] -&gt; xpath: //table[@class=&apos;w-full&apos;]/tr[1]//input[@class=&apos;mb-3 input input-bordered w-full max-w-xs&apos;]]
Session ID: c65c6a1f20fa08d9de5944e14f44f065
	at java.base/jdk.internal.reflect.NativeConstructorAccessorImpl.newInstance0(Native Method)
	at java.base/jdk.internal.reflect.NativeConstructorAccessorImpl.newInstance(NativeConstructorAccessorImpl.java:64)
	at java.base/jdk.internal.reflect.DelegatingConstructorAccessorImpl.newInstance(DelegatingConstructorAccessorImpl.java:45)
	at java.base/java.lang.reflect.Constructor.newInstanceWithCaller(Constructor.java:500)
	at java.base/java.lang.reflect.Constructor.newInstance(Constructor.java:481)
	at org.openqa.selenium.remote.codec.w3c.W3CHttpResponseCodec.createException(W3CHttpResponseCodec.java:200)
	at org.openqa.selenium.remote.codec.w3c.W3CHttpResponseCodec.decode(W3CHttpResponseCodec.java:133)
	at org.openqa.selenium.remote.codec.w3c.W3CHttpResponseCodec.decode(W3CHttpResponseCodec.java:53)
	at org.openqa.selenium.remote.HttpCommandExecutor.execute(HttpCommandExecutor.java:184)
	at org.openqa.selenium.remote.service.DriverCommandExecutor.invokeExecute(DriverCommandExecutor.java:167)
	at org.openqa.selenium.remote.service.DriverCommandExecutor.execute(DriverCommandExecutor.java:142)
	at org.openqa.selenium.remote.RemoteWebDriver.execute(RemoteWebDriver.java:543)
	at org.openqa.selenium.remote.RemoteWebElement.execute(RemoteWebElement.java:257)
	at org.openqa.selenium.remote.RemoteWebElement.sendKeys(RemoteWebElement.java:113)
	at jdk.internal.reflect.GeneratedMethodAccessor64.invoke(Unknown Source)
	at java.base/jdk.internal.reflect.DelegatingMethodAccessorImpl.invoke(DelegatingMethodAccessorImpl.java:43)
	at java.base/java.lang.reflect.Method.invoke(Method.java:564)
	at org.openqa.selenium.support.pagefactory.internal.LocatingElementHandler.invoke(LocatingElementHandler.java:52)
	at com.sun.proxy.$Proxy24.sendKeys(Unknown Source)
	at locator.classs.ClassPage.setFielClassName(ClassPage.java:53)
	at step_definitions.classs.AdminClassStepDef.superAdminInput(AdminClassStepDef.java:35)
	at ✽.Super Admin input &quot;QE Batch 100&quot;(classpath:features//class/AdminUpdateClass.feature:11)
&amp;#27;[0m
  &amp;#27;[36mAnd &amp;#27;[0m&amp;#27;[36mSuper Admin choose mentor &amp;#27;[0m&amp;#27;[36m&amp;#27;[1m&quot;Fajar Sadboy&quot;&amp;#27;[0m                      &amp;#27;[90m# step_definitions.classs.AdminClassStepDef.superAdminChooseMentor(java.lang.String)&amp;#27;[0m
  &amp;#27;[36mAnd &amp;#27;[0m&amp;#27;[36mSuper Admin choose mulai &amp;#27;[0m&amp;#27;[36m&amp;#27;[1m&quot;03/01/2023&quot;&amp;#27;[0m                         &amp;#27;[90m# step_definitions.classs.AdminClassStepDef.superAdminChooseMulai(java.lang.String)&amp;#27;[0m
  &amp;#27;[36mAnd &amp;#27;[0m&amp;#27;[36mSuper Admin choose akhir &amp;#27;[0m&amp;#27;[36m&amp;#27;[1m&quot;03/31/2023&quot;&amp;#27;[0m                         &amp;#27;[90m# step_definitions.classs.AdminClassStepDef.superAdminChooseAkhir(java.lang.String)&amp;#27;[0m
  &amp;#27;[36mThen &amp;#27;[0m&amp;#27;[36mSuper Admin click save button&amp;#27;[0m                                &amp;#27;[90m# step_definitions.classs.AdminClassStepDef.superAdminClickSaveButton()&amp;#27;[0m
</system-out>
    <system-err>Starting ChromeDriver 111.0.5563.64 (c710e93d5b63b7095afe8c2c17df34408078439d-refs/branch-heads/5563@{#995}) on port 22419
Only local connections are allowed.
Please see https://chromedriver.chromium.org/security-considerations for suggestions on keeping ChromeDriver safe.
ChromeDriver was started successfully.
Mar 21, 2023 11:30:15 AM org.openqa.selenium.devtools.CdpVersionFinder findNearestMatch
WARNING: Unable to find an exact match for CDP version 111, so returning the closest version found: 109
</system-err>
  </testcase>
  <testcase classname="Update Class #1" name="Admin update class #2" time="8.93">
    <error message="element not interactable
  (Session info: chrome=111.0.5563.65)
Build info: version: &apos;4.8.0&apos;, revision: &apos;267030adea&apos;
System info: os.name: &apos;Windows 10&apos;, os.arch: &apos;amd64&apos;, os.version: &apos;10.0&apos;, java.version: &apos;15.0.2&apos;
Driver info: org.openqa.selenium.chrome.ChromeDriver
Command: [d60ca3cca47878544240cda9c7210a2a, sendKeysToElement {id=d6d24bbc-3c14-4cf2-9497-07d86ec73f6c, value=[Ljava.lang.CharSequence;@6f2b608e}]
Capabilities {acceptInsecureCerts: false, browserName: chrome, browserVersion: 111.0.5563.65, chrome: {chromedriverVersion: 111.0.5563.64 (c710e93d5b63..., userDataDir: C:\Users\mafaa\AppData\Loca...}, goog:chromeOptions: {debuggerAddress: localhost:9706}, networkConnectionEnabled: false, pageLoadStrategy: normal, platformName: WINDOWS, proxy: Proxy(), se:cdp: ws://localhost:9706/devtool..., se:cdpVersion: 111.0.5563.65, setWindowRect: true, strictFileInteractability: false, timeouts: {implicit: 0, pageLoad: 300000, script: 30000}, unhandledPromptBehavior: dismiss and notify, webauthn:extension:credBlob: true, webauthn:extension:largeBlob: true, webauthn:extension:minPinLength: true, webauthn:extension:prf: true, webauthn:virtualAuthenticators: true}
Element: [[ChromeDriver: chrome on WINDOWS (d60ca3cca47878544240cda9c7210a2a)] -&gt; xpath: //table[@class=&apos;w-full&apos;]/tr[1]//input[@class=&apos;mb-3 input input-bordered w-full max-w-xs&apos;]]
Session ID: d60ca3cca47878544240cda9c7210a2a" type="org.openqa.selenium.ElementNotInteractableException">org.openqa.selenium.ElementNotInteractableException: element not interactable
  (Session info: chrome=111.0.5563.65)
Build info: version: &apos;4.8.0&apos;, revision: &apos;267030adea&apos;
System info: os.name: &apos;Windows 10&apos;, os.arch: &apos;amd64&apos;, os.version: &apos;10.0&apos;, java.version: &apos;15.0.2&apos;
Driver info: org.openqa.selenium.chrome.ChromeDriver
Command: [d60ca3cca47878544240cda9c7210a2a, sendKeysToElement {id=d6d24bbc-3c14-4cf2-9497-07d86ec73f6c, value=[Ljava.lang.CharSequence;@6f2b608e}]
Capabilities {acceptInsecureCerts: false, browserName: chrome, browserVersion: 111.0.5563.65, chrome: {chromedriverVersion: 111.0.5563.64 (c710e93d5b63..., userDataDir: C:\Users\mafaa\AppData\Loca...}, goog:chromeOptions: {debuggerAddress: localhost:9706}, networkConnectionEnabled: false, pageLoadStrategy: normal, platformName: WINDOWS, proxy: Proxy(), se:cdp: ws://localhost:9706/devtool..., se:cdpVersion: 111.0.5563.65, setWindowRect: true, strictFileInteractability: false, timeouts: {implicit: 0, pageLoad: 300000, script: 30000}, unhandledPromptBehavior: dismiss and notify, webauthn:extension:credBlob: true, webauthn:extension:largeBlob: true, webauthn:extension:minPinLength: true, webauthn:extension:prf: true, webauthn:virtualAuthenticators: true}
Element: [[ChromeDriver: chrome on WINDOWS (d60ca3cca47878544240cda9c7210a2a)] -&gt; xpath: //table[@class=&apos;w-full&apos;]/tr[1]//input[@class=&apos;mb-3 input input-bordered w-full max-w-xs&apos;]]
Session ID: d60ca3cca47878544240cda9c7210a2a
	at java.base/jdk.internal.reflect.NativeConstructorAccessorImpl.newInstance0(Native Method)
	at java.base/jdk.internal.reflect.NativeConstructorAccessorImpl.newInstance(NativeConstructorAccessorImpl.java:64)
	at java.base/jdk.internal.reflect.DelegatingConstructorAccessorImpl.newInstance(DelegatingConstructorAccessorImpl.java:45)
	at java.base/java.lang.reflect.Constructor.newInstanceWithCaller(Constructor.java:500)
	at java.base/java.lang.reflect.Constructor.newInstance(Constructor.java:481)
	at org.openqa.selenium.remote.codec.w3c.W3CHttpResponseCodec.createException(W3CHttpResponseCodec.java:200)
	at org.openqa.selenium.remote.codec.w3c.W3CHttpResponseCodec.decode(W3CHttpResponseCodec.java:133)
	at org.openqa.selenium.remote.codec.w3c.W3CHttpResponseCodec.decode(W3CHttpResponseCodec.java:53)
	at org.openqa.selenium.remote.HttpCommandExecutor.execute(HttpCommandExecutor.java:184)
	at org.openqa.selenium.remote.service.DriverCommandExecutor.invokeExecute(DriverCommandExecutor.java:167)
	at org.openqa.selenium.remote.service.DriverCommandExecutor.execute(DriverCommandExecutor.java:142)
	at org.openqa.selenium.remote.RemoteWebDriver.execute(RemoteWebDriver.java:543)
	at org.openqa.selenium.remote.RemoteWebElement.execute(RemoteWebElement.java:257)
	at org.openqa.selenium.remote.RemoteWebElement.sendKeys(RemoteWebElement.java:113)
	at jdk.internal.reflect.GeneratedMethodAccessor64.invoke(Unknown Source)
	at java.base/jdk.internal.reflect.DelegatingMethodAccessorImpl.invoke(DelegatingMethodAccessorImpl.java:43)
	at java.base/java.lang.reflect.Method.invoke(Method.java:564)
	at org.openqa.selenium.support.pagefactory.internal.LocatingElementHandler.invoke(LocatingElementHandler.java:52)
	at com.sun.proxy.$Proxy24.sendKeys(Unknown Source)
	at locator.classs.ClassPage.setFielClassName(ClassPage.java:53)
	at step_definitions.classs.AdminClassStepDef.superAdminInput(AdminClassStepDef.java:35)
	at ✽.Super Admin input &quot;^&amp;*()_+&quot;(classpath:features//class/AdminUpdateClass.feature:11)
</error>
    <system-out>
@Automate @AdminUpdate @Admin
Scenario Outline: Admin update class                                &amp;#27;[90m# features//class/AdminUpdateClass.feature:20&amp;#27;[0m
  &amp;#27;[32mGiven &amp;#27;[0m&amp;#27;[32mUser already in landing page&amp;#27;[0m                                &amp;#27;[90m# step_definitions.LogInOutSteps.userAlreadyInLandingPage()&amp;#27;[0m
  &amp;#27;[32mWhen &amp;#27;[0m&amp;#27;[32mUser input &amp;#27;[0m&amp;#27;[32m&amp;#27;[1m&quot;admin@alta.com&quot;&amp;#27;[0m&amp;#27;[32m as email and &amp;#27;[0m&amp;#27;[32m&amp;#27;[1m&quot;admin&quot;&amp;#27;[0m&amp;#27;[32m as password&amp;#27;[0m &amp;#27;[90m# step_definitions.LogInOutSteps.userInputAsEmailAndAsPassword(java.lang.String,java.lang.String)&amp;#27;[0m
  &amp;#27;[32mThen &amp;#27;[0m&amp;#27;[32mUser already in dashboard page&amp;#27;[0m                               &amp;#27;[90m# step_definitions.LogInOutSteps.userAlreadyInDashboardPage()&amp;#27;[0m
  &amp;#27;[32mThen &amp;#27;[0m&amp;#27;[32mSuper Admin click button of class page&amp;#27;[0m                       &amp;#27;[90m# step_definitions.classs.AdminClassStepDef.superAdminClickButtonOfClassPage()&amp;#27;[0m
  &amp;#27;[32mThen &amp;#27;[0m&amp;#27;[32mSuper Admin click edit button&amp;#27;[0m                                &amp;#27;[90m# step_definitions.classs.AdminClassStepDef.superAdminClickEditButton()&amp;#27;[0m
  &amp;#27;[31mThen &amp;#27;[0m&amp;#27;[31mSuper Admin input &amp;#27;[0m&amp;#27;[31m&amp;#27;[1m&quot;^&amp;*()_+&quot;&amp;#27;[0m                                  &amp;#27;[90m# step_definitions.classs.AdminClassStepDef.superAdminInput(java.lang.String)&amp;#27;[0m
      &amp;#27;[31morg.openqa.selenium.ElementNotInteractableException: element not interactable
  (Session info: chrome=111.0.5563.65)
Build info: version: &apos;4.8.0&apos;, revision: &apos;267030adea&apos;
System info: os.name: &apos;Windows 10&apos;, os.arch: &apos;amd64&apos;, os.version: &apos;10.0&apos;, java.version: &apos;15.0.2&apos;
Driver info: org.openqa.selenium.chrome.ChromeDriver
Command: [d60ca3cca47878544240cda9c7210a2a, sendKeysToElement {id=d6d24bbc-3c14-4cf2-9497-07d86ec73f6c, value=[Ljava.lang.CharSequence;@6f2b608e}]
Capabilities {acceptInsecureCerts: false, browserName: chrome, browserVersion: 111.0.5563.65, chrome: {chromedriverVersion: 111.0.5563.64 (c710e93d5b63..., userDataDir: C:\Users\mafaa\AppData\Loca...}, goog:chromeOptions: {debuggerAddress: localhost:9706}, networkConnectionEnabled: false, pageLoadStrategy: normal, platformName: WINDOWS, proxy: Proxy(), se:cdp: ws://localhost:9706/devtool..., se:cdpVersion: 111.0.5563.65, setWindowRect: true, strictFileInteractability: false, timeouts: {implicit: 0, pageLoad: 300000, script: 30000}, unhandledPromptBehavior: dismiss and notify, webauthn:extension:credBlob: true, webauthn:extension:largeBlob: true, webauthn:extension:minPinLength: true, webauthn:extension:prf: true, webauthn:virtualAuthenticators: true}
Element: [[ChromeDriver: chrome on WINDOWS (d60ca3cca47878544240cda9c7210a2a)] -&gt; xpath: //table[@class=&apos;w-full&apos;]/tr[1]//input[@class=&apos;mb-3 input input-bordered w-full max-w-xs&apos;]]
Session ID: d60ca3cca47878544240cda9c7210a2a
	at java.base/jdk.internal.reflect.NativeConstructorAccessorImpl.newInstance0(Native Method)
	at java.base/jdk.internal.reflect.NativeConstructorAccessorImpl.newInstance(NativeConstructorAccessorImpl.java:64)
	at java.base/jdk.internal.reflect.DelegatingConstructorAccessorImpl.newInstance(DelegatingConstructorAccessorImpl.java:45)
	at java.base/java.lang.reflect.Constructor.newInstanceWithCaller(Constructor.java:500)
	at java.base/java.lang.reflect.Constructor.newInstance(Constructor.java:481)
	at org.openqa.selenium.remote.codec.w3c.W3CHttpResponseCodec.createException(W3CHttpResponseCodec.java:200)
	at org.openqa.selenium.remote.codec.w3c.W3CHttpResponseCodec.decode(W3CHttpResponseCodec.java:133)
	at org.openqa.selenium.remote.codec.w3c.W3CHttpResponseCodec.decode(W3CHttpResponseCodec.java:53)
	at org.openqa.selenium.remote.HttpCommandExecutor.execute(HttpCommandExecutor.java:184)
	at org.openqa.selenium.remote.service.DriverCommandExecutor.invokeExecute(DriverCommandExecutor.java:167)
	at org.openqa.selenium.remote.service.DriverCommandExecutor.execute(DriverCommandExecutor.java:142)
	at org.openqa.selenium.remote.RemoteWebDriver.execute(RemoteWebDriver.java:543)
	at org.openqa.selenium.remote.RemoteWebElement.execute(RemoteWebElement.java:257)
	at org.openqa.selenium.remote.RemoteWebElement.sendKeys(RemoteWebElement.java:113)
	at jdk.internal.reflect.GeneratedMethodAccessor64.invoke(Unknown Source)
	at java.base/jdk.internal.reflect.DelegatingMethodAccessorImpl.invoke(DelegatingMethodAccessorImpl.java:43)
	at java.base/java.lang.reflect.Method.invoke(Method.java:564)
	at org.openqa.selenium.support.pagefactory.internal.LocatingElementHandler.invoke(LocatingElementHandler.java:52)
	at com.sun.proxy.$Proxy24.sendKeys(Unknown Source)
	at locator.classs.ClassPage.setFielClassName(ClassPage.java:53)
	at step_definitions.classs.AdminClassStepDef.superAdminInput(AdminClassStepDef.java:35)
	at ✽.Super Admin input &quot;^&amp;*()_+&quot;(classpath:features//class/AdminUpdateClass.feature:11)
&amp;#27;[0m
  &amp;#27;[36mAnd &amp;#27;[0m&amp;#27;[36mSuper Admin choose mentor &amp;#27;[0m&amp;#27;[36m&amp;#27;[1m&quot;Fajar Sadboy&quot;&amp;#27;[0m                      &amp;#27;[90m# step_definitions.classs.AdminClassStepDef.superAdminChooseMentor(java.lang.String)&amp;#27;[0m
  &amp;#27;[36mAnd &amp;#27;[0m&amp;#27;[36mSuper Admin choose mulai &amp;#27;[0m&amp;#27;[36m&amp;#27;[1m&quot;03/01/2023&quot;&amp;#27;[0m                         &amp;#27;[90m# step_definitions.classs.AdminClassStepDef.superAdminChooseMulai(java.lang.String)&amp;#27;[0m
  &amp;#27;[36mAnd &amp;#27;[0m&amp;#27;[36mSuper Admin choose akhir &amp;#27;[0m&amp;#27;[36m&amp;#27;[1m&quot;03/31/2023&quot;&amp;#27;[0m                         &amp;#27;[90m# step_definitions.classs.AdminClassStepDef.superAdminChooseAkhir(java.lang.String)&amp;#27;[0m
  &amp;#27;[36mThen &amp;#27;[0m&amp;#27;[36mSuper Admin click save button&amp;#27;[0m                                &amp;#27;[90m# step_definitions.classs.AdminClassStepDef.superAdminClickSaveButton()&amp;#27;[0m
</system-out>
    <system-err>Starting ChromeDriver 111.0.5563.64 (c710e93d5b63b7095afe8c2c17df34408078439d-refs/branch-heads/5563@{#995}) on port 23275
Only local connections are allowed.
Please see https://chromedriver.chromium.org/security-considerations for suggestions on keeping ChromeDriver safe.
ChromeDriver was started successfully.
Mar 21, 2023 11:30:23 AM org.openqa.selenium.devtools.CdpVersionFinder findNearestMatch
WARNING: Unable to find an exact match for CDP version 111, so returning the closest version found: 109
</system-err>
  </testcase>
  <testcase classname="Update Class #1" name="Admin update class #3" time="7.966">
    <error message="element not interactable
  (Session info: chrome=111.0.5563.65)
Build info: version: &apos;4.8.0&apos;, revision: &apos;267030adea&apos;
System info: os.name: &apos;Windows 10&apos;, os.arch: &apos;amd64&apos;, os.version: &apos;10.0&apos;, java.version: &apos;15.0.2&apos;
Driver info: org.openqa.selenium.chrome.ChromeDriver
Command: [1289ba30460f46cbd1b6ec60bb08b1bc, sendKeysToElement {id=e0878ced-2524-4150-ae94-9393ec651005, value=[Ljava.lang.CharSequence;@1798c749}]
Capabilities {acceptInsecureCerts: false, browserName: chrome, browserVersion: 111.0.5563.65, chrome: {chromedriverVersion: 111.0.5563.64 (c710e93d5b63..., userDataDir: C:\Users\mafaa\AppData\Loca...}, goog:chromeOptions: {debuggerAddress: localhost:9760}, networkConnectionEnabled: false, pageLoadStrategy: normal, platformName: WINDOWS, proxy: Proxy(), se:cdp: ws://localhost:9760/devtool..., se:cdpVersion: 111.0.5563.65, setWindowRect: true, strictFileInteractability: false, timeouts: {implicit: 0, pageLoad: 300000, script: 30000}, unhandledPromptBehavior: dismiss and notify, webauthn:extension:credBlob: true, webauthn:extension:largeBlob: true, webauthn:extension:minPinLength: true, webauthn:extension:prf: true, webauthn:virtualAuthenticators: true}
Element: [[ChromeDriver: chrome on WINDOWS (1289ba30460f46cbd1b6ec60bb08b1bc)] -&gt; xpath: //table[@class=&apos;w-full&apos;]/tr[1]//input[@class=&apos;mb-3 input input-bordered w-full max-w-xs&apos;]]
Session ID: 1289ba30460f46cbd1b6ec60bb08b1bc" type="org.openqa.selenium.ElementNotInteractableException">org.openqa.selenium.ElementNotInteractableException: element not interactable
  (Session info: chrome=111.0.5563.65)
Build info: version: &apos;4.8.0&apos;, revision: &apos;267030adea&apos;
System info: os.name: &apos;Windows 10&apos;, os.arch: &apos;amd64&apos;, os.version: &apos;10.0&apos;, java.version: &apos;15.0.2&apos;
Driver info: org.openqa.selenium.chrome.ChromeDriver
Command: [1289ba30460f46cbd1b6ec60bb08b1bc, sendKeysToElement {id=e0878ced-2524-4150-ae94-9393ec651005, value=[Ljava.lang.CharSequence;@1798c749}]
Capabilities {acceptInsecureCerts: false, browserName: chrome, browserVersion: 111.0.5563.65, chrome: {chromedriverVersion: 111.0.5563.64 (c710e93d5b63..., userDataDir: C:\Users\mafaa\AppData\Loca...}, goog:chromeOptions: {debuggerAddress: localhost:9760}, networkConnectionEnabled: false, pageLoadStrategy: normal, platformName: WINDOWS, proxy: Proxy(), se:cdp: ws://localhost:9760/devtool..., se:cdpVersion: 111.0.5563.65, setWindowRect: true, strictFileInteractability: false, timeouts: {implicit: 0, pageLoad: 300000, script: 30000}, unhandledPromptBehavior: dismiss and notify, webauthn:extension:credBlob: true, webauthn:extension:largeBlob: true, webauthn:extension:minPinLength: true, webauthn:extension:prf: true, webauthn:virtualAuthenticators: true}
Element: [[ChromeDriver: chrome on WINDOWS (1289ba30460f46cbd1b6ec60bb08b1bc)] -&gt; xpath: //table[@class=&apos;w-full&apos;]/tr[1]//input[@class=&apos;mb-3 input input-bordered w-full max-w-xs&apos;]]
Session ID: 1289ba30460f46cbd1b6ec60bb08b1bc
	at java.base/jdk.internal.reflect.NativeConstructorAccessorImpl.newInstance0(Native Method)
	at java.base/jdk.internal.reflect.NativeConstructorAccessorImpl.newInstance(NativeConstructorAccessorImpl.java:64)
	at java.base/jdk.internal.reflect.DelegatingConstructorAccessorImpl.newInstance(DelegatingConstructorAccessorImpl.java:45)
	at java.base/java.lang.reflect.Constructor.newInstanceWithCaller(Constructor.java:500)
	at java.base/java.lang.reflect.Constructor.newInstance(Constructor.java:481)
	at org.openqa.selenium.remote.codec.w3c.W3CHttpResponseCodec.createException(W3CHttpResponseCodec.java:200)
	at org.openqa.selenium.remote.codec.w3c.W3CHttpResponseCodec.decode(W3CHttpResponseCodec.java:133)
	at org.openqa.selenium.remote.codec.w3c.W3CHttpResponseCodec.decode(W3CHttpResponseCodec.java:53)
	at org.openqa.selenium.remote.HttpCommandExecutor.execute(HttpCommandExecutor.java:184)
	at org.openqa.selenium.remote.service.DriverCommandExecutor.invokeExecute(DriverCommandExecutor.java:167)
	at org.openqa.selenium.remote.service.DriverCommandExecutor.execute(DriverCommandExecutor.java:142)
	at org.openqa.selenium.remote.RemoteWebDriver.execute(RemoteWebDriver.java:543)
	at org.openqa.selenium.remote.RemoteWebElement.execute(RemoteWebElement.java:257)
	at org.openqa.selenium.remote.RemoteWebElement.sendKeys(RemoteWebElement.java:113)
	at jdk.internal.reflect.GeneratedMethodAccessor64.invoke(Unknown Source)
	at java.base/jdk.internal.reflect.DelegatingMethodAccessorImpl.invoke(DelegatingMethodAccessorImpl.java:43)
	at java.base/java.lang.reflect.Method.invoke(Method.java:564)
	at org.openqa.selenium.support.pagefactory.internal.LocatingElementHandler.invoke(LocatingElementHandler.java:52)
	at com.sun.proxy.$Proxy24.sendKeys(Unknown Source)
	at locator.classs.ClassPage.setFielClassName(ClassPage.java:53)
	at step_definitions.classs.AdminClassStepDef.superAdminInput(AdminClassStepDef.java:35)
	at ✽.Super Admin input &quot;&quot;(classpath:features//class/AdminUpdateClass.feature:11)
</error>
    <system-out>
@Automate @AdminUpdate @Admin
Scenario Outline: Admin update class                                &amp;#27;[90m# features//class/AdminUpdateClass.feature:21&amp;#27;[0m
  &amp;#27;[32mGiven &amp;#27;[0m&amp;#27;[32mUser already in landing page&amp;#27;[0m                                &amp;#27;[90m# step_definitions.LogInOutSteps.userAlreadyInLandingPage()&amp;#27;[0m
  &amp;#27;[32mWhen &amp;#27;[0m&amp;#27;[32mUser input &amp;#27;[0m&amp;#27;[32m&amp;#27;[1m&quot;admin@alta.com&quot;&amp;#27;[0m&amp;#27;[32m as email and &amp;#27;[0m&amp;#27;[32m&amp;#27;[1m&quot;admin&quot;&amp;#27;[0m&amp;#27;[32m as password&amp;#27;[0m &amp;#27;[90m# step_definitions.LogInOutSteps.userInputAsEmailAndAsPassword(java.lang.String,java.lang.String)&amp;#27;[0m
  &amp;#27;[32mThen &amp;#27;[0m&amp;#27;[32mUser already in dashboard page&amp;#27;[0m                               &amp;#27;[90m# step_definitions.LogInOutSteps.userAlreadyInDashboardPage()&amp;#27;[0m
  &amp;#27;[32mThen &amp;#27;[0m&amp;#27;[32mSuper Admin click button of class page&amp;#27;[0m                       &amp;#27;[90m# step_definitions.classs.AdminClassStepDef.superAdminClickButtonOfClassPage()&amp;#27;[0m
  &amp;#27;[32mThen &amp;#27;[0m&amp;#27;[32mSuper Admin click edit button&amp;#27;[0m                                &amp;#27;[90m# step_definitions.classs.AdminClassStepDef.superAdminClickEditButton()&amp;#27;[0m
  &amp;#27;[31mThen &amp;#27;[0m&amp;#27;[31mSuper Admin input &amp;#27;[0m&amp;#27;[31m&amp;#27;[1m&quot;&quot;&amp;#27;[0m                                         &amp;#27;[90m# step_definitions.classs.AdminClassStepDef.superAdminInput(java.lang.String)&amp;#27;[0m
      &amp;#27;[31morg.openqa.selenium.ElementNotInteractableException: element not interactable
  (Session info: chrome=111.0.5563.65)
Build info: version: &apos;4.8.0&apos;, revision: &apos;267030adea&apos;
System info: os.name: &apos;Windows 10&apos;, os.arch: &apos;amd64&apos;, os.version: &apos;10.0&apos;, java.version: &apos;15.0.2&apos;
Driver info: org.openqa.selenium.chrome.ChromeDriver
Command: [1289ba30460f46cbd1b6ec60bb08b1bc, sendKeysToElement {id=e0878ced-2524-4150-ae94-9393ec651005, value=[Ljava.lang.CharSequence;@1798c749}]
Capabilities {acceptInsecureCerts: false, browserName: chrome, browserVersion: 111.0.5563.65, chrome: {chromedriverVersion: 111.0.5563.64 (c710e93d5b63..., userDataDir: C:\Users\mafaa\AppData\Loca...}, goog:chromeOptions: {debuggerAddress: localhost:9760}, networkConnectionEnabled: false, pageLoadStrategy: normal, platformName: WINDOWS, proxy: Proxy(), se:cdp: ws://localhost:9760/devtool..., se:cdpVersion: 111.0.5563.65, setWindowRect: true, strictFileInteractability: false, timeouts: {implicit: 0, pageLoad: 300000, script: 30000}, unhandledPromptBehavior: dismiss and notify, webauthn:extension:credBlob: true, webauthn:extension:largeBlob: true, webauthn:extension:minPinLength: true, webauthn:extension:prf: true, webauthn:virtualAuthenticators: true}
Element: [[ChromeDriver: chrome on WINDOWS (1289ba30460f46cbd1b6ec60bb08b1bc)] -&gt; xpath: //table[@class=&apos;w-full&apos;]/tr[1]//input[@class=&apos;mb-3 input input-bordered w-full max-w-xs&apos;]]
Session ID: 1289ba30460f46cbd1b6ec60bb08b1bc
	at java.base/jdk.internal.reflect.NativeConstructorAccessorImpl.newInstance0(Native Method)
	at java.base/jdk.internal.reflect.NativeConstructorAccessorImpl.newInstance(NativeConstructorAccessorImpl.java:64)
	at java.base/jdk.internal.reflect.DelegatingConstructorAccessorImpl.newInstance(DelegatingConstructorAccessorImpl.java:45)
	at java.base/java.lang.reflect.Constructor.newInstanceWithCaller(Constructor.java:500)
	at java.base/java.lang.reflect.Constructor.newInstance(Constructor.java:481)
	at org.openqa.selenium.remote.codec.w3c.W3CHttpResponseCodec.createException(W3CHttpResponseCodec.java:200)
	at org.openqa.selenium.remote.codec.w3c.W3CHttpResponseCodec.decode(W3CHttpResponseCodec.java:133)
	at org.openqa.selenium.remote.codec.w3c.W3CHttpResponseCodec.decode(W3CHttpResponseCodec.java:53)
	at org.openqa.selenium.remote.HttpCommandExecutor.execute(HttpCommandExecutor.java:184)
	at org.openqa.selenium.remote.service.DriverCommandExecutor.invokeExecute(DriverCommandExecutor.java:167)
	at org.openqa.selenium.remote.service.DriverCommandExecutor.execute(DriverCommandExecutor.java:142)
	at org.openqa.selenium.remote.RemoteWebDriver.execute(RemoteWebDriver.java:543)
	at org.openqa.selenium.remote.RemoteWebElement.execute(RemoteWebElement.java:257)
	at org.openqa.selenium.remote.RemoteWebElement.sendKeys(RemoteWebElement.java:113)
	at jdk.internal.reflect.GeneratedMethodAccessor64.invoke(Unknown Source)
	at java.base/jdk.internal.reflect.DelegatingMethodAccessorImpl.invoke(DelegatingMethodAccessorImpl.java:43)
	at java.base/java.lang.reflect.Method.invoke(Method.java:564)
	at org.openqa.selenium.support.pagefactory.internal.LocatingElementHandler.invoke(LocatingElementHandler.java:52)
	at com.sun.proxy.$Proxy24.sendKeys(Unknown Source)
	at locator.classs.ClassPage.setFielClassName(ClassPage.java:53)
	at step_definitions.classs.AdminClassStepDef.superAdminInput(AdminClassStepDef.java:35)
	at ✽.Super Admin input &quot;&quot;(classpath:features//class/AdminUpdateClass.feature:11)
&amp;#27;[0m
  &amp;#27;[36mAnd &amp;#27;[0m&amp;#27;[36mSuper Admin choose mentor &amp;#27;[0m&amp;#27;[36m&amp;#27;[1m&quot;Fajar Sadboy&quot;&amp;#27;[0m                      &amp;#27;[90m# step_definitions.classs.AdminClassStepDef.superAdminChooseMentor(java.lang.String)&amp;#27;[0m
  &amp;#27;[36mAnd &amp;#27;[0m&amp;#27;[36mSuper Admin choose mulai &amp;#27;[0m&amp;#27;[36m&amp;#27;[1m&quot;03/01/2023&quot;&amp;#27;[0m                         &amp;#27;[90m# step_definitions.classs.AdminClassStepDef.superAdminChooseMulai(java.lang.String)&amp;#27;[0m
  &amp;#27;[36mAnd &amp;#27;[0m&amp;#27;[36mSuper Admin choose akhir &amp;#27;[0m&amp;#27;[36m&amp;#27;[1m&quot;03/31/2023&quot;&amp;#27;[0m                         &amp;#27;[90m# step_definitions.classs.AdminClassStepDef.superAdminChooseAkhir(java.lang.String)&amp;#27;[0m
  &amp;#27;[36mThen &amp;#27;[0m&amp;#27;[36mSuper Admin click save button&amp;#27;[0m                                &amp;#27;[90m# step_definitions.classs.AdminClassStepDef.superAdminClickSaveButton()&amp;#27;[0m
</system-out>
    <system-err>Starting ChromeDriver 111.0.5563.64 (c710e93d5b63b7095afe8c2c17df34408078439d-refs/branch-heads/5563@{#995}) on port 34933
Only local connections are allowed.
Please see https://chromedriver.chromium.org/security-considerations for suggestions on keeping ChromeDriver safe.
ChromeDriver was started successfully.
Mar 21, 2023 11:30:32 AM org.openqa.selenium.devtools.CdpVersionFinder findNearestMatch
WARNING: Unable to find an exact match for CDP version 111, so returning the closest version found: 109
</system-err>
  </testcase>
  <testcase classname="Create Class #2" name="User create new class #1" time="22.984"/>
  <testcase classname="Create Class #2" name="User create new class #2" time="22.251"/>
  <testcase classname="Create Class #2" name="User create new class #3" time="22.303"/>
  <testcase classname="Delete Class #2" name="User delete class" time="12.994"/>
  <testcase classname="Update Class #2" name="User update class #1" time="23.178"/>
  <testcase classname="Update Class #2" name="User update class #2" time="23.237"/>
  <testcase classname="Update Class #2" name="User update class #3" time="22.206"/>
  <testcase classname="Create new mentee" name="Create valid new mentee" time="18.939"/>
  <testcase classname="Create new mentee" name="Create blank new mentee" time="18.891"/>
  <testcase classname="Delete user" name="Delete user" time="9.939"/>
  <testcase classname="Use filter feature in mentee page" name=" #1" time="13.971">
    <error message="Cannot locate option with text: Unit 3
For documentation on this error, please visit: https://selenium.dev/exceptions/#no_such_element
Build info: version: &apos;4.8.0&apos;, revision: &apos;267030adea&apos;
System info: os.name: &apos;Windows 10&apos;, os.arch: &apos;amd64&apos;, os.version: &apos;10.0&apos;, java.version: &apos;15.0.2&apos;
Driver info: driver.version: unknown" type="org.openqa.selenium.NoSuchElementException">org.openqa.selenium.NoSuchElementException: Cannot locate option with text: Unit 3
For documentation on this error, please visit: https://selenium.dev/exceptions/#no_such_element
Build info: version: &apos;4.8.0&apos;, revision: &apos;267030adea&apos;
System info: os.name: &apos;Windows 10&apos;, os.arch: &apos;amd64&apos;, os.version: &apos;10.0&apos;, java.version: &apos;15.0.2&apos;
Driver info: driver.version: unknown
	at org.openqa.selenium.support.ui.Select.selectByVisibleText(Select.java:153)
	at locator.mentee.FilterPage.statusFilter(FilterPage.java:33)
	at step_definitions.FilterSteps.userChooseAsStatus(FilterSteps.java:26)
	at ✽.User choose &quot;Unit 3&quot; as status(classpath:features//mentee/Filter.feature:10)
</error>
    <system-out>
@Filter @Automate
Scenario Outline:                                                   &amp;#27;[90m# features//mentee/Filter.feature:14&amp;#27;[0m
  &amp;#27;[32mGiven &amp;#27;[0m&amp;#27;[32mUser already in landing page&amp;#27;[0m                                &amp;#27;[90m# step_definitions.LogInOutSteps.userAlreadyInLandingPage()&amp;#27;[0m
  &amp;#27;[32mWhen &amp;#27;[0m&amp;#27;[32mUser input &amp;#27;[0m&amp;#27;[32m&amp;#27;[1m&quot;admin@alta.com&quot;&amp;#27;[0m&amp;#27;[32m as email and &amp;#27;[0m&amp;#27;[32m&amp;#27;[1m&quot;admin&quot;&amp;#27;[0m&amp;#27;[32m as password&amp;#27;[0m &amp;#27;[90m# step_definitions.LogInOutSteps.userInputAsEmailAndAsPassword(java.lang.String,java.lang.String)&amp;#27;[0m
  &amp;#27;[32mAnd &amp;#27;[0m&amp;#27;[32mUser already mentee page&amp;#27;[0m                                      &amp;#27;[90m# step_definitions.mentee.CreateSteps.userAlreadyMenteePage()&amp;#27;[0m
  &amp;#27;[32mThen &amp;#27;[0m&amp;#27;[32mUser choose &amp;#27;[0m&amp;#27;[32m&amp;#27;[1m&quot;p&quot;&amp;#27;[0m&amp;#27;[32m as class&amp;#27;[0m                                     &amp;#27;[90m# step_definitions.FilterSteps.userInputAsClassAsStatusAsCategoryFilterUserChoose(java.lang.String)&amp;#27;[0m
  &amp;#27;[31mAnd &amp;#27;[0m&amp;#27;[31mUser choose &amp;#27;[0m&amp;#27;[31m&amp;#27;[1m&quot;Unit 3&quot;&amp;#27;[0m&amp;#27;[31m as status&amp;#27;[0m                                &amp;#27;[90m# step_definitions.FilterSteps.userChooseAsStatus(java.lang.String)&amp;#27;[0m
      &amp;#27;[31morg.openqa.selenium.NoSuchElementException: Cannot locate option with text: Unit 3
For documentation on this error, please visit: https://selenium.dev/exceptions/#no_such_element
Build info: version: &apos;4.8.0&apos;, revision: &apos;267030adea&apos;
System info: os.name: &apos;Windows 10&apos;, os.arch: &apos;amd64&apos;, os.version: &apos;10.0&apos;, java.version: &apos;15.0.2&apos;
Driver info: driver.version: unknown
	at org.openqa.selenium.support.ui.Select.selectByVisibleText(Select.java:153)
	at locator.mentee.FilterPage.statusFilter(FilterPage.java:33)
	at step_definitions.FilterSteps.userChooseAsStatus(FilterSteps.java:26)
	at ✽.User choose &quot;Unit 3&quot; as status(classpath:features//mentee/Filter.feature:10)
&amp;#27;[0m
  &amp;#27;[36mThen &amp;#27;[0m&amp;#27;[36mUser choose &amp;#27;[0m&amp;#27;[36m&amp;#27;[1m&quot;Informatics&quot;&amp;#27;[0m&amp;#27;[36m as category&amp;#27;[0m                        &amp;#27;[90m# step_definitions.FilterSteps.userChooseAsCategory(java.lang.String)&amp;#27;[0m
</system-out>
    <system-err>Starting ChromeDriver 111.0.5563.64 (c710e93d5b63b7095afe8c2c17df34408078439d-refs/branch-heads/5563@{#995}) on port 18415
Only local connections are allowed.
Please see https://chromedriver.chromium.org/security-considerations for suggestions on keeping ChromeDriver safe.
ChromeDriver was started successfully.
Mar 21, 2023 11:33:57 AM org.openqa.selenium.devtools.CdpVersionFinder findNearestMatch
WARNING: Unable to find an exact match for CDP version 111, so returning the closest version found: 109
</system-err>
  </testcase>
  <testcase classname="Use filter feature in mentee page" name=" #2" time="10.004">
    <error message="Cannot locate option with text: 
For documentation on this error, please visit: https://selenium.dev/exceptions/#no_such_element
Build info: version: &apos;4.8.0&apos;, revision: &apos;267030adea&apos;
System info: os.name: &apos;Windows 10&apos;, os.arch: &apos;amd64&apos;, os.version: &apos;10.0&apos;, java.version: &apos;15.0.2&apos;
Driver info: driver.version: unknown" type="org.openqa.selenium.NoSuchElementException">org.openqa.selenium.NoSuchElementException: Cannot locate option with text: 
For documentation on this error, please visit: https://selenium.dev/exceptions/#no_such_element
Build info: version: &apos;4.8.0&apos;, revision: &apos;267030adea&apos;
System info: os.name: &apos;Windows 10&apos;, os.arch: &apos;amd64&apos;, os.version: &apos;10.0&apos;, java.version: &apos;15.0.2&apos;
Driver info: driver.version: unknown
	at org.openqa.selenium.support.ui.Select.selectByVisibleText(Select.java:153)
	at locator.mentee.FilterPage.kelasFilter(FilterPage.java:28)
	at step_definitions.FilterSteps.userInputAsClassAsStatusAsCategoryFilterUserChoose(FilterSteps.java:19)
	at ✽.User choose &quot;&quot; as class(classpath:features//mentee/Filter.feature:9)
</error>
    <system-out>
@Filter @Automate
Scenario Outline:                                                   &amp;#27;[90m# features//mentee/Filter.feature:15&amp;#27;[0m
  &amp;#27;[32mGiven &amp;#27;[0m&amp;#27;[32mUser already in landing page&amp;#27;[0m                                &amp;#27;[90m# step_definitions.LogInOutSteps.userAlreadyInLandingPage()&amp;#27;[0m
  &amp;#27;[32mWhen &amp;#27;[0m&amp;#27;[32mUser input &amp;#27;[0m&amp;#27;[32m&amp;#27;[1m&quot;admin@alta.com&quot;&amp;#27;[0m&amp;#27;[32m as email and &amp;#27;[0m&amp;#27;[32m&amp;#27;[1m&quot;admin&quot;&amp;#27;[0m&amp;#27;[32m as password&amp;#27;[0m &amp;#27;[90m# step_definitions.LogInOutSteps.userInputAsEmailAndAsPassword(java.lang.String,java.lang.String)&amp;#27;[0m
  &amp;#27;[32mAnd &amp;#27;[0m&amp;#27;[32mUser already mentee page&amp;#27;[0m                                      &amp;#27;[90m# step_definitions.mentee.CreateSteps.userAlreadyMenteePage()&amp;#27;[0m
  &amp;#27;[31mThen &amp;#27;[0m&amp;#27;[31mUser choose &amp;#27;[0m&amp;#27;[31m&amp;#27;[1m&quot;&quot;&amp;#27;[0m&amp;#27;[31m as class&amp;#27;[0m                                      &amp;#27;[90m# step_definitions.FilterSteps.userInputAsClassAsStatusAsCategoryFilterUserChoose(java.lang.String)&amp;#27;[0m
      &amp;#27;[31morg.openqa.selenium.NoSuchElementException: Cannot locate option with text: 
For documentation on this error, please visit: https://selenium.dev/exceptions/#no_such_element
Build info: version: &apos;4.8.0&apos;, revision: &apos;267030adea&apos;
System info: os.name: &apos;Windows 10&apos;, os.arch: &apos;amd64&apos;, os.version: &apos;10.0&apos;, java.version: &apos;15.0.2&apos;
Driver info: driver.version: unknown
	at org.openqa.selenium.support.ui.Select.selectByVisibleText(Select.java:153)
	at locator.mentee.FilterPage.kelasFilter(FilterPage.java:28)
	at step_definitions.FilterSteps.userInputAsClassAsStatusAsCategoryFilterUserChoose(FilterSteps.java:19)
	at ✽.User choose &quot;&quot; as class(classpath:features//mentee/Filter.feature:9)
&amp;#27;[0m
  &amp;#27;[36mAnd &amp;#27;[0m&amp;#27;[36mUser choose &amp;#27;[0m&amp;#27;[36m&amp;#27;[1m&quot;Placement&quot;&amp;#27;[0m&amp;#27;[36m as status&amp;#27;[0m                             &amp;#27;[90m# step_definitions.FilterSteps.userChooseAsStatus(java.lang.String)&amp;#27;[0m
  &amp;#27;[36mThen &amp;#27;[0m&amp;#27;[36mUser choose &amp;#27;[0m&amp;#27;[36m&amp;#27;[1m&quot;Non-Informatics&quot;&amp;#27;[0m&amp;#27;[36m as category&amp;#27;[0m                    &amp;#27;[90m# step_definitions.FilterSteps.userChooseAsCategory(java.lang.String)&amp;#27;[0m
</system-out>
    <system-err>Starting ChromeDriver 111.0.5563.64 (c710e93d5b63b7095afe8c2c17df34408078439d-refs/branch-heads/5563@{#995}) on port 31181
Only local connections are allowed.
Please see https://chromedriver.chromium.org/security-considerations for suggestions on keeping ChromeDriver safe.
ChromeDriver was started successfully.
Mar 21, 2023 11:34:11 AM org.openqa.selenium.devtools.CdpVersionFinder findNearestMatch
WARNING: Unable to find an exact match for CDP version 111, so returning the closest version found: 109
</system-err>
  </testcase>
  <testcase classname="Use filter feature in mentee page" name=" #3" time="10.774">
    <error message="Cannot locate option with text: 
For documentation on this error, please visit: https://selenium.dev/exceptions/#no_such_element
Build info: version: &apos;4.8.0&apos;, revision: &apos;267030adea&apos;
System info: os.name: &apos;Windows 10&apos;, os.arch: &apos;amd64&apos;, os.version: &apos;10.0&apos;, java.version: &apos;15.0.2&apos;
Driver info: driver.version: unknown" type="org.openqa.selenium.NoSuchElementException">org.openqa.selenium.NoSuchElementException: Cannot locate option with text: 
For documentation on this error, please visit: https://selenium.dev/exceptions/#no_such_element
Build info: version: &apos;4.8.0&apos;, revision: &apos;267030adea&apos;
System info: os.name: &apos;Windows 10&apos;, os.arch: &apos;amd64&apos;, os.version: &apos;10.0&apos;, java.version: &apos;15.0.2&apos;
Driver info: driver.version: unknown
	at org.openqa.selenium.support.ui.Select.selectByVisibleText(Select.java:153)
	at locator.mentee.FilterPage.kelasFilter(FilterPage.java:28)
	at step_definitions.FilterSteps.userInputAsClassAsStatusAsCategoryFilterUserChoose(FilterSteps.java:19)
	at ✽.User choose &quot;&quot; as class(classpath:features//mentee/Filter.feature:9)
</error>
    <system-out>
@Filter @Automate
Scenario Outline:                                                   &amp;#27;[90m# features//mentee/Filter.feature:16&amp;#27;[0m
  &amp;#27;[32mGiven &amp;#27;[0m&amp;#27;[32mUser already in landing page&amp;#27;[0m                                &amp;#27;[90m# step_definitions.LogInOutSteps.userAlreadyInLandingPage()&amp;#27;[0m
  &amp;#27;[32mWhen &amp;#27;[0m&amp;#27;[32mUser input &amp;#27;[0m&amp;#27;[32m&amp;#27;[1m&quot;admin@alta.com&quot;&amp;#27;[0m&amp;#27;[32m as email and &amp;#27;[0m&amp;#27;[32m&amp;#27;[1m&quot;admin&quot;&amp;#27;[0m&amp;#27;[32m as password&amp;#27;[0m &amp;#27;[90m# step_definitions.LogInOutSteps.userInputAsEmailAndAsPassword(java.lang.String,java.lang.String)&amp;#27;[0m
  &amp;#27;[32mAnd &amp;#27;[0m&amp;#27;[32mUser already mentee page&amp;#27;[0m                                      &amp;#27;[90m# step_definitions.mentee.CreateSteps.userAlreadyMenteePage()&amp;#27;[0m
  &amp;#27;[31mThen &amp;#27;[0m&amp;#27;[31mUser choose &amp;#27;[0m&amp;#27;[31m&amp;#27;[1m&quot;&quot;&amp;#27;[0m&amp;#27;[31m as class&amp;#27;[0m                                      &amp;#27;[90m# step_definitions.FilterSteps.userInputAsClassAsStatusAsCategoryFilterUserChoose(java.lang.String)&amp;#27;[0m
      &amp;#27;[31morg.openqa.selenium.NoSuchElementException: Cannot locate option with text: 
For documentation on this error, please visit: https://selenium.dev/exceptions/#no_such_element
Build info: version: &apos;4.8.0&apos;, revision: &apos;267030adea&apos;
System info: os.name: &apos;Windows 10&apos;, os.arch: &apos;amd64&apos;, os.version: &apos;10.0&apos;, java.version: &apos;15.0.2&apos;
Driver info: driver.version: unknown
	at org.openqa.selenium.support.ui.Select.selectByVisibleText(Select.java:153)
	at locator.mentee.FilterPage.kelasFilter(FilterPage.java:28)
	at step_definitions.FilterSteps.userInputAsClassAsStatusAsCategoryFilterUserChoose(FilterSteps.java:19)
	at ✽.User choose &quot;&quot; as class(classpath:features//mentee/Filter.feature:9)
&amp;#27;[0m
  &amp;#27;[36mAnd &amp;#27;[0m&amp;#27;[36mUser choose &amp;#27;[0m&amp;#27;[36m&amp;#27;[1m&quot;Interview&quot;&amp;#27;[0m&amp;#27;[36m as status&amp;#27;[0m                             &amp;#27;[90m# step_definitions.FilterSteps.userChooseAsStatus(java.lang.String)&amp;#27;[0m
  &amp;#27;[36mThen &amp;#27;[0m&amp;#27;[36mUser choose &amp;#27;[0m&amp;#27;[36m&amp;#27;[1m&quot;&quot;&amp;#27;[0m&amp;#27;[36m as category&amp;#27;[0m                                   &amp;#27;[90m# step_definitions.FilterSteps.userChooseAsCategory(java.lang.String)&amp;#27;[0m
</system-out>
    <system-err>Starting ChromeDriver 111.0.5563.64 (c710e93d5b63b7095afe8c2c17df34408078439d-refs/branch-heads/5563@{#995}) on port 8702
Only local connections are allowed.
Please see https://chromedriver.chromium.org/security-considerations for suggestions on keeping ChromeDriver safe.
ChromeDriver was started successfully.
Mar 21, 2023 11:34:21 AM org.openqa.selenium.devtools.CdpVersionFinder findNearestMatch
WARNING: Unable to find an exact match for CDP version 111, so returning the closest version found: 109
</system-err>
  </testcase>
  <testcase classname="Add log in mentee" name="Add new log in mentee" time="9.929"/>
  <testcase classname="Read data mentee" name="Read added new mentee" time="9.953"/>
  <testcase classname="Search user" name="Searching name user #1" time="10.888"/>
  <testcase classname="Search user" name="Searching name user #2" time="9.94"/>
  <testcase classname="Search user" name="Searching name user #3" time="9.988"/>
  <testcase classname="Search user" name="Searching invalid user #1" time="10.954"/>
  <testcase classname="Search user" name="Searching invalid user #2" time="10.97"/>
  <testcase classname="Search user" name="Searching invalid user #3" time="10.855"/>
  <testcase classname="Update mentee" name="Update mentee" time="10.637">
    <error message="invalid selector: Unable to locate an element with the xpath expression tbody &gt; tr:nth-of-type(1) [d=&apos;M880 836H144c-17.7 0-32 14.3-32 32v36c0 4.4 3.6 8 8 8h784c4.4 0 8-3.6 8-8v-36c0-17.7-14.3-32-32-32zm-622.3-84c2 0 4-.2 6-.5L431.9 722c2-.4 3.9-1.3 5.3-2.8l423.9-423.9a9.96 9.96 0 0 0 0-14.1L694.9 114.9c-1.9-1.9-4.4-2.9-7.1-2.9s-5.2 1-7.1 2.9L256.8 538.8c-1.5 1.5-2.4 3.3-2.8 5.3l-29.5 168.2a33.5 33.5 0 0 0 9.4 29.8c6.6 6.4 14.9 9.9 23.8 9.9z&apos;] because of the following error:
SyntaxError: Failed to execute &apos;evaluate&apos; on &apos;Document&apos;: The string &apos;tbody &gt; tr:nth-of-type(1) [d=&apos;M880 836H144c-17.7 0-32 14.3-32 32v36c0 4.4 3.6 8 8 8h784c4.4 0 8-3.6 8-8v-36c0-17.7-14.3-32-32-32zm-622.3-84c2 0 4-.2 6-.5L431.9 722c2-.4 3.9-1.3 5.3-2.8l423.9-423.9a9.96 9.96 0 0 0 0-14.1L694.9 114.9c-1.9-1.9-4.4-2.9-7.1-2.9s-5.2 1-7.1 2.9L256.8 538.8c-1.5 1.5-2.4 3.3-2.8 5.3l-29.5 168.2a33.5 33.5 0 0 0 9.4 29.8c6.6 6.4 14.9 9.9 23.8 9.9z&apos;]&apos; is not a valid XPath expression.
  (Session info: chrome=111.0.5563.65)
For documentation on this error, please visit: https://selenium.dev/exceptions/#invalid_selector_exception
Build info: version: &apos;4.8.0&apos;, revision: &apos;267030adea&apos;
System info: os.name: &apos;Windows 10&apos;, os.arch: &apos;amd64&apos;, os.version: &apos;10.0&apos;, java.version: &apos;15.0.2&apos;
Driver info: org.openqa.selenium.chrome.ChromeDriver
Command: [c1d13aab396bc1973d0aaacdff3cd282, findElement {using=xpath, value=tbody &gt; tr:nth-of-type(1) [d=&apos;M880 836H144c-17.7 0-32 14.3-32 32v36c0 4.4 3.6 8 8 8h784c4.4 0 8-3.6 8-8v-36c0-17.7-14.3-32-32-32zm-622.3-84c2 0 4-.2 6-.5L431.9 722c2-.4 3.9-1.3 5.3-2.8l423.9-423.9a9.96 9.96 0 0 0 0-14.1L694.9 114.9c-1.9-1.9-4.4-2.9-7.1-2.9s-5.2 1-7.1 2.9L256.8 538.8c-1.5 1.5-2.4 3.3-2.8 5.3l-29.5 168.2a33.5 33.5 0 0 0 9.4 29.8c6.6 6.4 14.9 9.9 23.8 9.9z&apos;]}]
Capabilities {acceptInsecureCerts: false, browserName: chrome, browserVersion: 111.0.5563.65, chrome: {chromedriverVersion: 111.0.5563.64 (c710e93d5b63..., userDataDir: C:\Users\mafaa\AppData\Loca...}, goog:chromeOptions: {debuggerAddress: localhost:11323}, networkConnectionEnabled: false, pageLoadStrategy: normal, platformName: WINDOWS, proxy: Proxy(), se:cdp: ws://localhost:11323/devtoo..., se:cdpVersion: 111.0.5563.65, setWindowRect: true, strictFileInteractability: false, timeouts: {implicit: 0, pageLoad: 300000, script: 30000}, unhandledPromptBehavior: dismiss and notify, webauthn:extension:credBlob: true, webauthn:extension:largeBlob: true, webauthn:extension:minPinLength: true, webauthn:extension:prf: true, webauthn:virtualAuthenticators: true}
Session ID: c1d13aab396bc1973d0aaacdff3cd282" type="org.openqa.selenium.InvalidSelectorException">org.openqa.selenium.InvalidSelectorException: invalid selector: Unable to locate an element with the xpath expression tbody &gt; tr:nth-of-type(1) [d=&apos;M880 836H144c-17.7 0-32 14.3-32 32v36c0 4.4 3.6 8 8 8h784c4.4 0 8-3.6 8-8v-36c0-17.7-14.3-32-32-32zm-622.3-84c2 0 4-.2 6-.5L431.9 722c2-.4 3.9-1.3 5.3-2.8l423.9-423.9a9.96 9.96 0 0 0 0-14.1L694.9 114.9c-1.9-1.9-4.4-2.9-7.1-2.9s-5.2 1-7.1 2.9L256.8 538.8c-1.5 1.5-2.4 3.3-2.8 5.3l-29.5 168.2a33.5 33.5 0 0 0 9.4 29.8c6.6 6.4 14.9 9.9 23.8 9.9z&apos;] because of the following error:
SyntaxError: Failed to execute &apos;evaluate&apos; on &apos;Document&apos;: The string &apos;tbody &gt; tr:nth-of-type(1) [d=&apos;M880 836H144c-17.7 0-32 14.3-32 32v36c0 4.4 3.6 8 8 8h784c4.4 0 8-3.6 8-8v-36c0-17.7-14.3-32-32-32zm-622.3-84c2 0 4-.2 6-.5L431.9 722c2-.4 3.9-1.3 5.3-2.8l423.9-423.9a9.96 9.96 0 0 0 0-14.1L694.9 114.9c-1.9-1.9-4.4-2.9-7.1-2.9s-5.2 1-7.1 2.9L256.8 538.8c-1.5 1.5-2.4 3.3-2.8 5.3l-29.5 168.2a33.5 33.5 0 0 0 9.4 29.8c6.6 6.4 14.9 9.9 23.8 9.9z&apos;]&apos; is not a valid XPath expression.
  (Session info: chrome=111.0.5563.65)
For documentation on this error, please visit: https://selenium.dev/exceptions/#invalid_selector_exception
Build info: version: &apos;4.8.0&apos;, revision: &apos;267030adea&apos;
System info: os.name: &apos;Windows 10&apos;, os.arch: &apos;amd64&apos;, os.version: &apos;10.0&apos;, java.version: &apos;15.0.2&apos;
Driver info: org.openqa.selenium.chrome.ChromeDriver
Command: [c1d13aab396bc1973d0aaacdff3cd282, findElement {using=xpath, value=tbody &gt; tr:nth-of-type(1) [d=&apos;M880 836H144c-17.7 0-32 14.3-32 32v36c0 4.4 3.6 8 8 8h784c4.4 0 8-3.6 8-8v-36c0-17.7-14.3-32-32-32zm-622.3-84c2 0 4-.2 6-.5L431.9 722c2-.4 3.9-1.3 5.3-2.8l423.9-423.9a9.96 9.96 0 0 0 0-14.1L694.9 114.9c-1.9-1.9-4.4-2.9-7.1-2.9s-5.2 1-7.1 2.9L256.8 538.8c-1.5 1.5-2.4 3.3-2.8 5.3l-29.5 168.2a33.5 33.5 0 0 0 9.4 29.8c6.6 6.4 14.9 9.9 23.8 9.9z&apos;]}]
Capabilities {acceptInsecureCerts: false, browserName: chrome, browserVersion: 111.0.5563.65, chrome: {chromedriverVersion: 111.0.5563.64 (c710e93d5b63..., userDataDir: C:\Users\mafaa\AppData\Loca...}, goog:chromeOptions: {debuggerAddress: localhost:11323}, networkConnectionEnabled: false, pageLoadStrategy: normal, platformName: WINDOWS, proxy: Proxy(), se:cdp: ws://localhost:11323/devtoo..., se:cdpVersion: 111.0.5563.65, setWindowRect: true, strictFileInteractability: false, timeouts: {implicit: 0, pageLoad: 300000, script: 30000}, unhandledPromptBehavior: dismiss and notify, webauthn:extension:credBlob: true, webauthn:extension:largeBlob: true, webauthn:extension:minPinLength: true, webauthn:extension:prf: true, webauthn:virtualAuthenticators: true}
Session ID: c1d13aab396bc1973d0aaacdff3cd282
	at java.base/jdk.internal.reflect.NativeConstructorAccessorImpl.newInstance0(Native Method)
	at java.base/jdk.internal.reflect.NativeConstructorAccessorImpl.newInstance(NativeConstructorAccessorImpl.java:64)
	at java.base/jdk.internal.reflect.DelegatingConstructorAccessorImpl.newInstance(DelegatingConstructorAccessorImpl.java:45)
	at java.base/java.lang.reflect.Constructor.newInstanceWithCaller(Constructor.java:500)
	at java.base/java.lang.reflect.Constructor.newInstance(Constructor.java:481)
	at org.openqa.selenium.remote.codec.w3c.W3CHttpResponseCodec.createException(W3CHttpResponseCodec.java:200)
	at org.openqa.selenium.remote.codec.w3c.W3CHttpResponseCodec.decode(W3CHttpResponseCodec.java:133)
	at org.openqa.selenium.remote.codec.w3c.W3CHttpResponseCodec.decode(W3CHttpResponseCodec.java:53)
	at org.openqa.selenium.remote.HttpCommandExecutor.execute(HttpCommandExecutor.java:184)
	at org.openqa.selenium.remote.service.DriverCommandExecutor.invokeExecute(DriverCommandExecutor.java:167)
	at org.openqa.selenium.remote.service.DriverCommandExecutor.execute(DriverCommandExecutor.java:142)
	at org.openqa.selenium.remote.RemoteWebDriver.execute(RemoteWebDriver.java:543)
	at org.openqa.selenium.remote.ElementLocation$ElementFinder$2.findElement(ElementLocation.java:162)
	at org.openqa.selenium.remote.ElementLocation.findElement(ElementLocation.java:60)
	at org.openqa.selenium.remote.RemoteWebDriver.findElement(RemoteWebDriver.java:352)
	at org.openqa.selenium.remote.RemoteWebDriver.findElement(RemoteWebDriver.java:344)
	at org.openqa.selenium.support.pagefactory.DefaultElementLocator.findElement(DefaultElementLocator.java:70)
	at org.openqa.selenium.support.pagefactory.internal.LocatingElementHandler.invoke(LocatingElementHandler.java:39)
	at com.sun.proxy.$Proxy24.click(Unknown Source)
	at locator.mentee.UpdatePage.pencilIcon(UpdatePage.java:40)
	at step_definitions.mentee.UpdateSteps.userClickPencilIcon(UpdateSteps.java:20)
	at ✽.User click pencil icon(classpath:features//mentee/Update.feature:9)
</error>
    <system-out>
@Update @Automate
Scenario: Update mentee                                                                           &amp;#27;[90m# features//mentee/Update.feature:5&amp;#27;[0m
  &amp;#27;[32mGiven &amp;#27;[0m&amp;#27;[32mUser already in landing page&amp;#27;[0m                                                              &amp;#27;[90m# step_definitions.LogInOutSteps.userAlreadyInLandingPage()&amp;#27;[0m
  &amp;#27;[32mWhen &amp;#27;[0m&amp;#27;[32mUser input &amp;#27;[0m&amp;#27;[32m&amp;#27;[1m&quot;admin@alta.com&quot;&amp;#27;[0m&amp;#27;[32m as email and &amp;#27;[0m&amp;#27;[32m&amp;#27;[1m&quot;admin&quot;&amp;#27;[0m&amp;#27;[32m as password&amp;#27;[0m                               &amp;#27;[90m# step_definitions.LogInOutSteps.userInputAsEmailAndAsPassword(java.lang.String,java.lang.String)&amp;#27;[0m
  &amp;#27;[32mAnd &amp;#27;[0m&amp;#27;[32mUser already mentee page&amp;#27;[0m                                                                    &amp;#27;[90m# step_definitions.mentee.CreateSteps.userAlreadyMenteePage()&amp;#27;[0m
  &amp;#27;[31mAnd &amp;#27;[0m&amp;#27;[31mUser click pencil icon&amp;#27;[0m                                                                      &amp;#27;[90m# step_definitions.mentee.UpdateSteps.userClickPencilIcon()&amp;#27;[0m
      &amp;#27;[31morg.openqa.selenium.InvalidSelectorException: invalid selector: Unable to locate an element with the xpath expression tbody &gt; tr:nth-of-type(1) [d=&apos;M880 836H144c-17.7 0-32 14.3-32 32v36c0 4.4 3.6 8 8 8h784c4.4 0 8-3.6 8-8v-36c0-17.7-14.3-32-32-32zm-622.3-84c2 0 4-.2 6-.5L431.9 722c2-.4 3.9-1.3 5.3-2.8l423.9-423.9a9.96 9.96 0 0 0 0-14.1L694.9 114.9c-1.9-1.9-4.4-2.9-7.1-2.9s-5.2 1-7.1 2.9L256.8 538.8c-1.5 1.5-2.4 3.3-2.8 5.3l-29.5 168.2a33.5 33.5 0 0 0 9.4 29.8c6.6 6.4 14.9 9.9 23.8 9.9z&apos;] because of the following error:
SyntaxError: Failed to execute &apos;evaluate&apos; on &apos;Document&apos;: The string &apos;tbody &gt; tr:nth-of-type(1) [d=&apos;M880 836H144c-17.7 0-32 14.3-32 32v36c0 4.4 3.6 8 8 8h784c4.4 0 8-3.6 8-8v-36c0-17.7-14.3-32-32-32zm-622.3-84c2 0 4-.2 6-.5L431.9 722c2-.4 3.9-1.3 5.3-2.8l423.9-423.9a9.96 9.96 0 0 0 0-14.1L694.9 114.9c-1.9-1.9-4.4-2.9-7.1-2.9s-5.2 1-7.1 2.9L256.8 538.8c-1.5 1.5-2.4 3.3-2.8 5.3l-29.5 168.2a33.5 33.5 0 0 0 9.4 29.8c6.6 6.4 14.9 9.9 23.8 9.9z&apos;]&apos; is not a valid XPath expression.
  (Session info: chrome=111.0.5563.65)
For documentation on this error, please visit: https://selenium.dev/exceptions/#invalid_selector_exception
Build info: version: &apos;4.8.0&apos;, revision: &apos;267030adea&apos;
System info: os.name: &apos;Windows 10&apos;, os.arch: &apos;amd64&apos;, os.version: &apos;10.0&apos;, java.version: &apos;15.0.2&apos;
Driver info: org.openqa.selenium.chrome.ChromeDriver
Command: [c1d13aab396bc1973d0aaacdff3cd282, findElement {using=xpath, value=tbody &gt; tr:nth-of-type(1) [d=&apos;M880 836H144c-17.7 0-32 14.3-32 32v36c0 4.4 3.6 8 8 8h784c4.4 0 8-3.6 8-8v-36c0-17.7-14.3-32-32-32zm-622.3-84c2 0 4-.2 6-.5L431.9 722c2-.4 3.9-1.3 5.3-2.8l423.9-423.9a9.96 9.96 0 0 0 0-14.1L694.9 114.9c-1.9-1.9-4.4-2.9-7.1-2.9s-5.2 1-7.1 2.9L256.8 538.8c-1.5 1.5-2.4 3.3-2.8 5.3l-29.5 168.2a33.5 33.5 0 0 0 9.4 29.8c6.6 6.4 14.9 9.9 23.8 9.9z&apos;]}]
Capabilities {acceptInsecureCerts: false, browserName: chrome, browserVersion: 111.0.5563.65, chrome: {chromedriverVersion: 111.0.5563.64 (c710e93d5b63..., userDataDir: C:\Users\mafaa\AppData\Loca...}, goog:chromeOptions: {debuggerAddress: localhost:11323}, networkConnectionEnabled: false, pageLoadStrategy: normal, platformName: WINDOWS, proxy: Proxy(), se:cdp: ws://localhost:11323/devtoo..., se:cdpVersion: 111.0.5563.65, setWindowRect: true, strictFileInteractability: false, timeouts: {implicit: 0, pageLoad: 300000, script: 30000}, unhandledPromptBehavior: dismiss and notify, webauthn:extension:credBlob: true, webauthn:extension:largeBlob: true, webauthn:extension:minPinLength: true, webauthn:extension:prf: true, webauthn:virtualAuthenticators: true}
Session ID: c1d13aab396bc1973d0aaacdff3cd282
	at java.base/jdk.internal.reflect.NativeConstructorAccessorImpl.newInstance0(Native Method)
	at java.base/jdk.internal.reflect.NativeConstructorAccessorImpl.newInstance(NativeConstructorAccessorImpl.java:64)
	at java.base/jdk.internal.reflect.DelegatingConstructorAccessorImpl.newInstance(DelegatingConstructorAccessorImpl.java:45)
	at java.base/java.lang.reflect.Constructor.newInstanceWithCaller(Constructor.java:500)
	at java.base/java.lang.reflect.Constructor.newInstance(Constructor.java:481)
	at org.openqa.selenium.remote.codec.w3c.W3CHttpResponseCodec.createException(W3CHttpResponseCodec.java:200)
	at org.openqa.selenium.remote.codec.w3c.W3CHttpResponseCodec.decode(W3CHttpResponseCodec.java:133)
	at org.openqa.selenium.remote.codec.w3c.W3CHttpResponseCodec.decode(W3CHttpResponseCodec.java:53)
	at org.openqa.selenium.remote.HttpCommandExecutor.execute(HttpCommandExecutor.java:184)
	at org.openqa.selenium.remote.service.DriverCommandExecutor.invokeExecute(DriverCommandExecutor.java:167)
	at org.openqa.selenium.remote.service.DriverCommandExecutor.execute(DriverCommandExecutor.java:142)
	at org.openqa.selenium.remote.RemoteWebDriver.execute(RemoteWebDriver.java:543)
	at org.openqa.selenium.remote.ElementLocation$ElementFinder$2.findElement(ElementLocation.java:162)
	at org.openqa.selenium.remote.ElementLocation.findElement(ElementLocation.java:60)
	at org.openqa.selenium.remote.RemoteWebDriver.findElement(RemoteWebDriver.java:352)
	at org.openqa.selenium.remote.RemoteWebDriver.findElement(RemoteWebDriver.java:344)
	at org.openqa.selenium.support.pagefactory.DefaultElementLocator.findElement(DefaultElementLocator.java:70)
	at org.openqa.selenium.support.pagefactory.internal.LocatingElementHandler.invoke(LocatingElementHandler.java:39)
	at com.sun.proxy.$Proxy24.click(Unknown Source)
	at locator.mentee.UpdatePage.pencilIcon(UpdatePage.java:40)
	at step_definitions.mentee.UpdateSteps.userClickPencilIcon(UpdateSteps.java:20)
	at ✽.User click pencil icon(classpath:features//mentee/Update.feature:9)
&amp;#27;[0m
  &amp;#27;[36mThen &amp;#27;[0m&amp;#27;[36mUpdate &amp;#27;[0m&amp;#27;[36m&amp;#27;[1m&quot;Syntia&quot;&amp;#27;[0m&amp;#27;[36m as name &amp;#27;[0m&amp;#27;[36m&amp;#27;[1m&quot;Placement&quot;&amp;#27;[0m&amp;#27;[36m as status Non-informatics as category female as gender&amp;#27;[0m &amp;#27;[90m# step_definitions.mentee.UpdateSteps.updateAsNameAsStatusNonInformaticsAsCategoryFemaleAsGender(java.lang.String,java.lang.String)&amp;#27;[0m
  &amp;#27;[36mAnd &amp;#27;[0m&amp;#27;[36mClick save button&amp;#27;[0m                                                                           &amp;#27;[90m# step_definitions.mentee.CreateSteps.clickSaveButton()&amp;#27;[0m
  &amp;#27;[36mThen &amp;#27;[0m&amp;#27;[36mUser already add in mentee list&amp;#27;[0m                                                            &amp;#27;[90m# step_definitions.mentee.UpdateSteps.userAlreadyAddInMenteeList()&amp;#27;[0m
</system-out>
    <system-err>Starting ChromeDriver 111.0.5563.64 (c710e93d5b63b7095afe8c2c17df34408078439d-refs/branch-heads/5563@{#995}) on port 10648
Only local connections are allowed.
Please see https://chromedriver.chromium.org/security-considerations for suggestions on keeping ChromeDriver safe.
ChromeDriver was started successfully.
Mar 21, 2023 11:35:55 AM org.openqa.selenium.devtools.CdpVersionFinder findNearestMatch
WARNING: Unable to find an exact match for CDP version 111, so returning the closest version found: 109
</system-err>
  </testcase>
</testsuite>